#
# There is insufficient memory for the Java Runtime Environment to continue.
# Native memory allocation (malloc) failed to allocate 1153520 bytes for Chunk::new
# Possible reasons:
#   The system is out of physical RAM or swap space
#   The process is running with CompressedOops enabled, and the Java Heap may be blocking the growth of the native heap
# Possible solutions:
#   Reduce memory load on the system
#   Increase physical memory or swap space
#   Check if swap backing store is full
#   Decrease Java heap size (-Xmx/-Xms)
#   Decrease number of Java threads
#   Decrease Java thread stack sizes (-Xss)
#   Set larger code cache with -XX:ReservedCodeCacheSize=
#   JVM is running with Zero Based Compressed Oops mode in which the Java heap is
#     placed in the first 32GB address space. The Java Heap base address is the
#     maximum limit for the native heap growth. Please use -XX:HeapBaseMinAddress
#     to set the Java Heap base and to place the Java Heap above 32GB virtual address.
# This output file may be truncated or incomplete.
#
#  Out of Memory Error (arena.cpp:189), pid=11604, tid=15164
#
# JRE version: OpenJDK Runtime Environment (17.0.1+12) (build 17.0.1+12-39)
# Java VM: OpenJDK 64-Bit Server VM (17.0.1+12-39, mixed mode, sharing, tiered, compressed oops, compressed class ptrs, g1 gc, windows-amd64)
# No core dump will be written. Minidumps are not enabled by default on client versions of Windows
#

---------------  S U M M A R Y ------------

Command Line: -Dmaven.multiModuleProjectDirectory=D:\4bhitm\ITP\git-latest-5bhitm\backend org.apache.maven.wrapper.MavenWrapperMain clean compile quarkus:dev

Host: AMD Ryzen 5 4600H with Radeon Graphics         , 12 cores, 15G,  Windows 10 , 64 bit Build 19041 (10.0.19041.2251)
Time: Wed Dec  7 20:31:51 2022 Mitteleuropäische Zeit elapsed time: 21.989774 seconds (0d 0h 0m 21s)

---------------  T H R E A D  ---------------

Current thread (0x0000016ab87c7730):  JavaThread "C2 CompilerThread0" daemon [_thread_in_native, id=15164, stack(0x000000669af00000,0x000000669b000000)]


Current CompileTask:
C2:  21989 8454       4       org.eclipse.aether.util.graph.selector.AndDependencySelector::deriveChildSelector (219 bytes)

Stack: [0x000000669af00000,0x000000669b000000]
Native frames: (J=compiled Java code, j=interpreted, Vv=VM code, C=native code)
V  [jvm.dll+0x66fa1a]
V  [jvm.dll+0x7ce5a4]
V  [jvm.dll+0x7cfd4e]
V  [jvm.dll+0x7d03b3]
V  [jvm.dll+0x242b05]
V  [jvm.dll+0xaa05b]
V  [jvm.dll+0xaa5ec]
V  [jvm.dll+0x35fa07]
V  [jvm.dll+0x1b9732]
V  [jvm.dll+0x215d49]
V  [jvm.dll+0x215011]
V  [jvm.dll+0x1a168d]
V  [jvm.dll+0x224848]
V  [jvm.dll+0x2229ac]
V  [jvm.dll+0x78435b]
V  [jvm.dll+0x77e91a]
V  [jvm.dll+0x66e845]
C  [ucrtbase.dll+0x21bb2]
C  [KERNEL32.DLL+0x174b4]
C  [ntdll.dll+0x526a1]


---------------  P R O C E S S  ---------------

Threads class SMR info:
_java_thread_list=0x0000016abbbc0db0, length=13, elements={
0x0000016a95be0f10, 0x0000016ab879e000, 0x0000016ab879fc80, 0x0000016ab87b7a60,
0x0000016ab87b8c20, 0x0000016ab87b97e0, 0x0000016ab87ba190, 0x0000016ab87c7730,
0x0000016ab87d01e0, 0x0000016ab87d13e0, 0x0000016ab923ffa0, 0x0000016ab92442d0,
0x0000016abc1649a0
}

Java Threads: ( => current thread )
  0x0000016a95be0f10 JavaThread "main" [_thread_blocked, id=3680, stack(0x000000669a200000,0x000000669a300000)]
  0x0000016ab879e000 JavaThread "Reference Handler" daemon [_thread_blocked, id=16532, stack(0x000000669a900000,0x000000669aa00000)]
  0x0000016ab879fc80 JavaThread "Finalizer" daemon [_thread_blocked, id=12468, stack(0x000000669aa00000,0x000000669ab00000)]
  0x0000016ab87b7a60 JavaThread "Signal Dispatcher" daemon [_thread_blocked, id=20108, stack(0x000000669ab00000,0x000000669ac00000)]
  0x0000016ab87b8c20 JavaThread "Attach Listener" daemon [_thread_blocked, id=13992, stack(0x000000669ac00000,0x000000669ad00000)]
  0x0000016ab87b97e0 JavaThread "Service Thread" daemon [_thread_blocked, id=2824, stack(0x000000669ad00000,0x000000669ae00000)]
  0x0000016ab87ba190 JavaThread "Monitor Deflation Thread" daemon [_thread_blocked, id=3332, stack(0x000000669ae00000,0x000000669af00000)]
=>0x0000016ab87c7730 JavaThread "C2 CompilerThread0" daemon [_thread_in_native, id=15164, stack(0x000000669af00000,0x000000669b000000)]
  0x0000016ab87d01e0 JavaThread "C1 CompilerThread0" daemon [_thread_blocked, id=12196, stack(0x000000669b000000,0x000000669b100000)]
  0x0000016ab87d13e0 JavaThread "Sweeper thread" daemon [_thread_blocked, id=24620, stack(0x000000669b100000,0x000000669b200000)]
  0x0000016ab923ffa0 JavaThread "Notification Thread" daemon [_thread_blocked, id=12264, stack(0x000000669b200000,0x000000669b300000)]
  0x0000016ab92442d0 JavaThread "Common-Cleaner" daemon [_thread_blocked, id=18936, stack(0x000000669b400000,0x000000669b500000)]
  0x0000016abc1649a0 JavaThread "C2 CompilerThread1" daemon [_thread_in_native, id=15820, stack(0x000000669be00000,0x000000669bf00000)]

Other Threads:
  0x0000016ab87994f0 VMThread "VM Thread" [stack: 0x000000669a800000,0x000000669a900000] [id=19164]
  0x0000016a95c571b0 WatcherThread [stack: 0x000000669b300000,0x000000669b400000] [id=25824]
  0x0000016a95c30630 GCTaskThread "GC Thread#0" [stack: 0x000000669a300000,0x000000669a400000] [id=18400]
  0x0000016ab9ef4720 GCTaskThread "GC Thread#1" [stack: 0x000000669b700000,0x000000669b800000] [id=24320]
  0x0000016ab9b1cf30 GCTaskThread "GC Thread#2" [stack: 0x000000669b800000,0x000000669b900000] [id=16148]
  0x0000016ab9b8fd20 GCTaskThread "GC Thread#3" [stack: 0x000000669b900000,0x000000669ba00000] [id=11388]
  0x0000016ab9b903d0 GCTaskThread "GC Thread#4" [stack: 0x000000669ba00000,0x000000669bb00000] [id=7868]
  0x0000016aba0bec30 GCTaskThread "GC Thread#5" [stack: 0x000000669bb00000,0x000000669bc00000] [id=15688]
  0x0000016aba0bf2f0 GCTaskThread "GC Thread#6" [stack: 0x000000669bc00000,0x000000669bd00000] [id=9224]
  0x0000016aba0bf5a0 GCTaskThread "GC Thread#7" [stack: 0x000000669bd00000,0x000000669be00000] [id=20080]
  0x0000016aba16fd50 GCTaskThread "GC Thread#8" [stack: 0x000000669b500000,0x000000669b600000] [id=8948]
  0x0000016aba170000 GCTaskThread "GC Thread#9" [stack: 0x000000669b600000,0x000000669b700000] [id=12184]
  0x0000016a95c40b70 ConcurrentGCThread "G1 Main Marker" [stack: 0x000000669a400000,0x000000669a500000] [id=26220]
  0x0000016a95c43c30 ConcurrentGCThread "G1 Conc#0" [stack: 0x000000669a500000,0x000000669a600000] [id=23164]
  0x0000016abdff5db0 ConcurrentGCThread "G1 Conc#1" [stack: 0x000000669c000000,0x000000669c100000] [id=17008]
  0x0000016abdff75e0 ConcurrentGCThread "G1 Conc#2" [stack: 0x000000669c100000,0x000000669c200000] [id=2156]
  0x0000016a95cbe9b0 ConcurrentGCThread "G1 Refine#0" [stack: 0x000000669a600000,0x000000669a700000] [id=24192]
  0x0000016ab86554d0 ConcurrentGCThread "G1 Service" [stack: 0x000000669a700000,0x000000669a800000] [id=15152]

Threads with active compile tasks:
C2 CompilerThread0    22024 8454       4       org.eclipse.aether.util.graph.selector.AndDependencySelector::deriveChildSelector (219 bytes)
C2 CompilerThread1    22024 8464       4       org.eclipse.aether.util.graph.transformer.ConflictMarker$Key::hashCode (77 bytes)

VM state: not at safepoint (normal execution)

VM Mutex/Monitor currently owned by a thread: None

Heap address: 0x000000070a000000, size: 3936 MB, Compressed Oops mode: Zero based, Oop shift amount: 3

CDS archive(s) mapped at: [0x0000000800000000-0x0000000800bc0000-0x0000000800bc0000), size 12320768, SharedBaseAddress: 0x0000000800000000, ArchiveRelocationMode: 0.
Compressed class space mapped at: 0x0000000800c00000-0x0000000840c00000, reserved size: 1073741824
Narrow klass base: 0x0000000800000000, Narrow klass shift: 0, Narrow klass range: 0x100000000

GC Precious Log:
 CPUs: 12 total, 12 available
 Memory: 15741M
 Large Page Support: Disabled
 NUMA Support: Disabled
 Compressed Oops: Enabled (Zero based)
 Heap Region Size: 2M
 Heap Min Capacity: 8M
 Heap Initial Capacity: 246M
 Heap Max Capacity: 3936M
 Pre-touch: Disabled
 Parallel Workers: 10
 Concurrent Workers: 3
 Concurrent Refinement Workers: 10
 Periodic GC: Disabled

Heap:
 garbage-first heap   total 763904K, used 271374K [0x000000070a000000, 0x0000000800000000)
  region size 2048K, 45 young (92160K), 5 survivors (10240K)
 Metaspace       used 32526K, committed 32960K, reserved 1081344K
  class space    used 3542K, committed 3712K, reserved 1048576K

Heap Regions: E=young(eden), S=young(survivor), O=old, HS=humongous(starts), HC=humongous(continues), CS=collection set, F=free, OA=open archive, CA=closed archive, TAMS=top-at-mark-start (previous, next)
|   0|0x000000070a000000, 0x000000070a200000, 0x000000070a200000|100%| O|  |TAMS 0x000000070a200000, 0x000000070a200000| Untracked 
|   1|0x000000070a200000, 0x000000070a400000, 0x000000070a400000|100%| O|  |TAMS 0x000000070a400000, 0x000000070a400000| Untracked 
|   2|0x000000070a400000, 0x000000070a600000, 0x000000070a600000|100%| O|  |TAMS 0x000000070a600000, 0x000000070a600000| Untracked 
|   3|0x000000070a600000, 0x000000070a800000, 0x000000070a800000|100%| O|  |TAMS 0x000000070a800000, 0x000000070a800000| Untracked 
|   4|0x000000070a800000, 0x000000070aa00000, 0x000000070aa00000|100%| O|  |TAMS 0x000000070aa00000, 0x000000070aa00000| Untracked 
|   5|0x000000070aa00000, 0x000000070ac00000, 0x000000070ac00000|100%| O|  |TAMS 0x000000070ac00000, 0x000000070ac00000| Untracked 
|   6|0x000000070ac00000, 0x000000070ae00000, 0x000000070ae00000|100%| O|  |TAMS 0x000000070ae00000, 0x000000070ae00000| Untracked 
|   7|0x000000070ae00000, 0x000000070b000000, 0x000000070b000000|100%| O|  |TAMS 0x000000070b000000, 0x000000070b000000| Untracked 
|   8|0x000000070b000000, 0x000000070b200000, 0x000000070b200000|100%| O|  |TAMS 0x000000070b200000, 0x000000070b200000| Untracked 
|   9|0x000000070b200000, 0x000000070b400000, 0x000000070b400000|100%| O|  |TAMS 0x000000070b400000, 0x000000070b400000| Untracked 
|  10|0x000000070b400000, 0x000000070b600000, 0x000000070b600000|100%| O|  |TAMS 0x000000070b600000, 0x000000070b600000| Untracked 
|  11|0x000000070b600000, 0x000000070b800000, 0x000000070b800000|100%|HS|  |TAMS 0x000000070b800000, 0x000000070b800000| Complete 
|  12|0x000000070b800000, 0x000000070ba00000, 0x000000070ba00000|100%| O|  |TAMS 0x000000070ba00000, 0x000000070ba00000| Untracked 
|  13|0x000000070ba00000, 0x000000070bc00000, 0x000000070bc00000|100%| O|  |TAMS 0x000000070bc00000, 0x000000070bc00000| Untracked 
|  14|0x000000070bc00000, 0x000000070be00000, 0x000000070be00000|100%| O|  |TAMS 0x000000070be00000, 0x000000070be00000| Untracked 
|  15|0x000000070be00000, 0x000000070c000000, 0x000000070c000000|100%| O|  |TAMS 0x000000070c000000, 0x000000070c000000| Untracked 
|  16|0x000000070c000000, 0x000000070c200000, 0x000000070c200000|100%| O|  |TAMS 0x000000070c200000, 0x000000070c200000| Untracked 
|  17|0x000000070c200000, 0x000000070c400000, 0x000000070c400000|100%| O|  |TAMS 0x000000070c400000, 0x000000070c400000| Untracked 
|  18|0x000000070c400000, 0x000000070c600000, 0x000000070c600000|100%| O|  |TAMS 0x000000070c600000, 0x000000070c600000| Untracked 
|  19|0x000000070c600000, 0x000000070c800000, 0x000000070c800000|100%| O|  |TAMS 0x000000070c800000, 0x000000070c800000| Untracked 
|  20|0x000000070c800000, 0x000000070ca00000, 0x000000070ca00000|100%| O|  |TAMS 0x000000070ca00000, 0x000000070ca00000| Untracked 
|  21|0x000000070ca00000, 0x000000070cc00000, 0x000000070cc00000|100%| O|  |TAMS 0x000000070cc00000, 0x000000070cc00000| Untracked 
|  22|0x000000070cc00000, 0x000000070ce00000, 0x000000070ce00000|100%| O|  |TAMS 0x000000070ce00000, 0x000000070ce00000| Untracked 
|  23|0x000000070ce00000, 0x000000070d000000, 0x000000070d000000|100%| O|  |TAMS 0x000000070d000000, 0x000000070d000000| Untracked 
|  24|0x000000070d000000, 0x000000070d200000, 0x000000070d200000|100%| O|  |TAMS 0x000000070d200000, 0x000000070d200000| Untracked 
|  25|0x000000070d200000, 0x000000070d400000, 0x000000070d400000|100%| O|  |TAMS 0x000000070d400000, 0x000000070d400000| Untracked 
|  26|0x000000070d400000, 0x000000070d600000, 0x000000070d600000|100%| O|  |TAMS 0x000000070d600000, 0x000000070d600000| Untracked 
|  27|0x000000070d600000, 0x000000070d800000, 0x000000070d800000|100%| O|  |TAMS 0x000000070d800000, 0x000000070d800000| Untracked 
|  28|0x000000070d800000, 0x000000070da00000, 0x000000070da00000|100%| O|  |TAMS 0x000000070da00000, 0x000000070da00000| Untracked 
|  29|0x000000070da00000, 0x000000070dc00000, 0x000000070dc00000|100%| O|  |TAMS 0x000000070dc00000, 0x000000070dc00000| Untracked 
|  30|0x000000070dc00000, 0x000000070de00000, 0x000000070de00000|100%| O|  |TAMS 0x000000070de00000, 0x000000070de00000| Untracked 
|  31|0x000000070de00000, 0x000000070e000000, 0x000000070e000000|100%|HS|  |TAMS 0x000000070e000000, 0x000000070e000000| Complete 
|  32|0x000000070e000000, 0x000000070e200000, 0x000000070e200000|100%| O|  |TAMS 0x000000070e200000, 0x000000070e200000| Untracked 
|  33|0x000000070e200000, 0x000000070e400000, 0x000000070e400000|100%| O|  |TAMS 0x000000070e400000, 0x000000070e400000| Untracked 
|  34|0x000000070e400000, 0x000000070e600000, 0x000000070e600000|100%| O|  |TAMS 0x000000070e600000, 0x000000070e600000| Untracked 
|  35|0x000000070e600000, 0x000000070e800000, 0x000000070e800000|100%| O|  |TAMS 0x000000070e800000, 0x000000070e800000| Untracked 
|  36|0x000000070e800000, 0x000000070ea00000, 0x000000070ea00000|100%| O|  |TAMS 0x000000070ea00000, 0x000000070ea00000| Untracked 
|  37|0x000000070ea00000, 0x000000070ec00000, 0x000000070ec00000|100%| O|  |TAMS 0x000000070ec00000, 0x000000070ec00000| Untracked 
|  38|0x000000070ec00000, 0x000000070ee00000, 0x000000070ee00000|100%| O|  |TAMS 0x000000070ee00000, 0x000000070ee00000| Untracked 
|  39|0x000000070ee00000, 0x000000070f000000, 0x000000070f000000|100%| O|  |TAMS 0x000000070f000000, 0x000000070f000000| Untracked 
|  40|0x000000070f000000, 0x000000070f200000, 0x000000070f200000|100%| O|  |TAMS 0x000000070f200000, 0x000000070f200000| Untracked 
|  41|0x000000070f200000, 0x000000070f400000, 0x000000070f400000|100%| O|  |TAMS 0x000000070f400000, 0x000000070f400000| Untracked 
|  42|0x000000070f400000, 0x000000070f600000, 0x000000070f600000|100%| O|  |TAMS 0x000000070f600000, 0x000000070f600000| Untracked 
|  43|0x000000070f600000, 0x000000070f800000, 0x000000070f800000|100%| O|  |TAMS 0x000000070f800000, 0x000000070f800000| Untracked 
|  44|0x000000070f800000, 0x000000070fa00000, 0x000000070fa00000|100%|HS|  |TAMS 0x000000070f800000, 0x000000070f800000| Complete 
|  45|0x000000070fa00000, 0x000000070fc00000, 0x000000070fc00000|100%| O|  |TAMS 0x000000070fc00000, 0x000000070fc00000| Untracked 
|  46|0x000000070fc00000, 0x000000070fe00000, 0x000000070fe00000|100%| O|  |TAMS 0x000000070fe00000, 0x000000070fe00000| Untracked 
|  47|0x000000070fe00000, 0x0000000710000000, 0x0000000710000000|100%| O|  |TAMS 0x0000000710000000, 0x0000000710000000| Untracked 
|  48|0x0000000710000000, 0x0000000710200000, 0x0000000710200000|100%| O|  |TAMS 0x0000000710200000, 0x0000000710200000| Untracked 
|  49|0x0000000710200000, 0x0000000710400000, 0x0000000710400000|100%| O|  |TAMS 0x0000000710400000, 0x0000000710400000| Untracked 
|  50|0x0000000710400000, 0x0000000710600000, 0x0000000710600000|100%| O|  |TAMS 0x0000000710600000, 0x0000000710600000| Untracked 
|  51|0x0000000710600000, 0x0000000710800000, 0x0000000710800000|100%| O|  |TAMS 0x0000000710800000, 0x0000000710800000| Untracked 
|  52|0x0000000710800000, 0x0000000710a00000, 0x0000000710a00000|100%| O|  |TAMS 0x0000000710a00000, 0x0000000710a00000| Untracked 
|  53|0x0000000710a00000, 0x0000000710c00000, 0x0000000710c00000|100%| O|  |TAMS 0x0000000710a00000, 0x0000000710c00000| Untracked 
|  54|0x0000000710c00000, 0x0000000710e00000, 0x0000000710e00000|100%| O|  |TAMS 0x0000000710e00000, 0x0000000710e00000| Untracked 
|  55|0x0000000710e00000, 0x0000000711000000, 0x0000000711000000|100%|HS|  |TAMS 0x0000000711000000, 0x0000000711000000| Complete 
|  56|0x0000000711000000, 0x0000000711200000, 0x0000000711200000|100%| O|  |TAMS 0x0000000711200000, 0x0000000711200000| Untracked 
|  57|0x0000000711200000, 0x0000000711400000, 0x0000000711400000|100%| O|  |TAMS 0x0000000711400000, 0x0000000711400000| Untracked 
|  58|0x0000000711400000, 0x0000000711600000, 0x0000000711600000|100%| O|  |TAMS 0x0000000711600000, 0x0000000711600000| Untracked 
|  59|0x0000000711600000, 0x0000000711800000, 0x0000000711800000|100%| O|  |TAMS 0x0000000711800000, 0x0000000711800000| Untracked 
|  60|0x0000000711800000, 0x0000000711a00000, 0x0000000711a00000|100%| O|  |TAMS 0x0000000711a00000, 0x0000000711a00000| Untracked 
|  61|0x0000000711a00000, 0x0000000711c00000, 0x0000000711c00000|100%| O|  |TAMS 0x0000000711c00000, 0x0000000711c00000| Untracked 
|  62|0x0000000711c00000, 0x0000000711e00000, 0x0000000711e00000|100%|HS|  |TAMS 0x0000000711e00000, 0x0000000711e00000| Complete 
|  63|0x0000000711e00000, 0x0000000712000000, 0x0000000712000000|100%| O|  |TAMS 0x0000000712000000, 0x0000000712000000| Untracked 
|  64|0x0000000712000000, 0x0000000712200000, 0x0000000712200000|100%| O|  |TAMS 0x0000000712200000, 0x0000000712200000| Untracked 
|  65|0x0000000712200000, 0x0000000712400000, 0x0000000712400000|100%| O|  |TAMS 0x0000000712400000, 0x0000000712400000| Untracked 
|  66|0x0000000712400000, 0x0000000712600000, 0x0000000712600000|100%| O|  |TAMS 0x0000000712600000, 0x0000000712600000| Untracked 
|  67|0x0000000712600000, 0x0000000712600000, 0x0000000712800000|  0%| F|  |TAMS 0x0000000712600000, 0x0000000712600000| Untracked 
|  68|0x0000000712800000, 0x0000000712a00000, 0x0000000712a00000|100%| O|  |TAMS 0x0000000712a00000, 0x0000000712a00000| Untracked 
|  69|0x0000000712a00000, 0x0000000712c00000, 0x0000000712c00000|100%| O|  |TAMS 0x0000000712c00000, 0x0000000712c00000| Untracked 
|  70|0x0000000712c00000, 0x0000000712e00000, 0x0000000712e00000|100%| O|  |TAMS 0x0000000712e00000, 0x0000000712e00000| Untracked 
|  71|0x0000000712e00000, 0x0000000713000000, 0x0000000713000000|100%| O|  |TAMS 0x0000000713000000, 0x0000000713000000| Untracked 
|  72|0x0000000713000000, 0x0000000713200000, 0x0000000713200000|100%| O|  |TAMS 0x0000000713200000, 0x0000000713200000| Untracked 
|  73|0x0000000713200000, 0x0000000713400000, 0x0000000713400000|100%| O|  |TAMS 0x000000071334be00, 0x0000000713400000| Untracked 
|  74|0x0000000713400000, 0x0000000713600000, 0x0000000713600000|100%| O|  |TAMS 0x0000000713400000, 0x0000000713600000| Untracked 
|  75|0x0000000713600000, 0x0000000713800000, 0x0000000713800000|100%| O|  |TAMS 0x0000000713600000, 0x0000000713800000| Untracked 
|  76|0x0000000713800000, 0x0000000713a00000, 0x0000000713a00000|100%|HS|  |TAMS 0x0000000713800000, 0x0000000713a00000| Complete 
|  77|0x0000000713a00000, 0x0000000713c00000, 0x0000000713c00000|100%| O|  |TAMS 0x0000000713a00000, 0x0000000713c00000| Untracked 
|  78|0x0000000713c00000, 0x0000000713e00000, 0x0000000713e00000|100%| O|  |TAMS 0x0000000713c00000, 0x0000000713e00000| Untracked 
|  79|0x0000000713e00000, 0x0000000714000000, 0x0000000714000000|100%| O|  |TAMS 0x0000000713e00000, 0x0000000714000000| Untracked 
|  80|0x0000000714000000, 0x0000000714200000, 0x0000000714200000|100%| O|  |TAMS 0x0000000714000000, 0x0000000714200000| Untracked 
|  81|0x0000000714200000, 0x0000000714400000, 0x0000000714400000|100%| O|  |TAMS 0x0000000714200000, 0x0000000714400000| Untracked 
|  82|0x0000000714400000, 0x0000000714600000, 0x0000000714600000|100%| O|  |TAMS 0x0000000714400000, 0x0000000714600000| Untracked 
|  83|0x0000000714600000, 0x0000000714800000, 0x0000000714800000|100%| O|  |TAMS 0x0000000714600000, 0x0000000714800000| Untracked 
|  84|0x0000000714800000, 0x0000000714a00000, 0x0000000714a00000|100%| O|  |TAMS 0x0000000714800000, 0x0000000714a00000| Untracked 
|  85|0x0000000714a00000, 0x0000000714c00000, 0x0000000714c00000|100%| O|  |TAMS 0x0000000714a00000, 0x0000000714c00000| Untracked 
|  86|0x0000000714c00000, 0x0000000714e00000, 0x0000000714e00000|100%| O|  |TAMS 0x0000000714c00000, 0x0000000714e00000| Untracked 
|  87|0x0000000714e00000, 0x0000000715000000, 0x0000000715000000|100%| O|  |TAMS 0x0000000714e00000, 0x0000000715000000| Untracked 
|  88|0x0000000715000000, 0x0000000715200000, 0x0000000715200000|100%| O|  |TAMS 0x0000000715000000, 0x0000000715200000| Untracked 
|  89|0x0000000715200000, 0x0000000715400000, 0x0000000715400000|100%| O|  |TAMS 0x0000000715200000, 0x0000000715400000| Untracked 
|  90|0x0000000715400000, 0x0000000715475000, 0x0000000715600000| 22%| O|  |TAMS 0x0000000715400000, 0x0000000715475000| Untracked 
|  91|0x0000000715600000, 0x0000000715600000, 0x0000000715800000|  0%| F|  |TAMS 0x0000000715600000, 0x0000000715600000| Untracked 
|  92|0x0000000715800000, 0x0000000715800000, 0x0000000715a00000|  0%| F|  |TAMS 0x0000000715800000, 0x0000000715800000| Untracked 
|  93|0x0000000715a00000, 0x0000000715a00000, 0x0000000715c00000|  0%| F|  |TAMS 0x0000000715a00000, 0x0000000715a00000| Untracked 
|  94|0x0000000715c00000, 0x0000000715c00000, 0x0000000715e00000|  0%| F|  |TAMS 0x0000000715c00000, 0x0000000715c00000| Untracked 
|  95|0x0000000715e00000, 0x0000000715e00000, 0x0000000716000000|  0%| F|  |TAMS 0x0000000715e00000, 0x0000000715e00000| Untracked 
|  96|0x0000000716000000, 0x0000000716000000, 0x0000000716200000|  0%| F|  |TAMS 0x0000000716000000, 0x0000000716000000| Untracked 
|  97|0x0000000716200000, 0x0000000716200000, 0x0000000716400000|  0%| F|  |TAMS 0x0000000716200000, 0x0000000716200000| Untracked 
|  98|0x0000000716400000, 0x0000000716400000, 0x0000000716600000|  0%| F|  |TAMS 0x0000000716400000, 0x0000000716400000| Untracked 
|  99|0x0000000716600000, 0x0000000716600000, 0x0000000716800000|  0%| F|  |TAMS 0x0000000716600000, 0x0000000716600000| Untracked 
| 100|0x0000000716800000, 0x0000000716800000, 0x0000000716a00000|  0%| F|  |TAMS 0x0000000716800000, 0x0000000716800000| Untracked 
| 101|0x0000000716a00000, 0x0000000716a00000, 0x0000000716c00000|  0%| F|  |TAMS 0x0000000716a00000, 0x0000000716a00000| Untracked 
| 102|0x0000000716c00000, 0x0000000716c00000, 0x0000000716e00000|  0%| F|  |TAMS 0x0000000716c00000, 0x0000000716c00000| Untracked 
| 103|0x0000000716e00000, 0x0000000716e00000, 0x0000000717000000|  0%| F|  |TAMS 0x0000000716e00000, 0x0000000716e00000| Untracked 
| 104|0x0000000717000000, 0x0000000717000000, 0x0000000717200000|  0%| F|  |TAMS 0x0000000717000000, 0x0000000717000000| Untracked 
| 105|0x0000000717200000, 0x0000000717200000, 0x0000000717400000|  0%| F|  |TAMS 0x0000000717200000, 0x0000000717200000| Untracked 
| 106|0x0000000717400000, 0x0000000717400000, 0x0000000717600000|  0%| F|  |TAMS 0x0000000717400000, 0x0000000717400000| Untracked 
| 107|0x0000000717600000, 0x0000000717600000, 0x0000000717800000|  0%| F|  |TAMS 0x0000000717600000, 0x0000000717600000| Untracked 
| 108|0x0000000717800000, 0x0000000717800000, 0x0000000717a00000|  0%| F|  |TAMS 0x0000000717800000, 0x0000000717800000| Untracked 
| 109|0x0000000717a00000, 0x0000000717a00000, 0x0000000717c00000|  0%| F|  |TAMS 0x0000000717a00000, 0x0000000717a00000| Untracked 
| 110|0x0000000717c00000, 0x0000000717c00000, 0x0000000717e00000|  0%| F|  |TAMS 0x0000000717c00000, 0x0000000717c00000| Untracked 
| 111|0x0000000717e00000, 0x0000000717e00000, 0x0000000718000000|  0%| F|  |TAMS 0x0000000717e00000, 0x0000000717e00000| Untracked 
| 112|0x0000000718000000, 0x0000000718000000, 0x0000000718200000|  0%| F|  |TAMS 0x0000000718000000, 0x0000000718000000| Untracked 
| 113|0x0000000718200000, 0x0000000718200000, 0x0000000718400000|  0%| F|  |TAMS 0x0000000718200000, 0x0000000718200000| Untracked 
| 114|0x0000000718400000, 0x0000000718400000, 0x0000000718600000|  0%| F|  |TAMS 0x0000000718400000, 0x0000000718400000| Untracked 
| 115|0x0000000718600000, 0x0000000718600000, 0x0000000718800000|  0%| F|  |TAMS 0x0000000718600000, 0x0000000718600000| Untracked 
| 116|0x0000000718800000, 0x0000000718800000, 0x0000000718a00000|  0%| F|  |TAMS 0x0000000718800000, 0x0000000718800000| Untracked 
| 117|0x0000000718a00000, 0x0000000718a00000, 0x0000000718c00000|  0%| F|  |TAMS 0x0000000718a00000, 0x0000000718a00000| Untracked 
| 118|0x0000000718c00000, 0x0000000718c00000, 0x0000000718e00000|  0%| F|  |TAMS 0x0000000718c00000, 0x0000000718c00000| Untracked 
| 119|0x0000000718e00000, 0x0000000718e00000, 0x0000000719000000|  0%| F|  |TAMS 0x0000000718e00000, 0x0000000718e00000| Untracked 
| 120|0x0000000719000000, 0x0000000719000000, 0x0000000719200000|  0%| F|  |TAMS 0x0000000719000000, 0x0000000719000000| Untracked 
| 121|0x0000000719200000, 0x0000000719200000, 0x0000000719400000|  0%| F|  |TAMS 0x0000000719200000, 0x0000000719200000| Untracked 
| 122|0x0000000719400000, 0x0000000719400000, 0x0000000719600000|  0%| F|  |TAMS 0x0000000719400000, 0x0000000719400000| Untracked 
| 123|0x0000000719600000, 0x0000000719600000, 0x0000000719800000|  0%| F|  |TAMS 0x0000000719600000, 0x0000000719600000| Untracked 
| 124|0x0000000719800000, 0x0000000719800000, 0x0000000719a00000|  0%| F|  |TAMS 0x0000000719800000, 0x0000000719800000| Untracked 
| 125|0x0000000719a00000, 0x0000000719a00000, 0x0000000719c00000|  0%| F|  |TAMS 0x0000000719a00000, 0x0000000719a00000| Untracked 
| 126|0x0000000719c00000, 0x0000000719c00000, 0x0000000719e00000|  0%| F|  |TAMS 0x0000000719c00000, 0x0000000719c00000| Untracked 
| 127|0x0000000719e00000, 0x0000000719e00000, 0x000000071a000000|  0%| F|  |TAMS 0x0000000719e00000, 0x0000000719e00000| Untracked 
| 128|0x000000071a000000, 0x000000071a000000, 0x000000071a200000|  0%| F|  |TAMS 0x000000071a000000, 0x000000071a000000| Untracked 
| 129|0x000000071a200000, 0x000000071a200000, 0x000000071a400000|  0%| F|  |TAMS 0x000000071a200000, 0x000000071a200000| Untracked 
| 130|0x000000071a400000, 0x000000071a400000, 0x000000071a600000|  0%| F|  |TAMS 0x000000071a400000, 0x000000071a400000| Untracked 
| 131|0x000000071a600000, 0x000000071a600000, 0x000000071a800000|  0%| F|  |TAMS 0x000000071a600000, 0x000000071a600000| Untracked 
| 132|0x000000071a800000, 0x000000071a800000, 0x000000071aa00000|  0%| F|  |TAMS 0x000000071a800000, 0x000000071a800000| Untracked 
| 133|0x000000071aa00000, 0x000000071aa00000, 0x000000071ac00000|  0%| F|  |TAMS 0x000000071aa00000, 0x000000071aa00000| Untracked 
| 134|0x000000071ac00000, 0x000000071ac00000, 0x000000071ae00000|  0%| F|  |TAMS 0x000000071ac00000, 0x000000071ac00000| Untracked 
| 135|0x000000071ae00000, 0x000000071ae00000, 0x000000071b000000|  0%| F|  |TAMS 0x000000071ae00000, 0x000000071ae00000| Untracked 
| 136|0x000000071b000000, 0x000000071b000000, 0x000000071b200000|  0%| F|  |TAMS 0x000000071b000000, 0x000000071b000000| Untracked 
| 137|0x000000071b200000, 0x000000071b200000, 0x000000071b400000|  0%| F|  |TAMS 0x000000071b200000, 0x000000071b200000| Untracked 
| 138|0x000000071b400000, 0x000000071b400000, 0x000000071b600000|  0%| F|  |TAMS 0x000000071b400000, 0x000000071b400000| Untracked 
| 139|0x000000071b600000, 0x000000071b600000, 0x000000071b800000|  0%| F|  |TAMS 0x000000071b600000, 0x000000071b600000| Untracked 
| 140|0x000000071b800000, 0x000000071b800000, 0x000000071ba00000|  0%| F|  |TAMS 0x000000071b800000, 0x000000071b800000| Untracked 
| 141|0x000000071ba00000, 0x000000071ba00000, 0x000000071bc00000|  0%| F|  |TAMS 0x000000071ba00000, 0x000000071ba00000| Untracked 
| 142|0x000000071bc00000, 0x000000071bc00000, 0x000000071be00000|  0%| F|  |TAMS 0x000000071bc00000, 0x000000071bc00000| Untracked 
| 143|0x000000071be00000, 0x000000071be8e860, 0x000000071c000000| 27%| S|CS|TAMS 0x000000071be00000, 0x000000071be00000| Complete 
| 144|0x000000071c000000, 0x000000071c200000, 0x000000071c200000|100%| S|CS|TAMS 0x000000071c000000, 0x000000071c000000| Complete 
| 145|0x000000071c200000, 0x000000071c400000, 0x000000071c400000|100%| S|CS|TAMS 0x000000071c200000, 0x000000071c200000| Complete 
| 146|0x000000071c400000, 0x000000071c600000, 0x000000071c600000|100%| S|CS|TAMS 0x000000071c400000, 0x000000071c400000| Complete 
| 147|0x000000071c600000, 0x000000071c800000, 0x000000071c800000|100%| S|CS|TAMS 0x000000071c600000, 0x000000071c600000| Complete 
| 148|0x000000071c800000, 0x000000071c800000, 0x000000071ca00000|  0%| F|  |TAMS 0x000000071c800000, 0x000000071c800000| Untracked 
| 149|0x000000071ca00000, 0x000000071ca00000, 0x000000071cc00000|  0%| F|  |TAMS 0x000000071ca00000, 0x000000071ca00000| Untracked 
| 150|0x000000071cc00000, 0x000000071cc00000, 0x000000071ce00000|  0%| F|  |TAMS 0x000000071cc00000, 0x000000071cc00000| Untracked 
| 151|0x000000071ce00000, 0x000000071ce00000, 0x000000071d000000|  0%| F|  |TAMS 0x000000071ce00000, 0x000000071ce00000| Untracked 
| 152|0x000000071d000000, 0x000000071d000000, 0x000000071d200000|  0%| F|  |TAMS 0x000000071d000000, 0x000000071d000000| Untracked 
| 153|0x000000071d200000, 0x000000071d200000, 0x000000071d400000|  0%| F|  |TAMS 0x000000071d200000, 0x000000071d200000| Untracked 
| 154|0x000000071d400000, 0x000000071d400000, 0x000000071d600000|  0%| F|  |TAMS 0x000000071d400000, 0x000000071d400000| Untracked 
| 155|0x000000071d600000, 0x000000071d600000, 0x000000071d800000|  0%| F|  |TAMS 0x000000071d600000, 0x000000071d600000| Untracked 
| 156|0x000000071d800000, 0x000000071d800000, 0x000000071da00000|  0%| F|  |TAMS 0x000000071d800000, 0x000000071d800000| Untracked 
| 157|0x000000071da00000, 0x000000071da00000, 0x000000071dc00000|  0%| F|  |TAMS 0x000000071da00000, 0x000000071da00000| Untracked 
| 158|0x000000071dc00000, 0x000000071dc00000, 0x000000071de00000|  0%| F|  |TAMS 0x000000071dc00000, 0x000000071dc00000| Untracked 
| 159|0x000000071de00000, 0x000000071de00000, 0x000000071e000000|  0%| F|  |TAMS 0x000000071de00000, 0x000000071de00000| Untracked 
| 160|0x000000071e000000, 0x000000071e000000, 0x000000071e200000|  0%| F|  |TAMS 0x000000071e000000, 0x000000071e000000| Untracked 
| 161|0x000000071e200000, 0x000000071e200000, 0x000000071e400000|  0%| F|  |TAMS 0x000000071e200000, 0x000000071e200000| Untracked 
| 162|0x000000071e400000, 0x000000071e400000, 0x000000071e600000|  0%| F|  |TAMS 0x000000071e400000, 0x000000071e400000| Untracked 
| 163|0x000000071e600000, 0x000000071e600000, 0x000000071e800000|  0%| F|  |TAMS 0x000000071e600000, 0x000000071e600000| Untracked 
| 164|0x000000071e800000, 0x000000071e800000, 0x000000071ea00000|  0%| F|  |TAMS 0x000000071e800000, 0x000000071e800000| Untracked 
| 165|0x000000071ea00000, 0x000000071ea00000, 0x000000071ec00000|  0%| F|  |TAMS 0x000000071ea00000, 0x000000071ea00000| Untracked 
| 166|0x000000071ec00000, 0x000000071ec00000, 0x000000071ee00000|  0%| F|  |TAMS 0x000000071ec00000, 0x000000071ec00000| Untracked 
| 167|0x000000071ee00000, 0x000000071ee00000, 0x000000071f000000|  0%| F|  |TAMS 0x000000071ee00000, 0x000000071ee00000| Untracked 
| 168|0x000000071f000000, 0x000000071f000000, 0x000000071f200000|  0%| F|  |TAMS 0x000000071f000000, 0x000000071f000000| Untracked 
| 169|0x000000071f200000, 0x000000071f200000, 0x000000071f400000|  0%| F|  |TAMS 0x000000071f200000, 0x000000071f200000| Untracked 
| 170|0x000000071f400000, 0x000000071f400000, 0x000000071f600000|  0%| F|  |TAMS 0x000000071f400000, 0x000000071f400000| Untracked 
| 171|0x000000071f600000, 0x000000071f600000, 0x000000071f800000|  0%| F|  |TAMS 0x000000071f600000, 0x000000071f600000| Untracked 
| 172|0x000000071f800000, 0x000000071f800000, 0x000000071fa00000|  0%| F|  |TAMS 0x000000071f800000, 0x000000071f800000| Untracked 
| 173|0x000000071fa00000, 0x000000071fa00000, 0x000000071fc00000|  0%| F|  |TAMS 0x000000071fa00000, 0x000000071fa00000| Untracked 
| 174|0x000000071fc00000, 0x000000071fc00000, 0x000000071fe00000|  0%| F|  |TAMS 0x000000071fc00000, 0x000000071fc00000| Untracked 
| 175|0x000000071fe00000, 0x000000071fe00000, 0x0000000720000000|  0%| F|  |TAMS 0x000000071fe00000, 0x000000071fe00000| Untracked 
| 176|0x0000000720000000, 0x0000000720000000, 0x0000000720200000|  0%| F|  |TAMS 0x0000000720000000, 0x0000000720000000| Untracked 
| 177|0x0000000720200000, 0x0000000720200000, 0x0000000720400000|  0%| F|  |TAMS 0x0000000720200000, 0x0000000720200000| Untracked 
| 178|0x0000000720400000, 0x0000000720400000, 0x0000000720600000|  0%| F|  |TAMS 0x0000000720400000, 0x0000000720400000| Untracked 
| 179|0x0000000720600000, 0x0000000720600000, 0x0000000720800000|  0%| F|  |TAMS 0x0000000720600000, 0x0000000720600000| Untracked 
| 180|0x0000000720800000, 0x0000000720800000, 0x0000000720a00000|  0%| F|  |TAMS 0x0000000720800000, 0x0000000720800000| Untracked 
| 181|0x0000000720a00000, 0x0000000720a00000, 0x0000000720c00000|  0%| F|  |TAMS 0x0000000720a00000, 0x0000000720a00000| Untracked 
| 182|0x0000000720c00000, 0x0000000720c00000, 0x0000000720e00000|  0%| F|  |TAMS 0x0000000720c00000, 0x0000000720c00000| Untracked 
| 183|0x0000000720e00000, 0x0000000720e00000, 0x0000000721000000|  0%| F|  |TAMS 0x0000000720e00000, 0x0000000720e00000| Untracked 
| 184|0x0000000721000000, 0x0000000721000000, 0x0000000721200000|  0%| F|  |TAMS 0x0000000721000000, 0x0000000721000000| Untracked 
| 185|0x0000000721200000, 0x0000000721200000, 0x0000000721400000|  0%| F|  |TAMS 0x0000000721200000, 0x0000000721200000| Untracked 
| 186|0x0000000721400000, 0x0000000721400000, 0x0000000721600000|  0%| F|  |TAMS 0x0000000721400000, 0x0000000721400000| Untracked 
| 187|0x0000000721600000, 0x0000000721600000, 0x0000000721800000|  0%| F|  |TAMS 0x0000000721600000, 0x0000000721600000| Untracked 
| 188|0x0000000721800000, 0x0000000721800000, 0x0000000721a00000|  0%| F|  |TAMS 0x0000000721800000, 0x0000000721800000| Untracked 
| 189|0x0000000721a00000, 0x0000000721a00000, 0x0000000721c00000|  0%| F|  |TAMS 0x0000000721a00000, 0x0000000721a00000| Untracked 
| 190|0x0000000721c00000, 0x0000000721c00000, 0x0000000721e00000|  0%| F|  |TAMS 0x0000000721c00000, 0x0000000721c00000| Untracked 
| 191|0x0000000721e00000, 0x0000000721e00000, 0x0000000722000000|  0%| F|  |TAMS 0x0000000721e00000, 0x0000000721e00000| Untracked 
| 192|0x0000000722000000, 0x0000000722000000, 0x0000000722200000|  0%| F|  |TAMS 0x0000000722000000, 0x0000000722000000| Untracked 
| 193|0x0000000722200000, 0x0000000722200000, 0x0000000722400000|  0%| F|  |TAMS 0x0000000722200000, 0x0000000722200000| Untracked 
| 194|0x0000000722400000, 0x0000000722400000, 0x0000000722600000|  0%| F|  |TAMS 0x0000000722400000, 0x0000000722400000| Untracked 
| 195|0x0000000722600000, 0x0000000722600000, 0x0000000722800000|  0%| F|  |TAMS 0x0000000722600000, 0x0000000722600000| Untracked 
| 196|0x0000000722800000, 0x0000000722800000, 0x0000000722a00000|  0%| F|  |TAMS 0x0000000722800000, 0x0000000722800000| Untracked 
| 197|0x0000000722a00000, 0x0000000722a00000, 0x0000000722c00000|  0%| F|  |TAMS 0x0000000722a00000, 0x0000000722a00000| Untracked 
| 198|0x0000000722c00000, 0x0000000722c00000, 0x0000000722e00000|  0%| F|  |TAMS 0x0000000722c00000, 0x0000000722c00000| Untracked 
| 199|0x0000000722e00000, 0x0000000722e00000, 0x0000000723000000|  0%| F|  |TAMS 0x0000000722e00000, 0x0000000722e00000| Untracked 
| 200|0x0000000723000000, 0x0000000723000000, 0x0000000723200000|  0%| F|  |TAMS 0x0000000723000000, 0x0000000723000000| Untracked 
| 201|0x0000000723200000, 0x0000000723200000, 0x0000000723400000|  0%| F|  |TAMS 0x0000000723200000, 0x0000000723200000| Untracked 
| 202|0x0000000723400000, 0x0000000723400000, 0x0000000723600000|  0%| F|  |TAMS 0x0000000723400000, 0x0000000723400000| Untracked 
| 203|0x0000000723600000, 0x0000000723600000, 0x0000000723800000|  0%| F|  |TAMS 0x0000000723600000, 0x0000000723600000| Untracked 
| 204|0x0000000723800000, 0x0000000723800000, 0x0000000723a00000|  0%| F|  |TAMS 0x0000000723800000, 0x0000000723800000| Untracked 
| 205|0x0000000723a00000, 0x0000000723a00000, 0x0000000723c00000|  0%| F|  |TAMS 0x0000000723a00000, 0x0000000723a00000| Untracked 
| 206|0x0000000723c00000, 0x0000000723c00000, 0x0000000723e00000|  0%| F|  |TAMS 0x0000000723c00000, 0x0000000723c00000| Untracked 
| 207|0x0000000723e00000, 0x0000000723e00000, 0x0000000724000000|  0%| F|  |TAMS 0x0000000723e00000, 0x0000000723e00000| Untracked 
| 208|0x0000000724000000, 0x0000000724000000, 0x0000000724200000|  0%| F|  |TAMS 0x0000000724000000, 0x0000000724000000| Untracked 
| 209|0x0000000724200000, 0x0000000724200000, 0x0000000724400000|  0%| F|  |TAMS 0x0000000724200000, 0x0000000724200000| Untracked 
| 210|0x0000000724400000, 0x0000000724400000, 0x0000000724600000|  0%| F|  |TAMS 0x0000000724400000, 0x0000000724400000| Untracked 
| 211|0x0000000724600000, 0x0000000724600000, 0x0000000724800000|  0%| F|  |TAMS 0x0000000724600000, 0x0000000724600000| Untracked 
| 212|0x0000000724800000, 0x0000000724800000, 0x0000000724a00000|  0%| F|  |TAMS 0x0000000724800000, 0x0000000724800000| Untracked 
| 213|0x0000000724a00000, 0x0000000724a00000, 0x0000000724c00000|  0%| F|  |TAMS 0x0000000724a00000, 0x0000000724a00000| Untracked 
| 214|0x0000000724c00000, 0x0000000724c00000, 0x0000000724e00000|  0%| F|  |TAMS 0x0000000724c00000, 0x0000000724c00000| Untracked 
| 215|0x0000000724e00000, 0x0000000724e00000, 0x0000000725000000|  0%| F|  |TAMS 0x0000000724e00000, 0x0000000724e00000| Untracked 
| 216|0x0000000725000000, 0x0000000725000000, 0x0000000725200000|  0%| F|  |TAMS 0x0000000725000000, 0x0000000725000000| Untracked 
| 217|0x0000000725200000, 0x0000000725200000, 0x0000000725400000|  0%| F|  |TAMS 0x0000000725200000, 0x0000000725200000| Untracked 
| 218|0x0000000725400000, 0x0000000725400000, 0x0000000725600000|  0%| F|  |TAMS 0x0000000725400000, 0x0000000725400000| Untracked 
| 219|0x0000000725600000, 0x0000000725600000, 0x0000000725800000|  0%| F|  |TAMS 0x0000000725600000, 0x0000000725600000| Untracked 
| 220|0x0000000725800000, 0x0000000725800000, 0x0000000725a00000|  0%| F|  |TAMS 0x0000000725800000, 0x0000000725800000| Untracked 
| 221|0x0000000725a00000, 0x0000000725a00000, 0x0000000725c00000|  0%| F|  |TAMS 0x0000000725a00000, 0x0000000725a00000| Untracked 
| 222|0x0000000725c00000, 0x0000000725c00000, 0x0000000725e00000|  0%| F|  |TAMS 0x0000000725c00000, 0x0000000725c00000| Untracked 
| 223|0x0000000725e00000, 0x0000000725e00000, 0x0000000726000000|  0%| F|  |TAMS 0x0000000725e00000, 0x0000000725e00000| Untracked 
| 224|0x0000000726000000, 0x0000000726000000, 0x0000000726200000|  0%| F|  |TAMS 0x0000000726000000, 0x0000000726000000| Untracked 
| 225|0x0000000726200000, 0x0000000726200000, 0x0000000726400000|  0%| F|  |TAMS 0x0000000726200000, 0x0000000726200000| Untracked 
| 226|0x0000000726400000, 0x0000000726400000, 0x0000000726600000|  0%| F|  |TAMS 0x0000000726400000, 0x0000000726400000| Untracked 
| 227|0x0000000726600000, 0x0000000726600000, 0x0000000726800000|  0%| F|  |TAMS 0x0000000726600000, 0x0000000726600000| Untracked 
| 228|0x0000000726800000, 0x0000000726800000, 0x0000000726a00000|  0%| F|  |TAMS 0x0000000726800000, 0x0000000726800000| Untracked 
| 229|0x0000000726a00000, 0x0000000726a00000, 0x0000000726c00000|  0%| F|  |TAMS 0x0000000726a00000, 0x0000000726a00000| Untracked 
| 230|0x0000000726c00000, 0x0000000726c00000, 0x0000000726e00000|  0%| F|  |TAMS 0x0000000726c00000, 0x0000000726c00000| Untracked 
| 231|0x0000000726e00000, 0x0000000726e00000, 0x0000000727000000|  0%| F|  |TAMS 0x0000000726e00000, 0x0000000726e00000| Untracked 
| 232|0x0000000727000000, 0x0000000727000000, 0x0000000727200000|  0%| F|  |TAMS 0x0000000727000000, 0x0000000727000000| Untracked 
| 233|0x0000000727200000, 0x0000000727200000, 0x0000000727400000|  0%| F|  |TAMS 0x0000000727200000, 0x0000000727200000| Untracked 
| 234|0x0000000727400000, 0x0000000727400000, 0x0000000727600000|  0%| F|  |TAMS 0x0000000727400000, 0x0000000727400000| Untracked 
| 235|0x0000000727600000, 0x0000000727600000, 0x0000000727800000|  0%| F|  |TAMS 0x0000000727600000, 0x0000000727600000| Untracked 
| 236|0x0000000727800000, 0x0000000727800000, 0x0000000727a00000|  0%| F|  |TAMS 0x0000000727800000, 0x0000000727800000| Untracked 
| 237|0x0000000727a00000, 0x0000000727a00000, 0x0000000727c00000|  0%| F|  |TAMS 0x0000000727a00000, 0x0000000727a00000| Untracked 
| 238|0x0000000727c00000, 0x0000000727c00000, 0x0000000727e00000|  0%| F|  |TAMS 0x0000000727c00000, 0x0000000727c00000| Untracked 
| 239|0x0000000727e00000, 0x0000000727e00000, 0x0000000728000000|  0%| F|  |TAMS 0x0000000727e00000, 0x0000000727e00000| Untracked 
| 240|0x0000000728000000, 0x0000000728000000, 0x0000000728200000|  0%| F|  |TAMS 0x0000000728000000, 0x0000000728000000| Untracked 
| 241|0x0000000728200000, 0x0000000728200000, 0x0000000728400000|  0%| F|  |TAMS 0x0000000728200000, 0x0000000728200000| Untracked 
| 242|0x0000000728400000, 0x0000000728400000, 0x0000000728600000|  0%| F|  |TAMS 0x0000000728400000, 0x0000000728400000| Untracked 
| 243|0x0000000728600000, 0x0000000728600000, 0x0000000728800000|  0%| F|  |TAMS 0x0000000728600000, 0x0000000728600000| Untracked 
| 244|0x0000000728800000, 0x0000000728800000, 0x0000000728a00000|  0%| F|  |TAMS 0x0000000728800000, 0x0000000728800000| Untracked 
| 245|0x0000000728a00000, 0x0000000728a00000, 0x0000000728c00000|  0%| F|  |TAMS 0x0000000728a00000, 0x0000000728a00000| Untracked 
| 246|0x0000000728c00000, 0x0000000728c00000, 0x0000000728e00000|  0%| F|  |TAMS 0x0000000728c00000, 0x0000000728c00000| Untracked 
| 247|0x0000000728e00000, 0x0000000728e00000, 0x0000000729000000|  0%| F|  |TAMS 0x0000000728e00000, 0x0000000728e00000| Untracked 
| 248|0x0000000729000000, 0x0000000729000000, 0x0000000729200000|  0%| F|  |TAMS 0x0000000729000000, 0x0000000729000000| Untracked 
| 249|0x0000000729200000, 0x0000000729200000, 0x0000000729400000|  0%| F|  |TAMS 0x0000000729200000, 0x0000000729200000| Untracked 
| 250|0x0000000729400000, 0x0000000729400000, 0x0000000729600000|  0%| F|  |TAMS 0x0000000729400000, 0x0000000729400000| Untracked 
| 251|0x0000000729600000, 0x0000000729600000, 0x0000000729800000|  0%| F|  |TAMS 0x0000000729600000, 0x0000000729600000| Untracked 
| 252|0x0000000729800000, 0x0000000729800000, 0x0000000729a00000|  0%| F|  |TAMS 0x0000000729800000, 0x0000000729800000| Untracked 
| 253|0x0000000729a00000, 0x0000000729a00000, 0x0000000729c00000|  0%| F|  |TAMS 0x0000000729a00000, 0x0000000729a00000| Untracked 
| 254|0x0000000729c00000, 0x0000000729c00000, 0x0000000729e00000|  0%| F|  |TAMS 0x0000000729c00000, 0x0000000729c00000| Untracked 
| 255|0x0000000729e00000, 0x0000000729e00000, 0x000000072a000000|  0%| F|  |TAMS 0x0000000729e00000, 0x0000000729e00000| Untracked 
| 256|0x000000072a000000, 0x000000072a000000, 0x000000072a200000|  0%| F|  |TAMS 0x000000072a000000, 0x000000072a000000| Untracked 
| 257|0x000000072a200000, 0x000000072a200000, 0x000000072a400000|  0%| F|  |TAMS 0x000000072a200000, 0x000000072a200000| Untracked 
| 258|0x000000072a400000, 0x000000072a400000, 0x000000072a600000|  0%| F|  |TAMS 0x000000072a400000, 0x000000072a400000| Untracked 
| 259|0x000000072a600000, 0x000000072a600000, 0x000000072a800000|  0%| F|  |TAMS 0x000000072a600000, 0x000000072a600000| Untracked 
| 260|0x000000072a800000, 0x000000072a800000, 0x000000072aa00000|  0%| F|  |TAMS 0x000000072a800000, 0x000000072a800000| Untracked 
| 261|0x000000072aa00000, 0x000000072aa00000, 0x000000072ac00000|  0%| F|  |TAMS 0x000000072aa00000, 0x000000072aa00000| Untracked 
| 262|0x000000072ac00000, 0x000000072ac00000, 0x000000072ae00000|  0%| F|  |TAMS 0x000000072ac00000, 0x000000072ac00000| Untracked 
| 263|0x000000072ae00000, 0x000000072ae00000, 0x000000072b000000|  0%| F|  |TAMS 0x000000072ae00000, 0x000000072ae00000| Untracked 
| 264|0x000000072b000000, 0x000000072b000000, 0x000000072b200000|  0%| F|  |TAMS 0x000000072b000000, 0x000000072b000000| Untracked 
| 265|0x000000072b200000, 0x000000072b200000, 0x000000072b400000|  0%| F|  |TAMS 0x000000072b200000, 0x000000072b200000| Untracked 
| 266|0x000000072b400000, 0x000000072b400000, 0x000000072b600000|  0%| F|  |TAMS 0x000000072b400000, 0x000000072b400000| Untracked 
| 267|0x000000072b600000, 0x000000072b600000, 0x000000072b800000|  0%| F|  |TAMS 0x000000072b600000, 0x000000072b600000| Untracked 
| 268|0x000000072b800000, 0x000000072b800000, 0x000000072ba00000|  0%| F|  |TAMS 0x000000072b800000, 0x000000072b800000| Untracked 
| 269|0x000000072ba00000, 0x000000072ba00000, 0x000000072bc00000|  0%| F|  |TAMS 0x000000072ba00000, 0x000000072ba00000| Untracked 
| 270|0x000000072bc00000, 0x000000072bc00000, 0x000000072be00000|  0%| F|  |TAMS 0x000000072bc00000, 0x000000072bc00000| Untracked 
| 271|0x000000072be00000, 0x000000072be00000, 0x000000072c000000|  0%| F|  |TAMS 0x000000072be00000, 0x000000072be00000| Untracked 
| 272|0x000000072c000000, 0x000000072c000000, 0x000000072c200000|  0%| F|  |TAMS 0x000000072c000000, 0x000000072c000000| Untracked 
| 273|0x000000072c200000, 0x000000072c200000, 0x000000072c400000|  0%| F|  |TAMS 0x000000072c200000, 0x000000072c200000| Untracked 
| 274|0x000000072c400000, 0x000000072c400000, 0x000000072c600000|  0%| F|  |TAMS 0x000000072c400000, 0x000000072c400000| Untracked 
| 275|0x000000072c600000, 0x000000072c600000, 0x000000072c800000|  0%| F|  |TAMS 0x000000072c600000, 0x000000072c600000| Untracked 
| 276|0x000000072c800000, 0x000000072c800000, 0x000000072ca00000|  0%| F|  |TAMS 0x000000072c800000, 0x000000072c800000| Untracked 
| 277|0x000000072ca00000, 0x000000072ca00000, 0x000000072cc00000|  0%| F|  |TAMS 0x000000072ca00000, 0x000000072ca00000| Untracked 
| 278|0x000000072cc00000, 0x000000072cc00000, 0x000000072ce00000|  0%| F|  |TAMS 0x000000072cc00000, 0x000000072cc00000| Untracked 
| 279|0x000000072ce00000, 0x000000072ce00000, 0x000000072d000000|  0%| F|  |TAMS 0x000000072ce00000, 0x000000072ce00000| Untracked 
| 280|0x000000072d000000, 0x000000072d000000, 0x000000072d200000|  0%| F|  |TAMS 0x000000072d000000, 0x000000072d000000| Untracked 
| 281|0x000000072d200000, 0x000000072d200000, 0x000000072d400000|  0%| F|  |TAMS 0x000000072d200000, 0x000000072d200000| Untracked 
| 282|0x000000072d400000, 0x000000072d400000, 0x000000072d600000|  0%| F|  |TAMS 0x000000072d400000, 0x000000072d400000| Untracked 
| 283|0x000000072d600000, 0x000000072d600000, 0x000000072d800000|  0%| F|  |TAMS 0x000000072d600000, 0x000000072d600000| Untracked 
| 284|0x000000072d800000, 0x000000072d800000, 0x000000072da00000|  0%| F|  |TAMS 0x000000072d800000, 0x000000072d800000| Untracked 
| 285|0x000000072da00000, 0x000000072da00000, 0x000000072dc00000|  0%| F|  |TAMS 0x000000072da00000, 0x000000072da00000| Untracked 
| 286|0x000000072dc00000, 0x000000072dc00000, 0x000000072de00000|  0%| F|  |TAMS 0x000000072dc00000, 0x000000072dc00000| Untracked 
| 287|0x000000072de00000, 0x000000072de00000, 0x000000072e000000|  0%| F|  |TAMS 0x000000072de00000, 0x000000072de00000| Untracked 
| 288|0x000000072e000000, 0x000000072e000000, 0x000000072e200000|  0%| F|  |TAMS 0x000000072e000000, 0x000000072e000000| Untracked 
| 289|0x000000072e200000, 0x000000072e200000, 0x000000072e400000|  0%| F|  |TAMS 0x000000072e200000, 0x000000072e200000| Untracked 
| 290|0x000000072e400000, 0x000000072e400000, 0x000000072e600000|  0%| F|  |TAMS 0x000000072e400000, 0x000000072e400000| Untracked 
| 291|0x000000072e600000, 0x000000072e600000, 0x000000072e800000|  0%| F|  |TAMS 0x000000072e600000, 0x000000072e600000| Untracked 
| 292|0x000000072e800000, 0x000000072e800000, 0x000000072ea00000|  0%| F|  |TAMS 0x000000072e800000, 0x000000072e800000| Untracked 
| 293|0x000000072ea00000, 0x000000072ea00000, 0x000000072ec00000|  0%| F|  |TAMS 0x000000072ea00000, 0x000000072ea00000| Untracked 
| 294|0x000000072ec00000, 0x000000072ec00000, 0x000000072ee00000|  0%| F|  |TAMS 0x000000072ec00000, 0x000000072ec00000| Untracked 
| 295|0x000000072ee00000, 0x000000072ee00000, 0x000000072f000000|  0%| F|  |TAMS 0x000000072ee00000, 0x000000072ee00000| Untracked 
| 296|0x000000072f000000, 0x000000072f000000, 0x000000072f200000|  0%| F|  |TAMS 0x000000072f000000, 0x000000072f000000| Untracked 
| 297|0x000000072f200000, 0x000000072f200000, 0x000000072f400000|  0%| F|  |TAMS 0x000000072f200000, 0x000000072f200000| Untracked 
| 298|0x000000072f400000, 0x000000072f400000, 0x000000072f600000|  0%| F|  |TAMS 0x000000072f400000, 0x000000072f400000| Untracked 
| 299|0x000000072f600000, 0x000000072f600000, 0x000000072f800000|  0%| F|  |TAMS 0x000000072f600000, 0x000000072f600000| Untracked 
| 300|0x000000072f800000, 0x000000072f800000, 0x000000072fa00000|  0%| F|  |TAMS 0x000000072f800000, 0x000000072f800000| Untracked 
| 301|0x000000072fa00000, 0x000000072fa00000, 0x000000072fc00000|  0%| F|  |TAMS 0x000000072fa00000, 0x000000072fa00000| Untracked 
| 302|0x000000072fc00000, 0x000000072fc00000, 0x000000072fe00000|  0%| F|  |TAMS 0x000000072fc00000, 0x000000072fc00000| Untracked 
| 303|0x000000072fe00000, 0x000000072fe00000, 0x0000000730000000|  0%| F|  |TAMS 0x000000072fe00000, 0x000000072fe00000| Untracked 
| 304|0x0000000730000000, 0x0000000730000000, 0x0000000730200000|  0%| F|  |TAMS 0x0000000730000000, 0x0000000730000000| Untracked 
| 305|0x0000000730200000, 0x0000000730200000, 0x0000000730400000|  0%| F|  |TAMS 0x0000000730200000, 0x0000000730200000| Untracked 
| 306|0x0000000730400000, 0x0000000730400000, 0x0000000730600000|  0%| F|  |TAMS 0x0000000730400000, 0x0000000730400000| Untracked 
| 307|0x0000000730600000, 0x0000000730600000, 0x0000000730800000|  0%| F|  |TAMS 0x0000000730600000, 0x0000000730600000| Untracked 
| 308|0x0000000730800000, 0x0000000730800000, 0x0000000730a00000|  0%| F|  |TAMS 0x0000000730800000, 0x0000000730800000| Untracked 
| 309|0x0000000730a00000, 0x0000000730a00000, 0x0000000730c00000|  0%| F|  |TAMS 0x0000000730a00000, 0x0000000730a00000| Untracked 
| 310|0x0000000730c00000, 0x0000000730c00000, 0x0000000730e00000|  0%| F|  |TAMS 0x0000000730c00000, 0x0000000730c00000| Untracked 
| 311|0x0000000730e00000, 0x0000000730e00000, 0x0000000731000000|  0%| F|  |TAMS 0x0000000730e00000, 0x0000000730e00000| Untracked 
| 312|0x0000000731000000, 0x0000000731000000, 0x0000000731200000|  0%| F|  |TAMS 0x0000000731000000, 0x0000000731000000| Untracked 
| 313|0x0000000731200000, 0x0000000731200000, 0x0000000731400000|  0%| F|  |TAMS 0x0000000731200000, 0x0000000731200000| Untracked 
| 314|0x0000000731400000, 0x0000000731400000, 0x0000000731600000|  0%| F|  |TAMS 0x0000000731400000, 0x0000000731400000| Untracked 
| 315|0x0000000731600000, 0x0000000731600000, 0x0000000731800000|  0%| F|  |TAMS 0x0000000731600000, 0x0000000731600000| Untracked 
| 316|0x0000000731800000, 0x0000000731800000, 0x0000000731a00000|  0%| F|  |TAMS 0x0000000731800000, 0x0000000731800000| Untracked 
| 317|0x0000000731a00000, 0x0000000731a00000, 0x0000000731c00000|  0%| F|  |TAMS 0x0000000731a00000, 0x0000000731a00000| Untracked 
| 318|0x0000000731c00000, 0x0000000731c00000, 0x0000000731e00000|  0%| F|  |TAMS 0x0000000731c00000, 0x0000000731c00000| Untracked 
| 319|0x0000000731e00000, 0x0000000731e00000, 0x0000000732000000|  0%| F|  |TAMS 0x0000000731e00000, 0x0000000731e00000| Untracked 
| 320|0x0000000732000000, 0x0000000732000000, 0x0000000732200000|  0%| F|  |TAMS 0x0000000732000000, 0x0000000732000000| Untracked 
| 321|0x0000000732200000, 0x0000000732200000, 0x0000000732400000|  0%| F|  |TAMS 0x0000000732200000, 0x0000000732200000| Untracked 
| 322|0x0000000732400000, 0x0000000732400000, 0x0000000732600000|  0%| F|  |TAMS 0x0000000732400000, 0x0000000732400000| Untracked 
| 323|0x0000000732600000, 0x0000000732600000, 0x0000000732800000|  0%| F|  |TAMS 0x0000000732600000, 0x0000000732600000| Untracked 
| 324|0x0000000732800000, 0x0000000732800000, 0x0000000732a00000|  0%| F|  |TAMS 0x0000000732800000, 0x0000000732800000| Untracked 
| 325|0x0000000732a00000, 0x0000000732a00000, 0x0000000732c00000|  0%| F|  |TAMS 0x0000000732a00000, 0x0000000732a00000| Untracked 
| 326|0x0000000732c00000, 0x0000000732c00000, 0x0000000732e00000|  0%| F|  |TAMS 0x0000000732c00000, 0x0000000732c00000| Untracked 
| 327|0x0000000732e00000, 0x0000000732e00000, 0x0000000733000000|  0%| F|  |TAMS 0x0000000732e00000, 0x0000000732e00000| Untracked 
| 328|0x0000000733000000, 0x0000000733000000, 0x0000000733200000|  0%| F|  |TAMS 0x0000000733000000, 0x0000000733000000| Untracked 
| 329|0x0000000733200000, 0x0000000733200000, 0x0000000733400000|  0%| F|  |TAMS 0x0000000733200000, 0x0000000733200000| Untracked 
| 330|0x0000000733400000, 0x0000000733400000, 0x0000000733600000|  0%| F|  |TAMS 0x0000000733400000, 0x0000000733400000| Untracked 
| 331|0x0000000733600000, 0x0000000733600000, 0x0000000733800000|  0%| F|  |TAMS 0x0000000733600000, 0x0000000733600000| Untracked 
| 332|0x0000000733800000, 0x0000000733800000, 0x0000000733a00000|  0%| F|  |TAMS 0x0000000733800000, 0x0000000733800000| Untracked 
| 333|0x0000000733a00000, 0x0000000733b01f90, 0x0000000733c00000| 50%| E|  |TAMS 0x0000000733a00000, 0x0000000733a00000| Complete 
| 334|0x0000000733c00000, 0x0000000733e00000, 0x0000000733e00000|100%| E|CS|TAMS 0x0000000733c00000, 0x0000000733c00000| Complete 
| 335|0x0000000733e00000, 0x0000000734000000, 0x0000000734000000|100%| E|CS|TAMS 0x0000000733e00000, 0x0000000733e00000| Complete 
| 336|0x0000000734000000, 0x0000000734200000, 0x0000000734200000|100%| E|CS|TAMS 0x0000000734000000, 0x0000000734000000| Complete 
| 337|0x0000000734200000, 0x0000000734400000, 0x0000000734400000|100%| E|CS|TAMS 0x0000000734200000, 0x0000000734200000| Complete 
| 338|0x0000000734400000, 0x0000000734600000, 0x0000000734600000|100%| E|CS|TAMS 0x0000000734400000, 0x0000000734400000| Complete 
| 339|0x0000000734600000, 0x0000000734800000, 0x0000000734800000|100%| E|CS|TAMS 0x0000000734600000, 0x0000000734600000| Complete 
| 340|0x0000000734800000, 0x0000000734a00000, 0x0000000734a00000|100%| E|CS|TAMS 0x0000000734800000, 0x0000000734800000| Complete 
| 341|0x0000000734a00000, 0x0000000734c00000, 0x0000000734c00000|100%| E|CS|TAMS 0x0000000734a00000, 0x0000000734a00000| Complete 
| 342|0x0000000734c00000, 0x0000000734e00000, 0x0000000734e00000|100%| E|CS|TAMS 0x0000000734c00000, 0x0000000734c00000| Complete 
| 343|0x0000000734e00000, 0x0000000735000000, 0x0000000735000000|100%| E|CS|TAMS 0x0000000734e00000, 0x0000000734e00000| Complete 
| 344|0x0000000735000000, 0x0000000735200000, 0x0000000735200000|100%| E|CS|TAMS 0x0000000735000000, 0x0000000735000000| Complete 
| 345|0x0000000735200000, 0x0000000735400000, 0x0000000735400000|100%| E|CS|TAMS 0x0000000735200000, 0x0000000735200000| Complete 
| 346|0x0000000735400000, 0x0000000735600000, 0x0000000735600000|100%| E|CS|TAMS 0x0000000735400000, 0x0000000735400000| Complete 
| 347|0x0000000735600000, 0x0000000735800000, 0x0000000735800000|100%| E|CS|TAMS 0x0000000735600000, 0x0000000735600000| Complete 
| 348|0x0000000735800000, 0x0000000735a00000, 0x0000000735a00000|100%| E|CS|TAMS 0x0000000735800000, 0x0000000735800000| Complete 
| 349|0x0000000735a00000, 0x0000000735c00000, 0x0000000735c00000|100%| E|CS|TAMS 0x0000000735a00000, 0x0000000735a00000| Complete 
| 350|0x0000000735c00000, 0x0000000735e00000, 0x0000000735e00000|100%| E|CS|TAMS 0x0000000735c00000, 0x0000000735c00000| Complete 
| 351|0x0000000735e00000, 0x0000000736000000, 0x0000000736000000|100%| E|CS|TAMS 0x0000000735e00000, 0x0000000735e00000| Complete 
| 352|0x0000000736000000, 0x0000000736200000, 0x0000000736200000|100%| E|CS|TAMS 0x0000000736000000, 0x0000000736000000| Complete 
| 353|0x0000000736200000, 0x0000000736400000, 0x0000000736400000|100%| E|CS|TAMS 0x0000000736200000, 0x0000000736200000| Complete 
| 354|0x0000000736400000, 0x0000000736600000, 0x0000000736600000|100%| E|CS|TAMS 0x0000000736400000, 0x0000000736400000| Complete 
| 355|0x0000000736600000, 0x0000000736800000, 0x0000000736800000|100%| E|CS|TAMS 0x0000000736600000, 0x0000000736600000| Complete 
| 356|0x0000000736800000, 0x0000000736a00000, 0x0000000736a00000|100%| E|CS|TAMS 0x0000000736800000, 0x0000000736800000| Complete 
| 357|0x0000000736a00000, 0x0000000736c00000, 0x0000000736c00000|100%| E|CS|TAMS 0x0000000736a00000, 0x0000000736a00000| Complete 
| 358|0x0000000736c00000, 0x0000000736e00000, 0x0000000736e00000|100%| E|CS|TAMS 0x0000000736c00000, 0x0000000736c00000| Complete 
| 359|0x0000000736e00000, 0x0000000737000000, 0x0000000737000000|100%| E|CS|TAMS 0x0000000736e00000, 0x0000000736e00000| Complete 
| 360|0x0000000737000000, 0x0000000737200000, 0x0000000737200000|100%| E|CS|TAMS 0x0000000737000000, 0x0000000737000000| Complete 
| 361|0x0000000737200000, 0x0000000737400000, 0x0000000737400000|100%| E|CS|TAMS 0x0000000737200000, 0x0000000737200000| Complete 
| 362|0x0000000737400000, 0x0000000737600000, 0x0000000737600000|100%| E|CS|TAMS 0x0000000737400000, 0x0000000737400000| Complete 
| 363|0x0000000737600000, 0x0000000737800000, 0x0000000737800000|100%| E|CS|TAMS 0x0000000737600000, 0x0000000737600000| Complete 
| 364|0x0000000737800000, 0x0000000737a00000, 0x0000000737a00000|100%| E|CS|TAMS 0x0000000737800000, 0x0000000737800000| Complete 
| 365|0x0000000737a00000, 0x0000000737c00000, 0x0000000737c00000|100%| E|CS|TAMS 0x0000000737a00000, 0x0000000737a00000| Complete 
| 366|0x0000000737c00000, 0x0000000737e00000, 0x0000000737e00000|100%| E|CS|TAMS 0x0000000737c00000, 0x0000000737c00000| Complete 
| 367|0x0000000737e00000, 0x0000000738000000, 0x0000000738000000|100%| E|CS|TAMS 0x0000000737e00000, 0x0000000737e00000| Complete 
| 368|0x0000000738000000, 0x0000000738200000, 0x0000000738200000|100%| E|CS|TAMS 0x0000000738000000, 0x0000000738000000| Complete 
| 369|0x0000000738200000, 0x0000000738400000, 0x0000000738400000|100%| E|CS|TAMS 0x0000000738200000, 0x0000000738200000| Complete 
| 370|0x0000000738400000, 0x0000000738600000, 0x0000000738600000|100%| E|CS|TAMS 0x0000000738400000, 0x0000000738400000| Complete 
| 371|0x0000000738600000, 0x0000000738800000, 0x0000000738800000|100%| E|CS|TAMS 0x0000000738600000, 0x0000000738600000| Complete 
| 372|0x0000000738800000, 0x0000000738a00000, 0x0000000738a00000|100%| E|CS|TAMS 0x0000000738800000, 0x0000000738800000| Complete 

Card table byte_map: [0x0000016aad0e0000,0x0000016aad890000] _byte_map_base: 0x0000016aa9890000

Marking Bits (Prev, Next): (CMBitMap*) 0x0000016a95c30c40, (CMBitMap*) 0x0000016a95c30c80
 Prev Bits: [0x0000016aae040000, 0x0000016ab1dc0000)
 Next Bits: [0x0000016ab1dc0000, 0x0000016ab5b40000)

Polling page: 0x0000016a939a0000

Metaspace:

Usage:
  Non-class:     28.30 MB used.
      Class:      3.46 MB used.
       Both:     31.76 MB used.

Virtual space:
  Non-class space:       32.00 MB reserved,      28.56 MB ( 89%) committed,  4 nodes.
      Class space:        1.00 GB reserved,       3.62 MB ( <1%) committed,  1 nodes.
             Both:        1.03 GB reserved,      32.19 MB (  3%) committed. 

Chunk freelists:
   Non-Class:  2.85 MB
       Class:  390.00 KB
        Both:  3.23 MB

MaxMetaspaceSize: unlimited
CompressedClassSpaceSize: 1.00 GB
Initial GC threshold: 21.00 MB
Current GC threshold: 51.50 MB
CDS: on
MetaspaceReclaimPolicy: balanced
 - commit_granule_bytes: 65536.
 - commit_granule_words: 8192.
 - virtual_space_node_default_size: 1048576.
 - enlarge_chunks_in_place: 1.
 - new_chunks_are_fully_committed: 0.
 - uncommit_free_chunks: 1.
 - use_allocation_guard: 0.
 - handle_deallocations: 1.


Internal statistics:

num_allocs_failed_limit: 12.
num_arena_births: 370.
num_arena_deaths: 0.
num_vsnodes_births: 5.
num_vsnodes_deaths: 0.
num_space_committed: 515.
num_space_uncommitted: 0.
num_chunks_returned_to_freelist: 12.
num_chunks_taken_from_freelist: 1588.
num_chunk_merges: 12.
num_chunk_splits: 1106.
num_chunks_enlarged: 825.
num_purges: 0.
num_inconsistent_stats: 0.

CodeHeap 'non-profiled nmethods': size=120000Kb used=4768Kb max_used=5037Kb free=115232Kb
 bounds [0x0000016aa4eb0000, 0x0000016aa53b0000, 0x0000016aac3e0000]
CodeHeap 'profiled nmethods': size=120000Kb used=15154Kb max_used=16150Kb free=104845Kb
 bounds [0x0000016a9d980000, 0x0000016a9e950000, 0x0000016aa4eb0000]
CodeHeap 'non-nmethods': size=5760Kb used=1215Kb max_used=1271Kb free=4544Kb
 bounds [0x0000016a9d3e0000, 0x0000016a9d650000, 0x0000016a9d980000]
 total_blobs=7534 nmethods=7016 adapters=430
 compilation: enabled
              stopped_count=0, restarted_count=0
 full_count=0

Compilation events (20 events):
Event: 21.782 Thread 0x0000016ab87d01e0 8641       2       java.lang.ReflectiveOperationException::<init> (6 bytes)
Event: 21.782 Thread 0x0000016ab87d01e0 nmethod 8641 0x0000016a9e275b10 code [0x0000016a9e275ca0, 0x0000016a9e275dc8]
Event: 21.782 Thread 0x0000016ab87d01e0 8642       2       java.io.ObjectOutputStream$BlockDataOutputStream::writeBlockHeader (70 bytes)
Event: 21.783 Thread 0x0000016ab87d01e0 nmethod 8642 0x0000016a9e275410 code [0x0000016a9e2755e0, 0x0000016a9e275868]
Event: 21.785 Thread 0x0000016ab87d01e0 8643       2       java.io.FileOutputStream::write (18 bytes)
Event: 21.785 Thread 0x0000016ab87d01e0 nmethod 8643 0x0000016a9dde4c10 code [0x0000016a9dde4da0, 0x0000016a9dde4ee8]
Event: 21.800 Thread 0x0000016ab87d01e0 8647       2       java.lang.reflect.Constructor::acquireConstructorAccessor (44 bytes)
Event: 21.801 Thread 0x0000016ab87d01e0 nmethod 8647 0x0000016a9dde4590 code [0x0000016a9dde4760, 0x0000016a9dde4ab8]
Event: 21.804 Thread 0x0000016ab87d01e0 8649       2       java.lang.invoke.MethodHandles$Lookup::resolveOrFail (48 bytes)
Event: 21.804 Thread 0x0000016ab87d01e0 nmethod 8649 0x0000016a9dfbb010 code [0x0000016a9dfbb200, 0x0000016a9dfbb628]
Event: 21.804 Thread 0x0000016ab87d01e0 8650       2       java.lang.invoke.MethodHandles$Lookup::checkMethodName (45 bytes)
Event: 21.805 Thread 0x0000016ab87d01e0 nmethod 8650 0x0000016a9dde3d90 code [0x0000016a9dde3f80, 0x0000016a9dde42e8]
Event: 21.922 Thread 0x0000016abc1649a0 nmethod 8467 0x0000016aa5092c10 code [0x0000016aa5093060, 0x0000016aa5096930]
Event: 21.922 Thread 0x0000016abc1649a0 8596       4       org.eclipse.aether.artifact.AbstractArtifact::getProperty (24 bytes)
Event: 21.924 Thread 0x0000016abc1649a0 nmethod 8596 0x0000016aa52d8490 code [0x0000016aa52d8620, 0x0000016aa52d8738]
Event: 21.924 Thread 0x0000016abc1649a0 8597       4       org.eclipse.aether.util.graph.manager.ClassicDependencyManager::getKey (9 bytes)
Event: 21.941 Thread 0x0000016abc1649a0 nmethod 8597 0x0000016aa52d7710 code [0x0000016aa52d78c0, 0x0000016aa52d7f58]
Event: 21.941 Thread 0x0000016abc1649a0 8426       4       io.quarkus.bootstrap.resolver.maven.MavenArtifactResolver::getId (32 bytes)
Event: 21.947 Thread 0x0000016abc1649a0 nmethod 8426 0x0000016aa5002790 code [0x0000016aa5002920, 0x0000016aa5002d38]
Event: 21.947 Thread 0x0000016abc1649a0 8429       4       org.eclipse.aether.graph.Exclusion::hashCode (57 bytes)

GC Heap History (20 events):
Event: 12.226 GC heap before
{Heap before GC invocations=6 (full 0):
 garbage-first heap   total 251904K, used 178176K [0x000000070a000000, 0x0000000800000000)
  region size 2048K, 56 young (114688K), 8 survivors (16384K)
 Metaspace       used 18123K, committed 18432K, reserved 1064960K
  class space    used 1943K, committed 2112K, reserved 1048576K
}
Event: 12.257 GC heap after
{Heap after GC invocations=7 (full 0):
 garbage-first heap   total 251904K, used 105942K [0x000000070a000000, 0x0000000800000000)
  region size 2048K, 7 young (14336K), 7 survivors (14336K)
 Metaspace       used 18123K, committed 18432K, reserved 1064960K
  class space    used 1943K, committed 2112K, reserved 1048576K
}
Event: 12.668 GC heap before
{Heap before GC invocations=7 (full 0):
 garbage-first heap   total 251904K, used 177622K [0x000000070a000000, 0x0000000800000000)
  region size 2048K, 43 young (88064K), 7 survivors (14336K)
 Metaspace       used 18223K, committed 18496K, reserved 1073152K
  class space    used 1955K, committed 2112K, reserved 1048576K
}
Event: 12.692 GC heap after
{Heap after GC invocations=8 (full 0):
 garbage-first heap   total 331776K, used 119684K [0x000000070a000000, 0x0000000800000000)
  region size 2048K, 6 young (12288K), 6 survivors (12288K)
 Metaspace       used 18223K, committed 18496K, reserved 1073152K
  class space    used 1955K, committed 2112K, reserved 1048576K
}
Event: 13.999 GC heap before
{Heap before GC invocations=8 (full 0):
 garbage-first heap   total 331776K, used 209796K [0x000000070a000000, 0x0000000800000000)
  region size 2048K, 49 young (100352K), 6 survivors (12288K)
 Metaspace       used 21211K, committed 21504K, reserved 1073152K
  class space    used 2352K, committed 2496K, reserved 1048576K
}
Event: 14.014 GC heap after
{Heap after GC invocations=9 (full 0):
 garbage-first heap   total 331776K, used 129885K [0x000000070a000000, 0x0000000800000000)
  region size 2048K, 3 young (6144K), 3 survivors (6144K)
 Metaspace       used 21211K, committed 21504K, reserved 1073152K
  class space    used 2352K, committed 2496K, reserved 1048576K
}
Event: 17.357 GC heap before
{Heap before GC invocations=10 (full 0):
 garbage-first heap   total 331776K, used 248669K [0x000000070a000000, 0x0000000800000000)
  region size 2048K, 60 young (122880K), 3 survivors (6144K)
 Metaspace       used 28436K, committed 28736K, reserved 1081344K
  class space    used 3124K, committed 3264K, reserved 1048576K
}
Event: 17.373 GC heap after
{Heap after GC invocations=11 (full 0):
 garbage-first heap   total 331776K, used 150460K [0x000000070a000000, 0x0000000800000000)
  region size 2048K, 8 young (16384K), 8 survivors (16384K)
 Metaspace       used 28436K, committed 28736K, reserved 1081344K
  class space    used 3124K, committed 3264K, reserved 1048576K
}
Event: 17.456 GC heap before
{Heap before GC invocations=11 (full 0):
 garbage-first heap   total 331776K, used 152508K [0x000000070a000000, 0x0000000800000000)
  region size 2048K, 9 young (18432K), 8 survivors (16384K)
 Metaspace       used 28708K, committed 29056K, reserved 1081344K
  class space    used 3155K, committed 3328K, reserved 1048576K
}
Event: 17.468 GC heap after
{Heap after GC invocations=12 (full 0):
 garbage-first heap   total 331776K, used 150831K [0x000000070a000000, 0x0000000800000000)
  region size 2048K, 1 young (2048K), 1 survivors (2048K)
 Metaspace       used 28708K, committed 29056K, reserved 1081344K
  class space    used 3155K, committed 3328K, reserved 1048576K
}
Event: 18.498 GC heap before
{Heap before GC invocations=12 (full 0):
 garbage-first heap   total 331776K, used 202031K [0x000000070a000000, 0x0000000800000000)
  region size 2048K, 27 young (55296K), 1 survivors (2048K)
 Metaspace       used 30859K, committed 31168K, reserved 1081344K
  class space    used 3371K, committed 3520K, reserved 1048576K
}
Event: 18.504 GC heap after
{Heap after GC invocations=13 (full 0):
 garbage-first heap   total 331776K, used 150514K [0x000000070a000000, 0x0000000800000000)
  region size 2048K, 2 young (4096K), 2 survivors (4096K)
 Metaspace       used 30859K, committed 31168K, reserved 1081344K
  class space    used 3371K, committed 3520K, reserved 1048576K
}
Event: 19.773 GC heap before
{Heap before GC invocations=13 (full 0):
 garbage-first heap   total 331776K, used 246770K [0x000000070a000000, 0x0000000800000000)
  region size 2048K, 49 young (100352K), 2 survivors (4096K)
 Metaspace       used 31168K, committed 31488K, reserved 1081344K
  class space    used 3398K, committed 3520K, reserved 1048576K
}
Event: 19.783 GC heap after
{Heap after GC invocations=14 (full 0):
 garbage-first heap   total 331776K, used 168362K [0x000000070a000000, 0x0000000800000000)
  region size 2048K, 7 young (14336K), 7 survivors (14336K)
 Metaspace       used 31168K, committed 31488K, reserved 1081344K
  class space    used 3398K, committed 3520K, reserved 1048576K
}
Event: 20.133 GC heap before
{Heap before GC invocations=15 (full 0):
 garbage-first heap   total 331776K, used 254378K [0x000000070a000000, 0x0000000800000000)
  region size 2048K, 49 young (100352K), 7 survivors (14336K)
 Metaspace       used 31239K, committed 31616K, reserved 1081344K
  class space    used 3407K, committed 3584K, reserved 1048576K
}
Event: 20.150 GC heap after
{Heap after GC invocations=16 (full 0):
 garbage-first heap   total 331776K, used 183049K [0x000000070a000000, 0x0000000800000000)
  region size 2048K, 6 young (12288K), 6 survivors (12288K)
 Metaspace       used 31239K, committed 31616K, reserved 1081344K
  class space    used 3407K, committed 3584K, reserved 1048576K
}
Event: 20.174 GC heap before
{Heap before GC invocations=16 (full 0):
 garbage-first heap   total 331776K, used 187145K [0x000000070a000000, 0x0000000800000000)
  region size 2048K, 8 young (16384K), 6 survivors (12288K)
 Metaspace       used 31239K, committed 31616K, reserved 1081344K
  class space    used 3407K, committed 3584K, reserved 1048576K
}
Event: 20.190 GC heap after
{Heap after GC invocations=17 (full 0):
 garbage-first heap   total 331776K, used 182740K [0x000000070a000000, 0x0000000800000000)
  region size 2048K, 1 young (2048K), 1 survivors (2048K)
 Metaspace       used 31239K, committed 31616K, reserved 1081344K
  class space    used 3407K, committed 3584K, reserved 1048576K
}
Event: 20.518 GC heap before
{Heap before GC invocations=17 (full 0):
 garbage-first heap   total 331776K, used 207316K [0x000000070a000000, 0x0000000800000000)
  region size 2048K, 14 young (28672K), 1 survivors (2048K)
 Metaspace       used 31402K, committed 31744K, reserved 1081344K
  class space    used 3428K, committed 3584K, reserved 1048576K
}
Event: 20.535 GC heap after
{Heap after GC invocations=18 (full 0):
 garbage-first heap   total 763904K, used 189454K [0x000000070a000000, 0x0000000800000000)
  region size 2048K, 5 young (10240K), 5 survivors (10240K)
 Metaspace       used 31402K, committed 31744K, reserved 1081344K
  class space    used 3428K, committed 3584K, reserved 1048576K
}

Deoptimization events (20 events):
Event: 21.639 Thread 0x0000016a95be0f10 Uncommon trap: trap_request=0xffffffec fr.pc=0x0000016aa4eec250 relative=0x0000000000000170
Event: 21.640 Thread 0x0000016a95be0f10 Uncommon trap: reason=null_assert_or_unreached0 action=make_not_entrant pc=0x0000016aa4eec250 method=java.security.AccessController.doPrivileged(Ljava/security/PrivilegedExceptionAction;Ljava/security/AccessControlContext;)Ljava/lang/Object; @ 25 c2
Event: 21.640 Thread 0x0000016a95be0f10 DEOPT PACKING pc=0x0000016aa4eec250 sp=0x000000669a2fcb00
Event: 21.640 Thread 0x0000016a95be0f10 DEOPT UNPACKING pc=0x0000016a9d4323a3 sp=0x000000669a2fca18 mode 2
Event: 21.646 Thread 0x0000016a95be0f10 Uncommon trap: trap_request=0xffffffde fr.pc=0x0000016aa4ee8ed8 relative=0x0000000000001258
Event: 21.646 Thread 0x0000016a95be0f10 Uncommon trap: reason=class_check action=maybe_recompile pc=0x0000016aa4ee8ed8 method=jdk.internal.loader.URLClassPath.getLoader(I)Ljdk/internal/loader/URLClassPath$Loader; @ 88 c2
Event: 21.646 Thread 0x0000016a95be0f10 DEOPT PACKING pc=0x0000016aa4ee8ed8 sp=0x000000669a2fce20
Event: 21.646 Thread 0x0000016a95be0f10 DEOPT UNPACKING pc=0x0000016a9d4323a3 sp=0x000000669a2fce10 mode 2
Event: 21.654 Thread 0x0000016a95be0f10 Uncommon trap: trap_request=0xffffffde fr.pc=0x0000016aa4ee8ed8 relative=0x0000000000001258
Event: 21.654 Thread 0x0000016a95be0f10 Uncommon trap: reason=class_check action=maybe_recompile pc=0x0000016aa4ee8ed8 method=jdk.internal.loader.URLClassPath.getLoader(I)Ljdk/internal/loader/URLClassPath$Loader; @ 88 c2
Event: 21.654 Thread 0x0000016a95be0f10 DEOPT PACKING pc=0x0000016aa4ee8ed8 sp=0x000000669a2fce20
Event: 21.654 Thread 0x0000016a95be0f10 DEOPT UNPACKING pc=0x0000016a9d4323a3 sp=0x000000669a2fce10 mode 2
Event: 21.735 Thread 0x0000016a95be0f10 Uncommon trap: trap_request=0xffffff45 fr.pc=0x0000016aa5269198 relative=0x00000000000001f8
Event: 21.735 Thread 0x0000016a95be0f10 Uncommon trap: reason=unstable_if action=reinterpret pc=0x0000016aa5269198 method=java.net.URI.match(CJJ)Z @ 19 c2
Event: 21.735 Thread 0x0000016a95be0f10 DEOPT PACKING pc=0x0000016aa5269198 sp=0x000000669a2fcbb0
Event: 21.735 Thread 0x0000016a95be0f10 DEOPT UNPACKING pc=0x0000016a9d4323a3 sp=0x000000669a2fcae8 mode 2
Event: 21.735 Thread 0x0000016a95be0f10 Uncommon trap: trap_request=0xffffff45 fr.pc=0x0000016aa4ebf5c8 relative=0x0000000000000048
Event: 21.735 Thread 0x0000016a95be0f10 Uncommon trap: reason=unstable_if action=reinterpret pc=0x0000016aa4ebf5c8 method=java.net.URI.match(CJJ)Z @ 19 c2
Event: 21.735 Thread 0x0000016a95be0f10 DEOPT PACKING pc=0x0000016aa4ebf5c8 sp=0x000000669a2fcac0
Event: 21.735 Thread 0x0000016a95be0f10 DEOPT UNPACKING pc=0x0000016a9d4323a3 sp=0x000000669a2fca70 mode 2

Classes unloaded (0 events):
No events

Classes redefined (0 events):
No events

Internal exceptions (20 events):
Event: 21.467 Thread 0x0000016a95be0f10 Exception <a 'java/lang/NoSuchMethodError'{0x00000007342e1a48}: static Lio/quarkus/bootstrap/model/CapabilityContract;.<clinit>()V> (0x00000007342e1a48) 
thrown [t:\workspace\open\src\hotspot\share\prims\jni.cpp, line 1107]
Event: 21.470 Thread 0x0000016a95be0f10 Exception <a 'java/lang/NoSuchMethodError'{0x00000007342ec0d8}: static [Ljava/lang/String;.<clinit>()V> (0x00000007342ec0d8) 
thrown [t:\workspace\open\src\hotspot\share\prims\jni.cpp, line 1107]
Event: 21.516 Thread 0x0000016a95be0f10 Exception <a 'java/lang/NoSuchMethodError'{0x00000007343366e0}: static Lio/quarkus/maven/dependency/GACT;.<clinit>()V> (0x00000007343366e0) 
thrown [t:\workspace\open\src\hotspot\share\prims\jni.cpp, line 1107]
Event: 21.520 Thread 0x0000016a95be0f10 Exception <a 'java/lang/NoSuchMethodError'{0x0000000734347f40}: static Lio/quarkus/bootstrap/model/PlatformImportsImpl;.<clinit>()V> (0x0000000734347f40) 
thrown [t:\workspace\open\src\hotspot\share\prims\jni.cpp, line 1107]
Event: 21.522 Thread 0x0000016a95be0f10 Exception <a 'java/lang/NoSuchMethodError'{0x0000000734354100}: static Lio/quarkus/bootstrap/model/PlatformInfo;.<clinit>()V> (0x0000000734354100) 
thrown [t:\workspace\open\src\hotspot\share\prims\jni.cpp, line 1107]
Event: 21.524 Thread 0x0000016a95be0f10 Exception <a 'java/lang/NoSuchMethodError'{0x000000073435fb70}: static Lio/quarkus/bootstrap/model/PlatformStreamInfo;.<clinit>()V> (0x000000073435fb70) 
thrown [t:\workspace\open\src\hotspot\share\prims\jni.cpp, line 1107]
Event: 21.526 Thread 0x0000016a95be0f10 Exception <a 'java/lang/NoSuchMethodError'{0x000000073436bb70}: static Lio/quarkus/bootstrap/model/PlatformReleaseInfo;.<clinit>()V> (0x000000073436bb70) 
thrown [t:\workspace\open\src\hotspot\share\prims\jni.cpp, line 1107]
Event: 21.528 Thread 0x0000016a95be0f10 Exception <a 'java/lang/NoSuchMethodError'{0x0000000734375e60}: static Lio/quarkus/bootstrap/model/PlatformImportsImpl$PlatformImport;.<clinit>()V> (0x0000000734375e60) 
thrown [t:\workspace\open\src\hotspot\share\prims\jni.cpp, line 1107]
Event: 21.531 Thread 0x0000016a95be0f10 Exception <a 'java/lang/NoSuchMethodError'{0x000000073437e580}: 'void java.lang.invoke.DirectMethodHandle$Holder.invokeStatic(java.lang.Object, java.lang.Object, java.lang.Object)'> (0x000000073437e580) 
thrown [t:\workspace\open\src\hotspot\share\interpreter\linkResolver.cpp, line 766]
Event: 21.625 Thread 0x0000016a95be0f10 Exception <a 'sun/nio/fs/WindowsException'{0x0000000733ca0a60}> (0x0000000733ca0a60) 
thrown [t:\workspace\open\src\hotspot\share\prims\jni.cpp, line 516]
Event: 21.738 Thread 0x0000016a95be0f10 Exception <a 'java/net/ConnectException'{0x0000000733dbaf20}: Connection refused: connect> (0x0000000733dbaf20) 
thrown [t:\workspace\open\src\hotspot\share\prims\jni.cpp, line 535]
Event: 21.740 Thread 0x0000016a95be0f10 Exception <a 'java/net/SocketException'{0x0000000733dbc4d0}: Socket is not connected: shutdown> (0x0000000733dbc4d0) 
thrown [t:\workspace\open\src\hotspot\share\prims\jni.cpp, line 535]
Event: 21.778 Thread 0x0000016a95be0f10 Exception <a 'java/lang/NoSuchMethodError'{0x0000000733a50110}: static Ljava/lang/Object;.<clinit>()V> (0x0000000733a50110) 
thrown [t:\workspace\open\src\hotspot\share\prims\jni.cpp, line 1107]
Event: 21.780 Thread 0x0000016a95be0f10 Exception <a 'java/lang/NoSuchMethodError'{0x0000000733a61a30}: static Lio/quarkus/deployment/dev/DevModeContext$ModuleInfo;.<clinit>()V> (0x0000000733a61a30) 
thrown [t:\workspace\open\src\hotspot\share\prims\jni.cpp, line 1107]
Event: 21.782 Thread 0x0000016a95be0f10 Exception <a 'java/lang/NoSuchMethodError'{0x0000000733a6d598}: static Lio/quarkus/deployment/dev/DevModeContext$CompilationUnit;.<clinit>()V> (0x0000000733a6d598) 
thrown [t:\workspace\open\src\hotspot\share\prims\jni.cpp, line 1107]
Event: 21.797 Thread 0x0000016a95be0f10 Exception <a 'java/lang/NoSuchMethodError'{0x0000000733a7b020}: 'void java.lang.invoke.DirectMethodHandle$Holder.invokeStatic(java.lang.Object, long)'> (0x0000000733a7b020) 
thrown [t:\workspace\open\src\hotspot\share\interpreter\linkResolver.cpp, line 766]
Event: 21.798 Thread 0x0000016a95be0f10 Exception <a 'java/lang/NoSuchMethodError'{0x0000000733a80670}: 'java.lang.Object java.lang.invoke.DirectMethodHandle$Holder.newInvokeSpecial(java.lang.Object, long)'> (0x0000000733a80670) 
thrown [t:\workspace\open\src\hotspot\share\interpreter\linkResolver.cpp, line 766]
Event: 21.803 Thread 0x0000016a95be0f10 Exception <a 'java/lang/NoSuchMethodError'{0x0000000733a8ae30}: 'java.lang.Object java.lang.invoke.DirectMethodHandle$Holder.invokeStaticInit(java.lang.Object, java.lang.Object, long, java.lang.Object)'> (0x0000000733a8ae30) 
thrown [t:\workspace\open\src\hotspot\share\interpreter\linkResolver.cpp, line 766]
Event: 21.804 Thread 0x0000016a95be0f10 Exception <a 'java/lang/NoSuchMethodError'{0x0000000733a91478}: 'java.lang.Object java.lang.invoke.DirectMethodHandle$Holder.newInvokeSpecial(java.lang.Object, java.lang.Object, long)'> (0x0000000733a91478) 
thrown [t:\workspace\open\src\hotspot\share\interpreter\linkResolver.cpp, line 766]
Event: 21.804 Thread 0x0000016a95be0f10 Exception <a 'java/lang/NoSuchMethodError'{0x0000000733a94fe8}: 'java.lang.Object java.lang.invoke.Invokers$Holder.linkToTargetMethod(java.lang.Object, long, java.lang.Object)'> (0x0000000733a94fe8) 
thrown [t:\workspace\open\src\hotspot\share\interpreter\linkResolver.cpp, line 766]

VM Operations (20 events):
Event: 18.871 Executing VM operation: HandshakeAllThreads
Event: 18.871 Executing VM operation: HandshakeAllThreads done
Event: 19.773 Executing VM operation: G1TryInitiateConcMark
Event: 19.783 Executing VM operation: G1TryInitiateConcMark done
Event: 19.944 Executing VM operation: G1Concurrent
Event: 19.951 Executing VM operation: G1Concurrent done
Event: 20.019 Executing VM operation: G1Concurrent
Event: 20.019 Executing VM operation: G1Concurrent done
Event: 20.133 Executing VM operation: G1CollectForAllocation
Event: 20.150 Executing VM operation: G1CollectForAllocation done
Event: 20.174 Executing VM operation: G1CollectForAllocation
Event: 20.190 Executing VM operation: G1CollectForAllocation done
Event: 20.518 Executing VM operation: G1TryInitiateConcMark
Event: 20.535 Executing VM operation: G1TryInitiateConcMark done
Event: 21.548 Executing VM operation: Cleanup
Event: 21.548 Executing VM operation: Cleanup done
Event: 21.639 Executing VM operation: HandshakeAllThreads
Event: 21.639 Executing VM operation: HandshakeAllThreads done
Event: 21.722 Executing VM operation: HandshakeAllThreads
Event: 21.722 Executing VM operation: HandshakeAllThreads done

Events (20 events):
Event: 21.805 loading class java/util/concurrent/SynchronousQueue
Event: 21.806 loading class java/util/concurrent/SynchronousQueue done
Event: 21.806 loading class java/util/concurrent/SynchronousQueue$TransferStack
Event: 21.806 loading class java/util/concurrent/SynchronousQueue$Transferer
Event: 21.806 loading class java/util/concurrent/SynchronousQueue$Transferer done
Event: 21.806 loading class java/util/concurrent/SynchronousQueue$TransferStack done
Event: 21.806 loading class java/util/concurrent/SynchronousQueue$TransferStack$SNode
Event: 21.807 loading class java/util/concurrent/ForkJoinPool$ManagedBlocker
Event: 21.807 loading class java/util/concurrent/ForkJoinPool$ManagedBlocker done
Event: 21.807 loading class java/util/concurrent/SynchronousQueue$TransferStack$SNode done
Event: 21.807 loading class java/lang/ProcessImpl$2
Event: 21.807 loading class java/lang/ProcessImpl$2 done
Event: 21.807 loading class java/lang/ProcessBuilder$NullOutputStream
Event: 21.807 loading class java/lang/ProcessBuilder$NullOutputStream done
Event: 21.807 loading class java/lang/ProcessBuilder$NullInputStream
Event: 21.807 loading class java/lang/ProcessBuilder$NullInputStream done
Event: 21.807 loading class jdk/internal/event/ProcessStartEvent
Event: 21.808 loading class jdk/internal/event/Event
Event: 21.808 loading class jdk/internal/event/Event done
Event: 21.808 loading class jdk/internal/event/ProcessStartEvent done


Dynamic libraries:
0x00007ff6b3b90000 - 0x00007ff6b3b9e000 	C:\Users\david\.jdks\openjdk-17.0.1\bin\java.exe
0x00007ffc7c1b0000 - 0x00007ffc7c3a8000 	C:\Windows\SYSTEM32\ntdll.dll
0x00007ffc7b3f0000 - 0x00007ffc7b4af000 	C:\Windows\System32\KERNEL32.DLL
0x00007ffc798b0000 - 0x00007ffc79b82000 	C:\Windows\System32\KERNELBASE.dll
0x00007ffc79d20000 - 0x00007ffc79e20000 	C:\Windows\System32\ucrtbase.dll
0x00007ffc4fee0000 - 0x00007ffc4fef8000 	C:\Users\david\.jdks\openjdk-17.0.1\bin\jli.dll
0x00007ffc4ec40000 - 0x00007ffc4ec5a000 	C:\Users\david\.jdks\openjdk-17.0.1\bin\VCRUNTIME140.dll
0x00007ffc7aa10000 - 0x00007ffc7abad000 	C:\Windows\System32\USER32.dll
0x00007ffc69260000 - 0x00007ffc694fa000 	C:\Windows\WinSxS\amd64_microsoft.windows.common-controls_6595b64144ccf1df_6.0.19041.1110_none_60b5254171f9507e\COMCTL32.dll
0x00007ffc7a160000 - 0x00007ffc7a182000 	C:\Windows\System32\win32u.dll
0x00007ffc7b3c0000 - 0x00007ffc7b3eb000 	C:\Windows\System32\GDI32.dll
0x00007ffc7a360000 - 0x00007ffc7a3fe000 	C:\Windows\System32\msvcrt.dll
0x00007ffc79ec0000 - 0x00007ffc79fcf000 	C:\Windows\System32\gdi32full.dll
0x00007ffc79e20000 - 0x00007ffc79ebd000 	C:\Windows\System32\msvcp_win.dll
0x00007ffc7a200000 - 0x00007ffc7a232000 	C:\Windows\System32\IMM32.DLL
0x00007ffc68390000 - 0x00007ffc6839c000 	C:\Users\david\.jdks\openjdk-17.0.1\bin\vcruntime140_1.dll
0x00007ffc37410000 - 0x00007ffc3749d000 	C:\Users\david\.jdks\openjdk-17.0.1\bin\msvcp140.dll
0x00007ffbd8a30000 - 0x00007ffbd95ee000 	C:\Users\david\.jdks\openjdk-17.0.1\bin\server\jvm.dll
0x00007ffc7b310000 - 0x00007ffc7b3be000 	C:\Windows\System32\ADVAPI32.dll
0x00007ffc7c050000 - 0x00007ffc7c0ec000 	C:\Windows\System32\sechost.dll
0x00007ffc7a670000 - 0x00007ffc7a795000 	C:\Windows\System32\RPCRT4.dll
0x00007ffc7a460000 - 0x00007ffc7a468000 	C:\Windows\System32\PSAPI.DLL
0x00007ffc76990000 - 0x00007ffc769b7000 	C:\Windows\SYSTEM32\WINMM.dll
0x00007ffc746b0000 - 0x00007ffc746b9000 	C:\Windows\SYSTEM32\WSOCK32.dll
0x00007ffc6feb0000 - 0x00007ffc6feba000 	C:\Windows\SYSTEM32\VERSION.dll
0x00007ffc7a600000 - 0x00007ffc7a66b000 	C:\Windows\System32\WS2_32.dll
0x00007ffc78100000 - 0x00007ffc78112000 	C:\Windows\SYSTEM32\kernel.appcore.dll
0x00007ffc67bd0000 - 0x00007ffc67bda000 	C:\Users\david\.jdks\openjdk-17.0.1\bin\jimage.dll
0x00007ffc77920000 - 0x00007ffc77b04000 	C:\Windows\SYSTEM32\DBGHELP.DLL
0x00007ffc670e0000 - 0x00007ffc6710c000 	C:\Windows\SYSTEM32\dbgcore.DLL
0x00007ffc79fd0000 - 0x00007ffc7a052000 	C:\Windows\System32\bcryptPrimitives.dll
0x00007ffc46fa0000 - 0x00007ffc46fc5000 	C:\Users\david\.jdks\openjdk-17.0.1\bin\java.dll
0x00007ffc35940000 - 0x00007ffc35a16000 	C:\Users\david\.jdks\openjdk-17.0.1\bin\svml.dll
0x00007ffc7abc0000 - 0x00007ffc7b303000 	C:\Windows\System32\SHELL32.dll
0x00007ffc77180000 - 0x00007ffc77912000 	C:\Windows\SYSTEM32\windows.storage.dll
0x00007ffc7b670000 - 0x00007ffc7b9c4000 	C:\Windows\System32\combase.dll
0x00007ffc792a0000 - 0x00007ffc792d0000 	C:\Windows\SYSTEM32\Wldp.dll
0x00007ffc7a960000 - 0x00007ffc7aa0d000 	C:\Windows\System32\SHCORE.dll
0x00007ffc7bff0000 - 0x00007ffc7c045000 	C:\Windows\System32\shlwapi.dll
0x00007ffc797f0000 - 0x00007ffc7980f000 	C:\Windows\SYSTEM32\profapi.dll
0x00007ffc45160000 - 0x00007ffc45179000 	C:\Users\david\.jdks\openjdk-17.0.1\bin\net.dll
0x00007ffc71b30000 - 0x00007ffc71c3c000 	C:\Windows\SYSTEM32\WINHTTP.dll
0x00007ffc79000000 - 0x00007ffc7906a000 	C:\Windows\system32\mswsock.dll
0x00007ffc3a5b0000 - 0x00007ffc3a5c5000 	C:\Users\david\.jdks\openjdk-17.0.1\bin\nio.dll
0x00007ffc3a0c0000 - 0x00007ffc3a0d8000 	C:\Users\david\.jdks\openjdk-17.0.1\bin\zip.dll
0x0000000069ac0000 - 0x0000000069ae4000 	C:\Users\david\AppData\Local\Temp\jansi-2.4.0-8d5fb280fae4e9fd-jansi.dll
0x00007ffc618e0000 - 0x00007ffc618f0000 	C:\Users\david\.jdks\openjdk-17.0.1\bin\verify.dll
0x00007ffc79200000 - 0x00007ffc79218000 	C:\Windows\SYSTEM32\CRYPTSP.dll
0x00007ffc78890000 - 0x00007ffc788c4000 	C:\Windows\system32\rsaenh.dll
0x00007ffc79cf0000 - 0x00007ffc79d17000 	C:\Windows\System32\bcrypt.dll
0x00007ffc79770000 - 0x00007ffc7979e000 	C:\Windows\SYSTEM32\USERENV.dll
0x00007ffc791f0000 - 0x00007ffc791fc000 	C:\Windows\SYSTEM32\CRYPTBASE.dll
0x00007ffc78c80000 - 0x00007ffc78cbb000 	C:\Windows\SYSTEM32\IPHLPAPI.DLL
0x00007ffc7abb0000 - 0x00007ffc7abb8000 	C:\Windows\System32\NSI.dll
0x00007ffc72790000 - 0x00007ffc727a7000 	C:\Windows\SYSTEM32\dhcpcsvc6.DLL
0x00007ffc72dd0000 - 0x00007ffc72ded000 	C:\Windows\SYSTEM32\dhcpcsvc.DLL
0x00007ffc78cc0000 - 0x00007ffc78d8a000 	C:\Windows\SYSTEM32\DNSAPI.dll
0x00007ffc746d0000 - 0x00007ffc746da000 	C:\Users\david\AppData\Local\Temp\jansi-2.7.1.Final-93fa3188adb8407f81dad04d08abc8192e4e380d.dll

dbghelp: loaded successfully - version: 4.0.5 - missing functions: none
symbol engine: initialized successfully - sym options: 0x614 - pdb path: .;C:\Users\david\.jdks\openjdk-17.0.1\bin;C:\Windows\SYSTEM32;C:\Windows\WinSxS\amd64_microsoft.windows.common-controls_6595b64144ccf1df_6.0.19041.1110_none_60b5254171f9507e;C:\Users\david\.jdks\openjdk-17.0.1\bin\server;C:\Users\david\AppData\Local\Temp

VM Arguments:
jvm_args: -Dmaven.multiModuleProjectDirectory=D:\4bhitm\ITP\git-latest-5bhitm\backend 
java_command: org.apache.maven.wrapper.MavenWrapperMain clean compile quarkus:dev
java_class_path (initial): D:\4bhitm\ITP\git-latest-5bhitm\backend\.mvn\wrapper\maven-wrapper.jar
Launcher Type: SUN_STANDARD

[Global flags]
     intx CICompilerCount                          = 4                                         {product} {ergonomic}
     uint ConcGCThreads                            = 3                                         {product} {ergonomic}
     uint G1ConcRefinementThreads                  = 10                                        {product} {ergonomic}
   size_t G1HeapRegionSize                         = 2097152                                   {product} {ergonomic}
    uintx GCDrainStackTargetSize                   = 64                                        {product} {ergonomic}
   size_t InitialHeapSize                          = 257949696                                 {product} {ergonomic}
   size_t MarkStackSize                            = 4194304                                   {product} {ergonomic}
   size_t MaxHeapSize                              = 4127195136                                {product} {ergonomic}
   size_t MaxNewSize                               = 2474639360                                {product} {ergonomic}
   size_t MinHeapDeltaBytes                        = 2097152                                   {product} {ergonomic}
   size_t MinHeapSize                              = 8388608                                   {product} {ergonomic}
    uintx NonNMethodCodeHeapSize                   = 5839372                                {pd product} {ergonomic}
    uintx NonProfiledCodeHeapSize                  = 122909434                              {pd product} {ergonomic}
    uintx ProfiledCodeHeapSize                     = 122909434                              {pd product} {ergonomic}
    uintx ReservedCodeCacheSize                    = 251658240                              {pd product} {ergonomic}
     bool SegmentedCodeCache                       = true                                      {product} {ergonomic}
   size_t SoftMaxHeapSize                          = 4127195136                             {manageable} {ergonomic}
     bool UseCompressedClassPointers               = true                           {product lp64_product} {ergonomic}
     bool UseCompressedOops                        = true                           {product lp64_product} {ergonomic}
     bool UseG1GC                                  = true                                      {product} {ergonomic}
     bool UseLargePagesIndividualAllocation        = false                                  {pd product} {ergonomic}

Logging:
Log output configuration:
 #0: stdout all=warning uptime,level,tags
 #1: stderr all=off uptime,level,tags

Environment Variables:
JAVA_HOME=C:\Users\david\.jdks\openjdk-17.0.1
PATH=C:\Program Files (x86)\VMware\VMware Player\bin\;C:\Program Files (x86)\Common Files\Intel\Shared Libraries\redist\intel64_win\compiler;C:\Windows\system32;C:\Windows;C:\Windows\System32\Wbem;C:\Windows\System32\WindowsPowerShell\v1.0\;C:\Windows\System32\OpenSSH\;C:\Program Files\PuTTY\;C:\Program Files\nodejs\;C:\Program Files\Git\cmd;C:\Program Files (x86)\BaseX\bin;C:\Strawberry\c\bin;C:\Strawberry\perl\site\bin;C:\Strawberry\perl\bin;C:\Program Files\Docker\Docker\resources\bin;C:\Users\david\AppData\Local\Microsoft\WindowsApps;C:\Users\david\AppData\Local\Programs\Microsoft VS Code\bin;C:\Users\david\AppData\Roaming\npm;C:\Users\david\.jdks\openjdk-17.0.1\bin;C:\Users\david\AppData\Local\Programs\MiKTeX\miktex\bin\x64\;C:\Users\david\AppData\Local\JetBrains\Toolbox\scripts
USERNAME=david
OS=Windows_NT
PROCESSOR_IDENTIFIER=AMD64 Family 23 Model 96 Stepping 1, AuthenticAMD



---------------  S Y S T E M  ---------------

OS:
 Windows 10 , 64 bit Build 19041 (10.0.19041.2251)
OS uptime: 27 days 12:33 hours
Hyper-V role detected

CPU: total 12 (initial active 12) (12 cores per cpu, 2 threads per core) family 23 model 96 stepping 1 microcode 0x0, cx8, cmov, fxsr, ht, mmx, 3dnowpref, sse, sse2, sse3, ssse3, sse4a, sse4.1, sse4.2, popcnt, lzcnt, tsc, tscinvbit, avx, avx2, aes, clmul, bmi1, bmi2, adx, sha, fma, vzeroupper, clflush, clflushopt, hv

Memory: 4k page, system-wide physical 15741M (322M free)
TotalPageFile size 28181M (AvailPageFile size 314M)
current process WorkingSet (physical memory assigned to process): 606M, peak: 610M
current process commit charge ("private bytes"): 1003M, peak: 1009M

vm_info: OpenJDK 64-Bit Server VM (17.0.1+12-39) for windows-amd64 JRE (17.0.1+12-39), built on Sep 27 2021 18:39:29 by "mach5one" with MS VC++ 16.8 (VS2019)

END.
