#
# There is insufficient memory for the Java Runtime Environment to continue.
# Native memory allocation (mmap) failed to map 4030464 bytes for G1 virtual space
# Possible reasons:
#   The system is out of physical RAM or swap space
#   The process is running with CompressedOops enabled, and the Java Heap may be blocking the growth of the native heap
# Possible solutions:
#   Reduce memory load on the system
#   Increase physical memory or swap space
#   Check if swap backing store is full
#   Decrease Java heap size (-Xmx/-Xms)
#   Decrease number of Java threads
#   Decrease Java thread stack sizes (-Xss)
#   Set larger code cache with -XX:ReservedCodeCacheSize=
#   JVM is running with Zero Based Compressed Oops mode in which the Java heap is
#     placed in the first 32GB address space. The Java Heap base address is the
#     maximum limit for the native heap growth. Please use -XX:HeapBaseMinAddress
#     to set the Java Heap base and to place the Java Heap above 32GB virtual address.
# This output file may be truncated or incomplete.
#
#  Out of Memory Error (os_windows.cpp:3469), pid=26612, tid=26604
#
# JRE version:  (17.0.1+12) (build )
# Java VM: OpenJDK 64-Bit Server VM (17.0.1+12-39, mixed mode, emulated-client, sharing, tiered, compressed oops, compressed class ptrs, g1 gc, windows-amd64)
# No core dump will be written. Minidumps are not enabled by default on client versions of Windows
#

---------------  S U M M A R Y ------------

Command Line: -Dio.quarkus.force-color-support=true -Dquarkus-internal.serialized-app-model.path=D:\4bhitm\ITP\git-latest-5bhitm\backend\target\quarkus\bootstrap\dev-app-model.dat -javaagent:C:\Users\david\.m2\repository\io\quarkus\quarkus-class-change-agent\2.7.1.Final\quarkus-class-change-agent-2.7.1.Final.jar -XX:TieredStopAtLevel=1 -agentlib:jdwp=transport=dt_socket,address=localhost:5005,server=y,suspend=n -Djava.util.logging.manager=org.jboss.logmanager.LogManager D:\4bhitm\ITP\git-latest-5bhitm\backend\target\pickngo-dev.jar

Host: AMD Ryzen 5 4600H with Radeon Graphics         , 12 cores, 15G,  Windows 10 , 64 bit Build 19041 (10.0.19041.2251)
Time: Wed Dec  7 20:31:51 2022 Mitteleuropäische Zeit elapsed time: 0.031093 seconds (0d 0h 0m 0s)

---------------  T H R E A D  ---------------

Current thread (0x000001d5901806f0):  JavaThread "Unknown thread" [_thread_in_vm, id=26604, stack(0x0000008768800000,0x0000008768900000)]

Stack: [0x0000008768800000,0x0000008768900000]
Native frames: (J=compiled Java code, j=interpreted, Vv=VM code, C=native code)
V  [jvm.dll+0x66fa1a]
V  [jvm.dll+0x7ce5a4]
V  [jvm.dll+0x7cfd4e]
V  [jvm.dll+0x7d03b3]
V  [jvm.dll+0x242b05]
V  [jvm.dll+0x66ca39]
V  [jvm.dll+0x661502]
V  [jvm.dll+0x30081b]
V  [jvm.dll+0x307da6]
V  [jvm.dll+0x357a48]
V  [jvm.dll+0x357c4f]
V  [jvm.dll+0x2d7ad8]
V  [jvm.dll+0x2d8a44]
V  [jvm.dll+0x7a01e1]
V  [jvm.dll+0x365791]
V  [jvm.dll+0x77f6cc]
V  [jvm.dll+0x3e812f]
V  [jvm.dll+0x3e9bd1]
C  [jli.dll+0x527b]
C  [ucrtbase.dll+0x21bb2]
C  [KERNEL32.DLL+0x174b4]
C  [ntdll.dll+0x526a1]


---------------  P R O C E S S  ---------------

Threads class SMR info:
_java_thread_list=0x00007ffbd94c7818, length=0, elements={
}

Java Threads: ( => current thread )

Other Threads:
  0x000001d5901cff40 GCTaskThread "GC Thread#0" [stack: 0x0000008768900000,0x0000008768a00000] [id=23700]
  0x000001d5901e0480 ConcurrentGCThread "G1 Main Marker" [stack: 0x0000008768a00000,0x0000008768b00000] [id=24420]
  0x000001d5901e3540 ConcurrentGCThread "G1 Conc#0" [stack: 0x0000008768b00000,0x0000008768c00000] [id=21408]

[error occurred during error reporting (printing all threads), id 0xc0000005, EXCEPTION_ACCESS_VIOLATION (0xc0000005) at pc=0x00007ffbd8d184b7]

VM state: not at safepoint (not fully initialized)

VM Mutex/Monitor currently owned by a thread:  ([mutex/lock_event])
[0x000001d59017ca80] Heap_lock - owner thread: 0x000001d5901806f0

Heap address: 0x000000070a000000, size: 3936 MB, Compressed Oops mode: Zero based, Oop shift amount: 3

CDS archive(s) mapped at: [0x0000000000000000-0x0000000000000000-0x0000000000000000), size 0, SharedBaseAddress: 0x0000000800000000, ArchiveRelocationMode: 0.
Narrow klass base: 0x0000000000000000, Narrow klass shift: 0, Narrow klass range: 0x0

GC Precious Log:
<Empty>

Heap:
 garbage-first heap   total 0K, used 0K [0x000000070a000000, 0x0000000800000000)
  region size 2048K, 0 young (0K), 0 survivors (0K)

[error occurred during error reporting (printing heap information), id 0xc0000005, EXCEPTION_ACCESS_VIOLATION (0xc0000005) at pc=0x00007ffbd90f8d89]

GC Heap History (0 events):
No events

Deoptimization events (0 events):
No events

Classes unloaded (0 events):
No events

Classes redefined (0 events):
No events

Internal exceptions (0 events):
No events

VM Operations (0 events):
No events

Events (1 events):
Event: 0.018 Loaded shared library C:\Users\david\.jdks\openjdk-17.0.1\bin\java.dll


Dynamic libraries:
0x00007ff6b3b90000 - 0x00007ff6b3b9e000 	C:\Users\david\.jdks\openjdk-17.0.1\bin\java.EXE
0x00007ffc7c1b0000 - 0x00007ffc7c3a8000 	C:\Windows\SYSTEM32\ntdll.dll
0x00007ffc7b3f0000 - 0x00007ffc7b4af000 	C:\Windows\System32\KERNEL32.DLL
0x00007ffc798b0000 - 0x00007ffc79b82000 	C:\Windows\System32\KERNELBASE.dll
0x00007ffc79d20000 - 0x00007ffc79e20000 	C:\Windows\System32\ucrtbase.dll
0x00007ffc4fee0000 - 0x00007ffc4fef8000 	C:\Users\david\.jdks\openjdk-17.0.1\bin\jli.dll
0x00007ffc4ec40000 - 0x00007ffc4ec5a000 	C:\Users\david\.jdks\openjdk-17.0.1\bin\VCRUNTIME140.dll
0x00007ffc7aa10000 - 0x00007ffc7abad000 	C:\Windows\System32\USER32.dll
0x00007ffc69260000 - 0x00007ffc694fa000 	C:\Windows\WinSxS\amd64_microsoft.windows.common-controls_6595b64144ccf1df_6.0.19041.1110_none_60b5254171f9507e\COMCTL32.dll
0x00007ffc7a160000 - 0x00007ffc7a182000 	C:\Windows\System32\win32u.dll
0x00007ffc7a360000 - 0x00007ffc7a3fe000 	C:\Windows\System32\msvcrt.dll
0x00007ffc7b3c0000 - 0x00007ffc7b3eb000 	C:\Windows\System32\GDI32.dll
0x00007ffc79ec0000 - 0x00007ffc79fcf000 	C:\Windows\System32\gdi32full.dll
0x00007ffc79e20000 - 0x00007ffc79ebd000 	C:\Windows\System32\msvcp_win.dll
0x00007ffc7a200000 - 0x00007ffc7a232000 	C:\Windows\System32\IMM32.DLL
0x00007ffc68390000 - 0x00007ffc6839c000 	C:\Users\david\.jdks\openjdk-17.0.1\bin\vcruntime140_1.dll
0x00007ffc37410000 - 0x00007ffc3749d000 	C:\Users\david\.jdks\openjdk-17.0.1\bin\msvcp140.dll
0x00007ffbd8a30000 - 0x00007ffbd95ee000 	C:\Users\david\.jdks\openjdk-17.0.1\bin\server\jvm.dll
0x00007ffc7b310000 - 0x00007ffc7b3be000 	C:\Windows\System32\ADVAPI32.dll
0x00007ffc7c050000 - 0x00007ffc7c0ec000 	C:\Windows\System32\sechost.dll
0x00007ffc7a670000 - 0x00007ffc7a795000 	C:\Windows\System32\RPCRT4.dll
0x00007ffc7a460000 - 0x00007ffc7a468000 	C:\Windows\System32\PSAPI.DLL
0x00007ffc746b0000 - 0x00007ffc746b9000 	C:\Windows\SYSTEM32\WSOCK32.dll
0x00007ffc76990000 - 0x00007ffc769b7000 	C:\Windows\SYSTEM32\WINMM.dll
0x00007ffc6feb0000 - 0x00007ffc6feba000 	C:\Windows\SYSTEM32\VERSION.dll
0x00007ffc7a600000 - 0x00007ffc7a66b000 	C:\Windows\System32\WS2_32.dll
0x00007ffc78100000 - 0x00007ffc78112000 	C:\Windows\SYSTEM32\kernel.appcore.dll
0x00007ffc67bd0000 - 0x00007ffc67bda000 	C:\Users\david\.jdks\openjdk-17.0.1\bin\jimage.dll
0x00007ffc77920000 - 0x00007ffc77b04000 	C:\Windows\SYSTEM32\DBGHELP.DLL
0x00007ffc670e0000 - 0x00007ffc6710c000 	C:\Windows\SYSTEM32\dbgcore.DLL
0x00007ffc79fd0000 - 0x00007ffc7a052000 	C:\Windows\System32\bcryptPrimitives.dll
0x00007ffc745b0000 - 0x00007ffc745be000 	C:\Users\david\.jdks\openjdk-17.0.1\bin\instrument.dll
0x00007ffc46fa0000 - 0x00007ffc46fc5000 	C:\Users\david\.jdks\openjdk-17.0.1\bin\java.dll
0x00007ffc618a0000 - 0x00007ffc618db000 	C:\Users\david\.jdks\openjdk-17.0.1\bin\jdwp.dll

dbghelp: loaded successfully - version: 4.0.5 - missing functions: none
symbol engine: initialized successfully - sym options: 0x614 - pdb path: .;C:\Users\david\.jdks\openjdk-17.0.1\bin;C:\Windows\SYSTEM32;C:\Windows\WinSxS\amd64_microsoft.windows.common-controls_6595b64144ccf1df_6.0.19041.1110_none_60b5254171f9507e;C:\Users\david\.jdks\openjdk-17.0.1\bin\server

VM Arguments:
jvm_args: -Dio.quarkus.force-color-support=true -Dquarkus-internal.serialized-app-model.path=D:\4bhitm\ITP\git-latest-5bhitm\backend\target\quarkus\bootstrap\dev-app-model.dat -javaagent:C:\Users\david\.m2\repository\io\quarkus\quarkus-class-change-agent\2.7.1.Final\quarkus-class-change-agent-2.7.1.Final.jar -XX:TieredStopAtLevel=1 -agentlib:jdwp=transport=dt_socket,address=localhost:5005,server=y,suspend=n -Djava.util.logging.manager=org.jboss.logmanager.LogManager 
java_command: D:\4bhitm\ITP\git-latest-5bhitm\backend\target\pickngo-dev.jar
java_class_path (initial): D:\4bhitm\ITP\git-latest-5bhitm\backend\target\pickngo-dev.jar
Launcher Type: SUN_STANDARD

[Global flags]
     intx CICompilerCount                          = 4                                         {product} {ergonomic}
     uint ConcGCThreads                            = 3                                         {product} {ergonomic}
     uint G1ConcRefinementThreads                  = 10                                        {product} {ergonomic}
   size_t G1HeapRegionSize                         = 2097152                                   {product} {ergonomic}
    uintx GCDrainStackTargetSize                   = 64                                        {product} {ergonomic}
   size_t InitialHeapSize                          = 257949696                                 {product} {ergonomic}
   size_t MarkStackSize                            = 4194304                                   {product} {ergonomic}
   size_t MaxHeapSize                              = 4127195136                                {product} {ergonomic}
   size_t MinHeapDeltaBytes                        = 2097152                                   {product} {ergonomic}
   size_t MinHeapSize                              = 8388608                                   {product} {ergonomic}
    uintx NonProfiledCodeHeapSize                  = 0                                      {pd product} {ergonomic}
     bool ProfileInterpreter                       = false                                  {pd product} {command line}
    uintx ProfiledCodeHeapSize                     = 0                                      {pd product} {ergonomic}
   size_t SoftMaxHeapSize                          = 4127195136                             {manageable} {ergonomic}
     intx TieredStopAtLevel                        = 1                                         {product} {command line}
     bool UseCompressedClassPointers               = true                           {product lp64_product} {ergonomic}
     bool UseCompressedOops                        = true                           {product lp64_product} {ergonomic}
     bool UseG1GC                                  = true                                      {product} {ergonomic}
     bool UseLargePagesIndividualAllocation        = false                                  {pd product} {ergonomic}

Logging:
Log output configuration:
 #0: stdout all=warning uptime,level,tags
 #1: stderr all=off uptime,level,tags

Environment Variables:
JAVA_HOME=C:\Users\david\.jdks\openjdk-17.0.1
PATH=C:\Program Files (x86)\VMware\VMware Player\bin\;C:\Program Files (x86)\Common Files\Intel\Shared Libraries\redist\intel64_win\compiler;C:\Windows\system32;C:\Windows;C:\Windows\System32\Wbem;C:\Windows\System32\WindowsPowerShell\v1.0\;C:\Windows\System32\OpenSSH\;C:\Program Files\PuTTY\;C:\Program Files\nodejs\;C:\Program Files\Git\cmd;C:\Program Files (x86)\BaseX\bin;C:\Strawberry\c\bin;C:\Strawberry\perl\site\bin;C:\Strawberry\perl\bin;C:\Program Files\Docker\Docker\resources\bin;C:\Users\david\AppData\Local\Microsoft\WindowsApps;C:\Users\david\AppData\Local\Programs\Microsoft VS Code\bin;C:\Users\david\AppData\Roaming\npm;C:\Users\david\.jdks\openjdk-17.0.1\bin;C:\Users\david\AppData\Local\Programs\MiKTeX\miktex\bin\x64\;C:\Users\david\AppData\Local\JetBrains\Toolbox\scripts
USERNAME=david
OS=Windows_NT
PROCESSOR_IDENTIFIER=AMD64 Family 23 Model 96 Stepping 1, AuthenticAMD



---------------  S Y S T E M  ---------------

OS:
 Windows 10 , 64 bit Build 19041 (10.0.19041.2251)
OS uptime: 27 days 12:33 hours
Hyper-V role detected

CPU: total 12 (initial active 12) (12 cores per cpu, 2 threads per core) family 23 model 96 stepping 1 microcode 0x0, cx8, cmov, fxsr, ht, mmx, 3dnowpref, sse, sse2, sse3, ssse3, sse4a, sse4.1, sse4.2, popcnt, lzcnt, tsc, tscinvbit, avx, avx2, aes, clmul, bmi1, bmi2, adx, sha, fma, vzeroupper, clflush, clflushopt, hv

Memory: 4k page, system-wide physical 15741M (322M free)
TotalPageFile size 28181M (AvailPageFile size 5M)
current process WorkingSet (physical memory assigned to process): 10M, peak: 10M
current process commit charge ("private bytes"): 309M, peak: 313M

vm_info: OpenJDK 64-Bit Server VM (17.0.1+12-39) for windows-amd64 JRE (17.0.1+12-39), built on Sep 27 2021 18:39:29 by "mach5one" with MS VC++ 16.8 (VS2019)

END.
