#
# There is insufficient memory for the Java Runtime Environment to continue.
# Native memory allocation (mmap) failed to map 656408576 bytes for G1 virtual space
# Possible reasons:
#   The system is out of physical RAM or swap space
#   The process is running with CompressedOops enabled, and the Java Heap may be blocking the growth of the native heap
# Possible solutions:
#   Reduce memory load on the system
#   Increase physical memory or swap space
#   Check if swap backing store is full
#   Decrease Java heap size (-Xmx/-Xms)
#   Decrease number of Java threads
#   Decrease Java thread stack sizes (-Xss)
#   Set larger code cache with -XX:ReservedCodeCacheSize=
#   JVM is running with Zero Based Compressed Oops mode in which the Java heap is
#     placed in the first 32GB address space. The Java Heap base address is the
#     maximum limit for the native heap growth. Please use -XX:HeapBaseMinAddress
#     to set the Java Heap base and to place the Java Heap above 32GB virtual address.
# This output file may be truncated or incomplete.
#
#  Out of Memory Error (os_windows.cpp:3469), pid=15208, tid=3012
#
# JRE version: OpenJDK Runtime Environment (17.0.1+12) (build 17.0.1+12-39)
# Java VM: OpenJDK 64-Bit Server VM (17.0.1+12-39, mixed mode, emulated-client, sharing, tiered, compressed oops, compressed class ptrs, g1 gc, windows-amd64)
# No core dump will be written. Minidumps are not enabled by default on client versions of Windows
#

---------------  S U M M A R Y ------------

Command Line: -Dio.quarkus.force-color-support=true -Dquarkus-internal.serialized-app-model.path=D:\4bhitm\ITP\git-latest-5bhitm\backend\target\quarkus\bootstrap\dev-app-model.dat -javaagent:C:\Users\david\.m2\repository\io\quarkus\quarkus-class-change-agent\2.7.1.Final\quarkus-class-change-agent-2.7.1.Final.jar -XX:TieredStopAtLevel=1 -agentlib:jdwp=transport=dt_socket,address=localhost:5005,server=y,suspend=n -Djava.util.logging.manager=org.jboss.logmanager.LogManager D:\4bhitm\ITP\git-latest-5bhitm\backend\target\pickngo-dev.jar

Host: AMD Ryzen 5 4600H with Radeon Graphics         , 12 cores, 15G,  Windows 10 , 64 bit Build 19041 (10.0.19041.2251)
Time: Wed Dec  7 20:24:00 2022 Mitteleuropäische Zeit elapsed time: 1705.771085 seconds (0d 0h 28m 25s)

---------------  T H R E A D  ---------------

Current thread (0x000001d2f66cc250):  VMThread "VM Thread" [stack: 0x0000009294e00000,0x0000009294f00000] [id=3012]

Stack: [0x0000009294e00000,0x0000009294f00000]
Native frames: (J=compiled Java code, j=interpreted, Vv=VM code, C=native code)
V  [jvm.dll+0x66fa1a]
V  [jvm.dll+0x7ce5a4]
V  [jvm.dll+0x7cfd4e]
V  [jvm.dll+0x7d03b3]
V  [jvm.dll+0x242b05]
V  [jvm.dll+0x66ca39]
V  [jvm.dll+0x661502]
V  [jvm.dll+0x30081b]
V  [jvm.dll+0x307da6]
V  [jvm.dll+0x357a1e]
V  [jvm.dll+0x357c4f]
V  [jvm.dll+0x2d7ad8]
V  [jvm.dll+0x2d5da4]
V  [jvm.dll+0x2d53ac]
V  [jvm.dll+0x318d0b]
V  [jvm.dll+0x7d484b]
V  [jvm.dll+0x7d5584]
V  [jvm.dll+0x7d5a9c]
V  [jvm.dll+0x7d5e74]
V  [jvm.dll+0x7d5f40]
V  [jvm.dll+0x77e91a]
V  [jvm.dll+0x66e845]
C  [ucrtbase.dll+0x21bb2]
C  [KERNEL32.DLL+0x174b4]
C  [ntdll.dll+0x526a1]

VM_Operation (0x00000092972fdfc0): G1CollectForAllocation, mode: safepoint, requested by thread 0x000001d2fbe4a370


---------------  P R O C E S S  ---------------

Threads class SMR info:
_java_thread_list=0x000001d281228010, length=67, elements={
0x000001d2f66d1610, 0x000001d2f66d2280, 0x000001d2f66e3a80, 0x000001d2f66e55a0,
0x000001d2f66e5f50, 0x000001d2f66e6900, 0x000001d2f66ea860, 0x000001d2f6713270,
0x000001d2f66bb600, 0x000001d2f77417c0, 0x000001d2f7744480, 0x000001d2f774b0a0,
0x000001d2f8b1ef30, 0x000001d2fa330330, 0x000001d2fa329e20, 0x000001d2fa7c2e30,
0x000001d2fa7bf940, 0x000001d2fa7c1150, 0x000001d2fa7c1fc0, 0x000001d2fa7bd790,
0x000001d2fa7c2960, 0x000001d2fa7bc450, 0x000001d2fa7bdc60, 0x000001d2fa7bcdf0,
0x000001d2fa7be130, 0x000001d2fa7bead0, 0x000001d2fa329480, 0x000001d2fa32bb00,
0x000001d2fa32a7c0, 0x000001d2fa32ce40, 0x000001d2fa32d310, 0x000001d2fa32a2f0,
0x000001d2fa32e650, 0x000001d2fa32b160, 0x000001d2fa329950, 0x000001d2fa32eff0,
0x000001d2fa32d7e0, 0x000001d2fa32f990, 0x000001d2fa32bfd0, 0x000001d2fa32ac90,
0x000001d2fa32b630, 0x000001d2fa32dcb0, 0x000001d2fa32c4a0, 0x000001d2f8b16310,
0x000001d2f8b17ff0, 0x000001d2f8b17180, 0x000001d2f8b16cb0, 0x000001d2f8b167e0,
0x000001d2f8b17650, 0x000001d2f8b184c0, 0x000001d2f8b17b20, 0x000001d2fbe4a840,
0x000001d2fbe4a370, 0x000001d2fbdc1200, 0x000001d2fa7bd2c0, 0x000001d2fbdc26e0,
0x000001d2fbe4cd20, 0x000001d2fa7bfe10, 0x000001d2fbe4c380, 0x000001d2fbe224f0,
0x000001d2fc861230, 0x000001d2fa7c07b0, 0x000001d2fbe24b70, 0x000001d2fc37f5e0,
0x000001d2811963b0, 0x000001d2fbe25040, 0x000001d2fbe211b0
}

Java Threads: ( => current thread )
  0x000001d2f66d1610 JavaThread "Reference Handler" daemon [_thread_blocked, id=18512, stack(0x0000009294f00000,0x0000009295000000)]
  0x000001d2f66d2280 JavaThread "Finalizer" daemon [_thread_blocked, id=3020, stack(0x0000009295000000,0x0000009295100000)]
  0x000001d2f66e3a80 JavaThread "Signal Dispatcher" daemon [_thread_blocked, id=22340, stack(0x0000009295100000,0x0000009295200000)]
  0x000001d2f66e55a0 JavaThread "Attach Listener" daemon [_thread_blocked, id=3960, stack(0x0000009295200000,0x0000009295300000)]
  0x000001d2f66e5f50 JavaThread "Service Thread" daemon [_thread_blocked, id=24656, stack(0x0000009295300000,0x0000009295400000)]
  0x000001d2f66e6900 JavaThread "Monitor Deflation Thread" daemon [_thread_blocked, id=14532, stack(0x0000009295400000,0x0000009295500000)]
  0x000001d2f66ea860 JavaThread "C1 CompilerThread0" daemon [_thread_blocked, id=22732, stack(0x0000009295500000,0x0000009295600000)]
  0x000001d2f6713270 JavaThread "Sweeper thread" daemon [_thread_blocked, id=24384, stack(0x0000009295600000,0x0000009295700000)]
  0x000001d2f66bb600 JavaThread "Common-Cleaner" daemon [_thread_blocked, id=19704, stack(0x0000009295700000,0x0000009295800000)]
  0x000001d2f77417c0 JavaThread "JDWP Transport Listener: dt_socket" daemon [_thread_in_native, id=14936, stack(0x0000009295900000,0x0000009295a00000)]
  0x000001d2f7744480 JavaThread "JDWP Event Helper Thread" daemon [_thread_blocked, id=21000, stack(0x0000009295a00000,0x0000009295b00000)]
  0x000001d2f774b0a0 JavaThread "Notification Thread" daemon [_thread_blocked, id=9808, stack(0x0000009295b00000,0x0000009295c00000)]
  0x000001d2f8b1ef30 JavaThread "Quarkus Devmode keep alive thread" [_thread_blocked, id=1260, stack(0x0000009296400000,0x0000009296500000)]
  0x000001d2fa330330 JavaThread "WindowsStreamPump" daemon [_thread_in_native, id=19712, stack(0x000000929aa00000,0x000000929ab00000)]
  0x000001d2fa329e20 JavaThread "Aesh InputStream Reader" daemon [_thread_blocked, id=24668, stack(0x000000929ab00000,0x000000929ac00000)]
  0x000001d2fa7c2e30 JavaThread "vertx-blocked-thread-checker" daemon [_thread_blocked, id=26228, stack(0x000000929b900000,0x000000929ba00000)]
  0x000001d2fa7bf940 JavaThread "Thread-62" daemon [_thread_in_native, id=18460, stack(0x000000929ae00000,0x000000929af00000)]
  0x000001d2fa7c1150 JavaThread "[DevConsole]vert.x-eventloop-thread-0" [_thread_in_native, id=15632, stack(0x000000929af00000,0x000000929b000000)]
  0x000001d2fa7c1fc0 JavaThread "vertx-blocked-thread-checker" daemon [_thread_blocked, id=4040, stack(0x0000009297a00000,0x0000009297b00000)]
  0x000001d2fa7bd790 JavaThread "vert.x-eventloop-thread-0" [_thread_in_native, id=13288, stack(0x0000009295800000,0x0000009295900000)]
  0x000001d2fa7c2960 JavaThread "vert.x-eventloop-thread-1" [_thread_in_native, id=9932, stack(0x0000009297b00000,0x0000009297c00000)]
  0x000001d2fa7bc450 JavaThread "vert.x-eventloop-thread-2" [_thread_in_native, id=3220, stack(0x0000009297d00000,0x0000009297e00000)]
  0x000001d2fa7bdc60 JavaThread "vert.x-eventloop-thread-3" [_thread_in_native, id=23572, stack(0x0000009297e00000,0x0000009297f00000)]
  0x000001d2fa7bcdf0 JavaThread "vert.x-eventloop-thread-4" [_thread_in_native, id=8264, stack(0x0000009297f00000,0x0000009298000000)]
  0x000001d2fa7be130 JavaThread "vert.x-eventloop-thread-5" [_thread_in_native, id=17356, stack(0x0000009298000000,0x0000009298100000)]
  0x000001d2fa7bead0 JavaThread "vert.x-eventloop-thread-6" [_thread_in_native, id=20688, stack(0x0000009298100000,0x0000009298200000)]
  0x000001d2fa329480 JavaThread "vert.x-eventloop-thread-7" [_thread_in_native, id=10164, stack(0x0000009298200000,0x0000009298300000)]
  0x000001d2fa32bb00 JavaThread "vert.x-eventloop-thread-8" [_thread_in_native, id=3224, stack(0x0000009298300000,0x0000009298400000)]
  0x000001d2fa32a7c0 JavaThread "vert.x-eventloop-thread-9" [_thread_in_native, id=9616, stack(0x0000009298400000,0x0000009298500000)]
  0x000001d2fa32ce40 JavaThread "vert.x-eventloop-thread-10" [_thread_in_native, id=19940, stack(0x0000009298500000,0x0000009298600000)]
  0x000001d2fa32d310 JavaThread "vert.x-eventloop-thread-11" [_thread_in_native, id=8124, stack(0x0000009298600000,0x0000009298700000)]
  0x000001d2fa32a2f0 JavaThread "vert.x-eventloop-thread-12" [_thread_in_native, id=12648, stack(0x0000009298700000,0x0000009298800000)]
  0x000001d2fa32e650 JavaThread "vert.x-eventloop-thread-13" [_thread_in_native, id=8600, stack(0x0000009298800000,0x0000009298900000)]
  0x000001d2fa32b160 JavaThread "vert.x-eventloop-thread-14" [_thread_in_native, id=23164, stack(0x0000009298900000,0x0000009298a00000)]
  0x000001d2fa329950 JavaThread "vert.x-eventloop-thread-15" [_thread_in_native, id=11404, stack(0x0000009298a00000,0x0000009298b00000)]
  0x000001d2fa32eff0 JavaThread "vert.x-eventloop-thread-16" [_thread_in_native, id=3372, stack(0x0000009298b00000,0x0000009298c00000)]
  0x000001d2fa32d7e0 JavaThread "vert.x-eventloop-thread-17" [_thread_in_native, id=26376, stack(0x0000009298c00000,0x0000009298d00000)]
  0x000001d2fa32f990 JavaThread "vert.x-eventloop-thread-18" [_thread_in_native, id=11756, stack(0x0000009298d00000,0x0000009298e00000)]
  0x000001d2fa32bfd0 JavaThread "vert.x-eventloop-thread-19" [_thread_in_native, id=25536, stack(0x0000009298e00000,0x0000009298f00000)]
  0x000001d2fa32ac90 JavaThread "vert.x-eventloop-thread-20" [_thread_in_native, id=25720, stack(0x0000009298f00000,0x0000009299000000)]
  0x000001d2fa32b630 JavaThread "vert.x-eventloop-thread-21" [_thread_in_native, id=696, stack(0x0000009299000000,0x0000009299100000)]
  0x000001d2fa32dcb0 JavaThread "vert.x-eventloop-thread-22" [_thread_in_native, id=15296, stack(0x0000009299100000,0x0000009299200000)]
  0x000001d2fa32c4a0 JavaThread "vert.x-eventloop-thread-23" [_thread_in_native, id=10952, stack(0x0000009299200000,0x0000009299300000)]
  0x000001d2f8b16310 JavaThread "vert.x-acceptor-thread-0" [_thread_blocked, id=6472, stack(0x0000009299400000,0x0000009299500000)]
  0x000001d2f8b17ff0 JavaThread "DestroyJavaVM" [_thread_blocked, id=26192, stack(0x0000009294800000,0x0000009294900000)]
  0x000001d2f8b17180 JavaThread "vert.x-worker-thread-0" [_thread_blocked, id=26372, stack(0x0000009296500000,0x0000009296600000)]
  0x000001d2f8b16cb0 JavaThread "vert.x-worker-thread-1" [_thread_blocked, id=10048, stack(0x0000009296d00000,0x0000009296e00000)]
  0x000001d2f8b167e0 JavaThread "vert.x-worker-thread-3" [_thread_blocked, id=14564, stack(0x0000009296e00000,0x0000009296f00000)]
  0x000001d2f8b17650 JavaThread "vert.x-worker-thread-5" [_thread_blocked, id=2544, stack(0x0000009296f00000,0x0000009297000000)]
  0x000001d2f8b184c0 JavaThread "vert.x-worker-thread-2" [_thread_blocked, id=16360, stack(0x0000009297000000,0x0000009297100000)]
  0x000001d2f8b17b20 JavaThread "vert.x-worker-thread-4" [_thread_blocked, id=3004, stack(0x0000009297100000,0x0000009297200000)]
  0x000001d2fbe4a840 JavaThread "ForkJoinPool.commonPool-worker-15" daemon [_thread_blocked, id=14348, stack(0x0000009294700000,0x0000009294800000)]
  0x000001d2fbe4a370 JavaThread "Test Compile Timer" daemon [_thread_blocked, id=4072, stack(0x0000009297200000,0x0000009297300000)]
  0x000001d2fbdc1200 JavaThread "ForkJoinPool.commonPool-worker-16" daemon [_thread_blocked, id=15984, stack(0x0000009294500000,0x0000009294600000)]
  0x000001d2fa7bd2c0 JavaThread "ForkJoinPool.commonPool-worker-17" daemon [_thread_blocked, id=24060, stack(0x0000009294600000,0x0000009294700000)]
  0x000001d2fbdc26e0 JavaThread "ForkJoinPool.commonPool-worker-18" daemon [_thread_blocked, id=17820, stack(0x0000009297300000,0x0000009297400000)]
  0x000001d2fbe4cd20 JavaThread "ForkJoinPool.commonPool-worker-19" daemon [_thread_blocked, id=3776, stack(0x0000009297400000,0x0000009297500000)]
  0x000001d2fa7bfe10 JavaThread "ForkJoinPool.commonPool-worker-20" daemon [_thread_blocked, id=20840, stack(0x0000009297500000,0x0000009297600000)]
  0x000001d2fbe4c380 JavaThread "ForkJoinPool.commonPool-worker-21" daemon [_thread_blocked, id=10632, stack(0x0000009297600000,0x0000009297700000)]
  0x000001d2fbe224f0 JavaThread "ForkJoinPool.commonPool-worker-22" daemon [_thread_blocked, id=6984, stack(0x0000009297700000,0x0000009297800000)]
  0x000001d2fc861230 JavaThread "ForkJoinPool.commonPool-worker-23" daemon [_thread_blocked, id=8420, stack(0x0000009297800000,0x0000009297900000)]
  0x000001d2fa7c07b0 JavaThread "ForkJoinPool.commonPool-worker-24" daemon [_thread_blocked, id=24084, stack(0x0000009297900000,0x0000009297a00000)]
  0x000001d2fbe24b70 JavaThread "ForkJoinPool.commonPool-worker-25" daemon [_thread_blocked, id=12660, stack(0x0000009297c00000,0x0000009297d00000)]
  0x000001d2fc37f5e0 JavaThread "Quarkus Main Thread" [_thread_blocked, id=11032, stack(0x0000009299500000,0x0000009299600000)]
  0x000001d2811963b0 JavaThread "agroal-21" daemon [_thread_blocked, id=17536, stack(0x0000009299700000,0x0000009299800000)]
  0x000001d2fbe25040 JavaThread "executor-thread-7" daemon [_thread_blocked, id=19304, stack(0x0000009299a00000,0x0000009299b00000)]
  0x000001d2fbe211b0 JavaThread "executor-thread-9" daemon [_thread_blocked, id=19768, stack(0x0000009299300000,0x0000009299400000)]

Other Threads:
=>0x000001d2f66cc250 VMThread "VM Thread" [stack: 0x0000009294e00000,0x0000009294f00000] [id=3012]
  0x000001d2dfcb5c70 WatcherThread [stack: 0x0000009295c00000,0x0000009295d00000] [id=10136]
  0x000001d2dfd04ce0 GCTaskThread "GC Thread#0" [stack: 0x0000009294900000,0x0000009294a00000] [id=900]
  0x000001d2f79802a0 GCTaskThread "GC Thread#1" [stack: 0x0000009295d00000,0x0000009295e00000] [id=25532]
  0x000001d2f79812c0 GCTaskThread "GC Thread#2" [stack: 0x0000009295e00000,0x0000009295f00000] [id=23208]
  0x000001d2f7980550 GCTaskThread "GC Thread#3" [stack: 0x0000009295f00000,0x0000009296000000] [id=20928]
  0x000001d2f7981010 GCTaskThread "GC Thread#4" [stack: 0x0000009296000000,0x0000009296100000] [id=26492]
  0x000001d2f7981570 GCTaskThread "GC Thread#5" [stack: 0x0000009296100000,0x0000009296200000] [id=10096]
  0x000001d2f7981820 GCTaskThread "GC Thread#6" [stack: 0x0000009296200000,0x0000009296300000] [id=19100]
  0x000001d2f7981ad0 GCTaskThread "GC Thread#7" [stack: 0x0000009296300000,0x0000009296400000] [id=26604]
  0x000001d2f7980800 GCTaskThread "GC Thread#8" [stack: 0x0000009296600000,0x0000009296700000] [id=3912]
  0x000001d2f8dd1f90 GCTaskThread "GC Thread#9" [stack: 0x0000009296c00000,0x0000009296d00000] [id=9528]
  0x000001d2dfd14800 ConcurrentGCThread "G1 Main Marker" [stack: 0x0000009294a00000,0x0000009294b00000] [id=21612]
  0x000001d2ddc1eb50 ConcurrentGCThread "G1 Conc#0" [stack: 0x0000009294b00000,0x0000009294c00000] [id=9884]
  0x000001d2f8dd2a50 ConcurrentGCThread "G1 Conc#1" [stack: 0x000000929ac00000,0x000000929ad00000] [id=12996]
  0x000001d2f8dd2240 ConcurrentGCThread "G1 Conc#2" [stack: 0x000000929ad00000,0x000000929ae00000] [id=8876]
  0x000001d2dfd8e4e0 ConcurrentGCThread "G1 Refine#0" [stack: 0x0000009294c00000,0x0000009294d00000] [id=10748]
  0x000001d2f8baa040 ConcurrentGCThread "G1 Refine#1" [stack: 0x0000009296700000,0x0000009296800000] [id=8376]
  0x000001d2f8b9d400 ConcurrentGCThread "G1 Refine#2" [stack: 0x0000009296800000,0x0000009296900000] [id=10232]
  0x000001d2f8be5450 ConcurrentGCThread "G1 Refine#3" [stack: 0x0000009296900000,0x0000009296a00000] [id=2504]
  0x000001d2f8b92500 ConcurrentGCThread "G1 Refine#4" [stack: 0x0000009296a00000,0x0000009296b00000] [id=16904]
  0x000001d2f8b927e0 ConcurrentGCThread "G1 Refine#5" [stack: 0x0000009296b00000,0x0000009296c00000] [id=24456]
  0x000001d2f65860e0 ConcurrentGCThread "G1 Service" [stack: 0x0000009294d00000,0x0000009294e00000] [id=14260]

Threads with active compile tasks:

VM state: at safepoint (normal execution)

VM Mutex/Monitor currently owned by a thread:  ([mutex/lock_event])
[0x000001d2dfcb1ad0] Threads_lock - owner thread: 0x000001d2f66cc250
[0x000001d2dfcb2a90] Heap_lock - owner thread: 0x000001d2fbe4a370

Heap address: 0x000000070a000000, size: 3936 MB, Compressed Oops mode: Zero based, Oop shift amount: 3

CDS archive(s) mapped at: [0x0000000800000000-0x0000000800bc0000-0x0000000800bc0000), size 12320768, SharedBaseAddress: 0x0000000800000000, ArchiveRelocationMode: 0.
Compressed class space mapped at: 0x0000000800c00000-0x0000000840c00000, reserved size: 1073741824
Narrow klass base: 0x0000000800000000, Narrow klass shift: 0, Narrow klass range: 0x100000000

GC Precious Log:
 CPUs: 12 total, 12 available
 Memory: 15741M
 Large Page Support: Disabled
 NUMA Support: Disabled
 Compressed Oops: Enabled (Zero based)
 Heap Region Size: 2M
 Heap Min Capacity: 8M
 Heap Initial Capacity: 246M
 Heap Max Capacity: 3936M
 Pre-touch: Disabled
 Parallel Workers: 10
 Concurrent Workers: 3
 Concurrent Refinement Workers: 10
 Periodic GC: Disabled

Heap:
 garbage-first heap   total 540672K, used 142079K [0x000000070a000000, 0x0000000800000000)
  region size 2048K, 5 young (10240K), 5 survivors (10240K)
 Metaspace       used 83902K, committed 84672K, reserved 1122304K
  class space    used 11628K, committed 11968K, reserved 1048576K

Heap Regions: E=young(eden), S=young(survivor), O=old, HS=humongous(starts), HC=humongous(continues), CS=collection set, F=free, OA=open archive, CA=closed archive, TAMS=top-at-mark-start (previous, next)
|   0|0x000000070a000000, 0x000000070a200000, 0x000000070a200000|100%| O|  |TAMS 0x000000070a200000, 0x000000070a200000| Untracked 
|   1|0x000000070a200000, 0x000000070a400000, 0x000000070a400000|100%| O|  |TAMS 0x000000070a400000, 0x000000070a400000| Untracked 
|   2|0x000000070a400000, 0x000000070a600000, 0x000000070a600000|100%| O|  |TAMS 0x000000070a600000, 0x000000070a600000| Untracked 
|   3|0x000000070a600000, 0x000000070a800000, 0x000000070a800000|100%|HS|  |TAMS 0x000000070a800000, 0x000000070a800000| Complete 
|   4|0x000000070a800000, 0x000000070aa00000, 0x000000070aa00000|100%| O|  |TAMS 0x000000070aa00000, 0x000000070aa00000| Untracked 
|   5|0x000000070aa00000, 0x000000070ac00000, 0x000000070ac00000|100%| O|  |TAMS 0x000000070ac00000, 0x000000070ac00000| Untracked 
|   6|0x000000070ac00000, 0x000000070ae00000, 0x000000070ae00000|100%| O|  |TAMS 0x000000070ae00000, 0x000000070ae00000| Untracked 
|   7|0x000000070ae00000, 0x000000070b000000, 0x000000070b000000|100%| O|  |TAMS 0x000000070b000000, 0x000000070b000000| Untracked 
|   8|0x000000070b000000, 0x000000070b200000, 0x000000070b200000|100%| O|  |TAMS 0x000000070b200000, 0x000000070b200000| Untracked 
|   9|0x000000070b200000, 0x000000070b400000, 0x000000070b400000|100%| O|  |TAMS 0x000000070b400000, 0x000000070b400000| Untracked 
|  10|0x000000070b400000, 0x000000070b600000, 0x000000070b600000|100%| O|  |TAMS 0x000000070b600000, 0x000000070b600000| Untracked 
|  11|0x000000070b600000, 0x000000070b800000, 0x000000070b800000|100%| O|  |TAMS 0x000000070b800000, 0x000000070b800000| Untracked 
|  12|0x000000070b800000, 0x000000070ba00000, 0x000000070ba00000|100%| O|  |TAMS 0x000000070ba00000, 0x000000070ba00000| Untracked 
|  13|0x000000070ba00000, 0x000000070bc00000, 0x000000070bc00000|100%| O|  |TAMS 0x000000070ba00000, 0x000000070bc00000| Untracked 
|  14|0x000000070bc00000, 0x000000070be00000, 0x000000070be00000|100%|HS|  |TAMS 0x000000070be00000, 0x000000070be00000| Complete 
|  15|0x000000070be00000, 0x000000070c000000, 0x000000070c000000|100%| O|  |TAMS 0x000000070c000000, 0x000000070c000000| Untracked 
|  16|0x000000070c000000, 0x000000070c200000, 0x000000070c200000|100%| O|  |TAMS 0x000000070c200000, 0x000000070c200000| Untracked 
|  17|0x000000070c200000, 0x000000070c400000, 0x000000070c400000|100%| O|  |TAMS 0x000000070c400000, 0x000000070c400000| Untracked 
|  18|0x000000070c400000, 0x000000070c600000, 0x000000070c600000|100%| O|  |TAMS 0x000000070c600000, 0x000000070c600000| Untracked 
|  19|0x000000070c600000, 0x000000070c800000, 0x000000070c800000|100%| O|  |TAMS 0x000000070c800000, 0x000000070c800000| Untracked 
|  20|0x000000070c800000, 0x000000070ca00000, 0x000000070ca00000|100%| O|  |TAMS 0x000000070ca00000, 0x000000070ca00000| Untracked 
|  21|0x000000070ca00000, 0x000000070cc00000, 0x000000070cc00000|100%| O|  |TAMS 0x000000070cc00000, 0x000000070cc00000| Untracked 
|  22|0x000000070cc00000, 0x000000070ce00000, 0x000000070ce00000|100%| O|  |TAMS 0x000000070ce00000, 0x000000070ce00000| Untracked 
|  23|0x000000070ce00000, 0x000000070d000000, 0x000000070d000000|100%| O|  |TAMS 0x000000070d000000, 0x000000070d000000| Untracked 
|  24|0x000000070d000000, 0x000000070d200000, 0x000000070d200000|100%| O|  |TAMS 0x000000070d200000, 0x000000070d200000| Untracked 
|  25|0x000000070d200000, 0x000000070d400000, 0x000000070d400000|100%| O|  |TAMS 0x000000070d400000, 0x000000070d400000| Untracked 
|  26|0x000000070d400000, 0x000000070d600000, 0x000000070d600000|100%| O|  |TAMS 0x000000070d600000, 0x000000070d600000| Untracked 
|  27|0x000000070d600000, 0x000000070d800000, 0x000000070d800000|100%| O|  |TAMS 0x000000070d800000, 0x000000070d800000| Untracked 
|  28|0x000000070d800000, 0x000000070da00000, 0x000000070da00000|100%| O|  |TAMS 0x000000070da00000, 0x000000070da00000| Untracked 
|  29|0x000000070da00000, 0x000000070dc00000, 0x000000070dc00000|100%| O|  |TAMS 0x000000070dc00000, 0x000000070dc00000| Untracked 
|  30|0x000000070dc00000, 0x000000070de00000, 0x000000070de00000|100%| O|  |TAMS 0x000000070dc00000, 0x000000070de00000| Untracked 
|  31|0x000000070de00000, 0x000000070e000000, 0x000000070e000000|100%| O|  |TAMS 0x000000070e000000, 0x000000070e000000| Untracked 
|  32|0x000000070e000000, 0x000000070e200000, 0x000000070e200000|100%| O|  |TAMS 0x000000070e200000, 0x000000070e200000| Untracked 
|  33|0x000000070e200000, 0x000000070e400000, 0x000000070e400000|100%| O|  |TAMS 0x000000070e400000, 0x000000070e400000| Untracked 
|  34|0x000000070e400000, 0x000000070e600000, 0x000000070e600000|100%| O|  |TAMS 0x000000070e600000, 0x000000070e600000| Untracked 
|  35|0x000000070e600000, 0x000000070e800000, 0x000000070e800000|100%| O|  |TAMS 0x000000070e800000, 0x000000070e800000| Untracked 
|  36|0x000000070e800000, 0x000000070ea00000, 0x000000070ea00000|100%| O|  |TAMS 0x000000070ea00000, 0x000000070ea00000| Untracked 
|  37|0x000000070ea00000, 0x000000070ec00000, 0x000000070ec00000|100%| O|  |TAMS 0x000000070ec00000, 0x000000070ec00000| Untracked 
|  38|0x000000070ec00000, 0x000000070ee00000, 0x000000070ee00000|100%| O|  |TAMS 0x000000070ee00000, 0x000000070ee00000| Untracked 
|  39|0x000000070ee00000, 0x000000070f000000, 0x000000070f000000|100%| O|  |TAMS 0x000000070f000000, 0x000000070f000000| Untracked 
|  40|0x000000070f000000, 0x000000070f200000, 0x000000070f200000|100%| O|  |TAMS 0x000000070f200000, 0x000000070f200000| Untracked 
|  41|0x000000070f200000, 0x000000070f400000, 0x000000070f400000|100%| O|  |TAMS 0x000000070f400000, 0x000000070f400000| Untracked 
|  42|0x000000070f400000, 0x000000070f400000, 0x000000070f600000|  0%| F|  |TAMS 0x000000070f400000, 0x000000070f400000| Untracked 
|  43|0x000000070f600000, 0x000000070f800000, 0x000000070f800000|100%| O|  |TAMS 0x000000070f600000, 0x000000070f800000| Untracked 
|  44|0x000000070f800000, 0x000000070fa00000, 0x000000070fa00000|100%| O|  |TAMS 0x000000070f800000, 0x000000070fa00000| Untracked 
|  45|0x000000070fa00000, 0x000000070fc00000, 0x000000070fc00000|100%| O|  |TAMS 0x000000070fc00000, 0x000000070fc00000| Untracked 
|  46|0x000000070fc00000, 0x000000070fe00000, 0x000000070fe00000|100%| O|  |TAMS 0x000000070fe00000, 0x000000070fe00000| Untracked 
|  47|0x000000070fe00000, 0x000000070fe00000, 0x0000000710000000|  0%| F|  |TAMS 0x000000070fe00000, 0x000000070fe00000| Untracked 
|  48|0x0000000710000000, 0x00000007101bb600, 0x0000000710200000| 86%| O|  |TAMS 0x0000000710000000, 0x00000007101bb600| Untracked 
|  49|0x0000000710200000, 0x0000000710200000, 0x0000000710400000|  0%| F|  |TAMS 0x0000000710200000, 0x0000000710200000| Untracked 
|  50|0x0000000710400000, 0x0000000710400000, 0x0000000710600000|  0%| F|  |TAMS 0x0000000710400000, 0x0000000710400000| Untracked 
|  51|0x0000000710600000, 0x0000000710600000, 0x0000000710800000|  0%| F|  |TAMS 0x0000000710600000, 0x0000000710600000| Untracked 
|  52|0x0000000710800000, 0x0000000710a00000, 0x0000000710a00000|100%| O|  |TAMS 0x0000000710a00000, 0x0000000710a00000| Untracked 
|  53|0x0000000710a00000, 0x0000000710c00000, 0x0000000710c00000|100%| O|  |TAMS 0x0000000710c00000, 0x0000000710c00000| Untracked 
|  54|0x0000000710c00000, 0x0000000710c00000, 0x0000000710e00000|  0%| F|  |TAMS 0x0000000710c00000, 0x0000000710c00000| Untracked 
|  55|0x0000000710e00000, 0x0000000710e00000, 0x0000000711000000|  0%| F|  |TAMS 0x0000000710e00000, 0x0000000710e00000| Untracked 
|  56|0x0000000711000000, 0x0000000711000000, 0x0000000711200000|  0%| F|  |TAMS 0x0000000711000000, 0x0000000711000000| Untracked 
|  57|0x0000000711200000, 0x0000000711200000, 0x0000000711400000|  0%| F|  |TAMS 0x0000000711200000, 0x0000000711200000| Untracked 
|  58|0x0000000711400000, 0x0000000711400000, 0x0000000711600000|  0%| F|  |TAMS 0x0000000711400000, 0x0000000711400000| Untracked 
|  59|0x0000000711600000, 0x0000000711600000, 0x0000000711800000|  0%| F|  |TAMS 0x0000000711600000, 0x0000000711600000| Untracked 
|  60|0x0000000711800000, 0x0000000711a00000, 0x0000000711a00000|100%| O|  |TAMS 0x0000000711a00000, 0x0000000711a00000| Untracked 
|  61|0x0000000711a00000, 0x0000000711c00000, 0x0000000711c00000|100%| O|  |TAMS 0x0000000711c00000, 0x0000000711c00000| Untracked 
|  62|0x0000000711c00000, 0x0000000711c00000, 0x0000000711e00000|  0%| F|  |TAMS 0x0000000711c00000, 0x0000000711c00000| Untracked 
|  63|0x0000000711e00000, 0x0000000711e00000, 0x0000000712000000|  0%| F|  |TAMS 0x0000000711e00000, 0x0000000711e00000| Untracked 
|  64|0x0000000712000000, 0x0000000712000000, 0x0000000712200000|  0%| F|  |TAMS 0x0000000712000000, 0x0000000712000000| Untracked 
|  65|0x0000000712200000, 0x0000000712200000, 0x0000000712400000|  0%| F|  |TAMS 0x0000000712200000, 0x0000000712200000| Untracked 
|  66|0x0000000712400000, 0x0000000712400000, 0x0000000712600000|  0%| F|  |TAMS 0x0000000712400000, 0x0000000712400000| Untracked 
|  67|0x0000000712600000, 0x0000000712600000, 0x0000000712800000|  0%| F|  |TAMS 0x0000000712600000, 0x0000000712600000| Untracked 
|  68|0x0000000712800000, 0x0000000712800000, 0x0000000712a00000|  0%| F|  |TAMS 0x0000000712800000, 0x0000000712800000| Untracked 
|  69|0x0000000712a00000, 0x0000000712a00000, 0x0000000712c00000|  0%| F|  |TAMS 0x0000000712a00000, 0x0000000712a00000| Untracked 
|  70|0x0000000712c00000, 0x0000000712c00000, 0x0000000712e00000|  0%| F|  |TAMS 0x0000000712c00000, 0x0000000712c00000| Untracked 
|  71|0x0000000712e00000, 0x0000000712e00000, 0x0000000713000000|  0%| F|  |TAMS 0x0000000712e00000, 0x0000000712e00000| Untracked 
|  72|0x0000000713000000, 0x0000000713000000, 0x0000000713200000|  0%| F|  |TAMS 0x0000000713000000, 0x0000000713000000| Untracked 
|  73|0x0000000713200000, 0x0000000713200000, 0x0000000713400000|  0%| F|  |TAMS 0x0000000713200000, 0x0000000713200000| Untracked 
|  74|0x0000000713400000, 0x0000000713400000, 0x0000000713600000|  0%| F|  |TAMS 0x0000000713400000, 0x0000000713400000| Untracked 
|  75|0x0000000713600000, 0x0000000713600000, 0x0000000713800000|  0%| F|  |TAMS 0x0000000713600000, 0x0000000713600000| Untracked 
|  76|0x0000000713800000, 0x0000000713800000, 0x0000000713a00000|  0%| F|  |TAMS 0x0000000713800000, 0x0000000713800000| Untracked 
|  77|0x0000000713a00000, 0x0000000713c00000, 0x0000000713c00000|100%| O|  |TAMS 0x0000000713c00000, 0x0000000713c00000| Untracked 
|  78|0x0000000713c00000, 0x0000000713e00000, 0x0000000713e00000|100%| O|  |TAMS 0x0000000713e00000, 0x0000000713e00000| Untracked 
|  79|0x0000000713e00000, 0x0000000714000000, 0x0000000714000000|100%| O|  |TAMS 0x0000000714000000, 0x0000000714000000| Untracked 
|  80|0x0000000714000000, 0x0000000714200000, 0x0000000714200000|100%| O|  |TAMS 0x0000000714200000, 0x0000000714200000| Untracked 
|  81|0x0000000714200000, 0x0000000714400000, 0x0000000714400000|100%| O|  |TAMS 0x0000000714400000, 0x0000000714400000| Untracked 
|  82|0x0000000714400000, 0x0000000714600000, 0x0000000714600000|100%| O|  |TAMS 0x0000000714600000, 0x0000000714600000| Untracked 
|  83|0x0000000714600000, 0x0000000714800000, 0x0000000714800000|100%| O|  |TAMS 0x0000000714800000, 0x0000000714800000| Untracked 
|  84|0x0000000714800000, 0x0000000714a00000, 0x0000000714a00000|100%| O|  |TAMS 0x0000000714a00000, 0x0000000714a00000| Untracked 
|  85|0x0000000714a00000, 0x0000000714c00000, 0x0000000714c00000|100%| O|  |TAMS 0x0000000714c00000, 0x0000000714c00000| Untracked 
|  86|0x0000000714c00000, 0x0000000714e00000, 0x0000000714e00000|100%| O|  |TAMS 0x0000000714e00000, 0x0000000714e00000| Untracked 
|  87|0x0000000714e00000, 0x0000000715000000, 0x0000000715000000|100%| O|  |TAMS 0x0000000715000000, 0x0000000715000000| Untracked 
|  88|0x0000000715000000, 0x0000000715200000, 0x0000000715200000|100%| O|  |TAMS 0x0000000715200000, 0x0000000715200000| Untracked 
|  89|0x0000000715200000, 0x0000000715400000, 0x0000000715400000|100%| O|  |TAMS 0x0000000715355e00, 0x0000000715400000| Untracked 
|  90|0x0000000715400000, 0x0000000715400000, 0x0000000715600000|  0%| F|  |TAMS 0x0000000715400000, 0x0000000715400000| Untracked 
|  91|0x0000000715600000, 0x0000000715600000, 0x0000000715800000|  0%| F|  |TAMS 0x0000000715600000, 0x0000000715600000| Untracked 
|  92|0x0000000715800000, 0x0000000715a00000, 0x0000000715a00000|100%| O|  |TAMS 0x0000000715a00000, 0x0000000715a00000| Untracked 
|  93|0x0000000715a00000, 0x0000000715a00000, 0x0000000715c00000|  0%| F|  |TAMS 0x0000000715a00000, 0x0000000715a00000| Untracked 
|  94|0x0000000715c00000, 0x0000000715c00000, 0x0000000715e00000|  0%| F|  |TAMS 0x0000000715c00000, 0x0000000715c00000| Untracked 
|  95|0x0000000715e00000, 0x0000000715e00000, 0x0000000716000000|  0%| F|  |TAMS 0x0000000715e00000, 0x0000000715e00000| Untracked 
|  96|0x0000000716000000, 0x0000000716000000, 0x0000000716200000|  0%| F|  |TAMS 0x0000000716000000, 0x0000000716000000| Untracked 
|  97|0x0000000716200000, 0x0000000716200000, 0x0000000716400000|  0%| F|  |TAMS 0x0000000716200000, 0x0000000716200000| Untracked 
|  98|0x0000000716400000, 0x0000000716400000, 0x0000000716600000|  0%| F|  |TAMS 0x0000000716400000, 0x0000000716400000| Untracked 
|  99|0x0000000716600000, 0x0000000716600000, 0x0000000716800000|  0%| F|  |TAMS 0x0000000716600000, 0x0000000716600000| Untracked 
| 100|0x0000000716800000, 0x0000000716800000, 0x0000000716a00000|  0%| F|  |TAMS 0x0000000716800000, 0x0000000716800000| Untracked 
| 101|0x0000000716a00000, 0x0000000716a00000, 0x0000000716c00000|  0%| F|  |TAMS 0x0000000716a00000, 0x0000000716a00000| Untracked 
| 102|0x0000000716c00000, 0x0000000716c00000, 0x0000000716e00000|  0%| F|  |TAMS 0x0000000716c00000, 0x0000000716c00000| Untracked 
| 103|0x0000000716e00000, 0x0000000716e00000, 0x0000000717000000|  0%| F|  |TAMS 0x0000000716e00000, 0x0000000716e00000| Untracked 
| 104|0x0000000717000000, 0x0000000717000000, 0x0000000717200000|  0%| F|  |TAMS 0x0000000717000000, 0x0000000717000000| Untracked 
| 105|0x0000000717200000, 0x0000000717200000, 0x0000000717400000|  0%| F|  |TAMS 0x0000000717200000, 0x0000000717200000| Untracked 
| 106|0x0000000717400000, 0x0000000717400000, 0x0000000717600000|  0%| F|  |TAMS 0x0000000717400000, 0x0000000717400000| Untracked 
| 107|0x0000000717600000, 0x0000000717600000, 0x0000000717800000|  0%| F|  |TAMS 0x0000000717600000, 0x0000000717600000| Untracked 
| 108|0x0000000717800000, 0x0000000717800000, 0x0000000717a00000|  0%| F|  |TAMS 0x0000000717800000, 0x0000000717800000| Untracked 
| 109|0x0000000717a00000, 0x0000000717a00000, 0x0000000717c00000|  0%| F|  |TAMS 0x0000000717a00000, 0x0000000717a00000| Untracked 
| 110|0x0000000717c00000, 0x0000000717c00000, 0x0000000717e00000|  0%| F|  |TAMS 0x0000000717c00000, 0x0000000717c00000| Untracked 
| 111|0x0000000717e00000, 0x0000000717e00000, 0x0000000718000000|  0%| F|  |TAMS 0x0000000717e00000, 0x0000000717e00000| Untracked 
| 112|0x0000000718000000, 0x0000000718000000, 0x0000000718200000|  0%| F|  |TAMS 0x0000000718000000, 0x0000000718000000| Untracked 
| 113|0x0000000718200000, 0x0000000718200000, 0x0000000718400000|  0%| F|  |TAMS 0x0000000718200000, 0x0000000718200000| Untracked 
| 114|0x0000000718400000, 0x0000000718400000, 0x0000000718600000|  0%| F|  |TAMS 0x0000000718400000, 0x0000000718400000| Untracked 
| 115|0x0000000718600000, 0x0000000718600000, 0x0000000718800000|  0%| F|  |TAMS 0x0000000718600000, 0x0000000718600000| Untracked 
| 116|0x0000000718800000, 0x0000000718800000, 0x0000000718a00000|  0%| F|  |TAMS 0x0000000718800000, 0x0000000718800000| Untracked 
| 117|0x0000000718a00000, 0x0000000718a00000, 0x0000000718c00000|  0%| F|  |TAMS 0x0000000718a00000, 0x0000000718a00000| Untracked 
| 118|0x0000000718c00000, 0x0000000718d04760, 0x0000000718e00000| 50%| S|CS|TAMS 0x0000000718c00000, 0x0000000718c00000| Complete 
| 119|0x0000000718e00000, 0x0000000719000000, 0x0000000719000000|100%| S|CS|TAMS 0x0000000718e00000, 0x0000000718e00000| Complete 
| 120|0x0000000719000000, 0x0000000719200000, 0x0000000719200000|100%| S|CS|TAMS 0x0000000719000000, 0x0000000719000000| Complete 
| 121|0x0000000719200000, 0x0000000719400000, 0x0000000719400000|100%| S|CS|TAMS 0x0000000719200000, 0x0000000719200000| Complete 
| 122|0x0000000719400000, 0x0000000719600000, 0x0000000719600000|100%| S|CS|TAMS 0x0000000719400000, 0x0000000719400000| Complete 
| 123|0x0000000719600000, 0x0000000719600000, 0x0000000719800000|  0%| F|  |TAMS 0x0000000719600000, 0x0000000719600000| Untracked 
| 124|0x0000000719800000, 0x0000000719800000, 0x0000000719a00000|  0%| F|  |TAMS 0x0000000719800000, 0x0000000719800000| Untracked 
| 125|0x0000000719a00000, 0x0000000719a00000, 0x0000000719c00000|  0%| F|  |TAMS 0x0000000719a00000, 0x0000000719a00000| Untracked 
| 126|0x0000000719c00000, 0x0000000719c00000, 0x0000000719e00000|  0%| F|  |TAMS 0x0000000719c00000, 0x0000000719c00000| Untracked 
| 127|0x0000000719e00000, 0x0000000719e00000, 0x000000071a000000|  0%| F|  |TAMS 0x0000000719e00000, 0x0000000719e00000| Untracked 
| 128|0x000000071a000000, 0x000000071a000000, 0x000000071a200000|  0%| F|  |TAMS 0x000000071a000000, 0x000000071a000000| Untracked 
| 129|0x000000071a200000, 0x000000071a200000, 0x000000071a400000|  0%| F|  |TAMS 0x000000071a200000, 0x000000071a200000| Untracked 
| 130|0x000000071a400000, 0x000000071a400000, 0x000000071a600000|  0%| F|  |TAMS 0x000000071a400000, 0x000000071a400000| Untracked 
| 131|0x000000071a600000, 0x000000071a600000, 0x000000071a800000|  0%| F|  |TAMS 0x000000071a600000, 0x000000071a600000| Untracked 
| 132|0x000000071a800000, 0x000000071a800000, 0x000000071aa00000|  0%| F|  |TAMS 0x000000071a800000, 0x000000071a800000| Untracked 
| 133|0x000000071aa00000, 0x000000071aa00000, 0x000000071ac00000|  0%| F|  |TAMS 0x000000071aa00000, 0x000000071aa00000| Untracked 
| 134|0x000000071ac00000, 0x000000071ac00000, 0x000000071ae00000|  0%| F|  |TAMS 0x000000071ac00000, 0x000000071ac00000| Untracked 
| 135|0x000000071ae00000, 0x000000071ae00000, 0x000000071b000000|  0%| F|  |TAMS 0x000000071ae00000, 0x000000071ae00000| Untracked 
| 136|0x000000071b000000, 0x000000071b000000, 0x000000071b200000|  0%| F|  |TAMS 0x000000071b000000, 0x000000071b000000| Untracked 
| 137|0x000000071b200000, 0x000000071b200000, 0x000000071b400000|  0%| F|  |TAMS 0x000000071b200000, 0x000000071b200000| Untracked 
| 138|0x000000071b400000, 0x000000071b400000, 0x000000071b600000|  0%| F|  |TAMS 0x000000071b400000, 0x000000071b400000| Untracked 
| 139|0x000000071b600000, 0x000000071b600000, 0x000000071b800000|  0%| F|  |TAMS 0x000000071b600000, 0x000000071b600000| Untracked 
| 140|0x000000071b800000, 0x000000071b800000, 0x000000071ba00000|  0%| F|  |TAMS 0x000000071b800000, 0x000000071b800000| Untracked 
| 141|0x000000071ba00000, 0x000000071ba00000, 0x000000071bc00000|  0%| F|  |TAMS 0x000000071ba00000, 0x000000071ba00000| Untracked 
| 142|0x000000071bc00000, 0x000000071bc00000, 0x000000071be00000|  0%| F|  |TAMS 0x000000071bc00000, 0x000000071bc00000| Untracked 
| 143|0x000000071be00000, 0x000000071be00000, 0x000000071c000000|  0%| F|  |TAMS 0x000000071be00000, 0x000000071be00000| Untracked 
| 144|0x000000071c000000, 0x000000071c000000, 0x000000071c200000|  0%| F|  |TAMS 0x000000071c000000, 0x000000071c000000| Untracked 
| 145|0x000000071c200000, 0x000000071c200000, 0x000000071c400000|  0%| F|  |TAMS 0x000000071c200000, 0x000000071c200000| Untracked 
| 146|0x000000071c400000, 0x000000071c400000, 0x000000071c600000|  0%| F|  |TAMS 0x000000071c400000, 0x000000071c400000| Untracked 
| 147|0x000000071c600000, 0x000000071c600000, 0x000000071c800000|  0%| F|  |TAMS 0x000000071c600000, 0x000000071c600000| Untracked 
| 148|0x000000071c800000, 0x000000071c800000, 0x000000071ca00000|  0%| F|  |TAMS 0x000000071c800000, 0x000000071c800000| Untracked 
| 149|0x000000071ca00000, 0x000000071ca00000, 0x000000071cc00000|  0%| F|  |TAMS 0x000000071ca00000, 0x000000071ca00000| Untracked 
| 150|0x000000071cc00000, 0x000000071cc00000, 0x000000071ce00000|  0%| F|  |TAMS 0x000000071cc00000, 0x000000071cc00000| Untracked 
| 151|0x000000071ce00000, 0x000000071ce00000, 0x000000071d000000|  0%| F|  |TAMS 0x000000071ce00000, 0x000000071ce00000| Untracked 
| 152|0x000000071d000000, 0x000000071d000000, 0x000000071d200000|  0%| F|  |TAMS 0x000000071d000000, 0x000000071d000000| Untracked 
| 153|0x000000071d200000, 0x000000071d200000, 0x000000071d400000|  0%| F|  |TAMS 0x000000071d200000, 0x000000071d200000| Untracked 
| 154|0x000000071d400000, 0x000000071d400000, 0x000000071d600000|  0%| F|  |TAMS 0x000000071d400000, 0x000000071d400000| Untracked 
| 155|0x000000071d600000, 0x000000071d600000, 0x000000071d800000|  0%| F|  |TAMS 0x000000071d600000, 0x000000071d600000| Untracked 
| 156|0x000000071d800000, 0x000000071d800000, 0x000000071da00000|  0%| F|  |TAMS 0x000000071d800000, 0x000000071d800000| Untracked 
| 157|0x000000071da00000, 0x000000071da00000, 0x000000071dc00000|  0%| F|  |TAMS 0x000000071da00000, 0x000000071da00000| Untracked 
| 158|0x000000071dc00000, 0x000000071dc00000, 0x000000071de00000|  0%| F|  |TAMS 0x000000071dc00000, 0x000000071dc00000| Untracked 
| 159|0x000000071de00000, 0x000000071de00000, 0x000000071e000000|  0%| F|  |TAMS 0x000000071de00000, 0x000000071de00000| Untracked 
| 160|0x000000071e000000, 0x000000071e000000, 0x000000071e200000|  0%| F|  |TAMS 0x000000071e000000, 0x000000071e000000| Untracked 
| 161|0x000000071e200000, 0x000000071e200000, 0x000000071e400000|  0%| F|  |TAMS 0x000000071e200000, 0x000000071e200000| Untracked 
| 162|0x000000071e400000, 0x000000071e400000, 0x000000071e600000|  0%| F|  |TAMS 0x000000071e400000, 0x000000071e400000| Untracked 
| 163|0x000000071e600000, 0x000000071e600000, 0x000000071e800000|  0%| F|  |TAMS 0x000000071e600000, 0x000000071e600000| Untracked 
| 164|0x000000071e800000, 0x000000071e800000, 0x000000071ea00000|  0%| F|  |TAMS 0x000000071e800000, 0x000000071e800000| Untracked 
| 165|0x000000071ea00000, 0x000000071ea00000, 0x000000071ec00000|  0%| F|  |TAMS 0x000000071ea00000, 0x000000071ea00000| Untracked 
| 166|0x000000071ec00000, 0x000000071ec00000, 0x000000071ee00000|  0%| F|  |TAMS 0x000000071ec00000, 0x000000071ec00000| Untracked 
| 167|0x000000071ee00000, 0x000000071ee00000, 0x000000071f000000|  0%| F|  |TAMS 0x000000071ee00000, 0x000000071ee00000| Untracked 
| 168|0x000000071f000000, 0x000000071f000000, 0x000000071f200000|  0%| F|  |TAMS 0x000000071f000000, 0x000000071f000000| Untracked 
| 169|0x000000071f200000, 0x000000071f200000, 0x000000071f400000|  0%| F|  |TAMS 0x000000071f200000, 0x000000071f200000| Untracked 
| 170|0x000000071f400000, 0x000000071f400000, 0x000000071f600000|  0%| F|  |TAMS 0x000000071f400000, 0x000000071f400000| Untracked 
| 171|0x000000071f600000, 0x000000071f600000, 0x000000071f800000|  0%| F|  |TAMS 0x000000071f600000, 0x000000071f600000| Untracked 
| 172|0x000000071f800000, 0x000000071f800000, 0x000000071fa00000|  0%| F|  |TAMS 0x000000071f800000, 0x000000071f800000| Untracked 
| 173|0x000000071fa00000, 0x000000071fa00000, 0x000000071fc00000|  0%| F|  |TAMS 0x000000071fa00000, 0x000000071fa00000| Untracked 
| 174|0x000000071fc00000, 0x000000071fc00000, 0x000000071fe00000|  0%| F|  |TAMS 0x000000071fc00000, 0x000000071fc00000| Untracked 
| 175|0x000000071fe00000, 0x000000071fe00000, 0x0000000720000000|  0%| F|  |TAMS 0x000000071fe00000, 0x000000071fe00000| Untracked 
| 176|0x0000000720000000, 0x0000000720000000, 0x0000000720200000|  0%| F|  |TAMS 0x0000000720000000, 0x0000000720000000| Untracked 
| 177|0x0000000720200000, 0x0000000720200000, 0x0000000720400000|  0%| F|  |TAMS 0x0000000720200000, 0x0000000720200000| Untracked 
| 178|0x0000000720400000, 0x0000000720400000, 0x0000000720600000|  0%| F|  |TAMS 0x0000000720400000, 0x0000000720400000| Untracked 
| 179|0x0000000720600000, 0x0000000720600000, 0x0000000720800000|  0%| F|  |TAMS 0x0000000720600000, 0x0000000720600000| Untracked 
| 180|0x0000000720800000, 0x0000000720800000, 0x0000000720a00000|  0%| F|  |TAMS 0x0000000720800000, 0x0000000720800000| Untracked 
| 181|0x0000000720a00000, 0x0000000720a00000, 0x0000000720c00000|  0%| F|  |TAMS 0x0000000720a00000, 0x0000000720a00000| Untracked 
| 182|0x0000000720c00000, 0x0000000720c00000, 0x0000000720e00000|  0%| F|  |TAMS 0x0000000720c00000, 0x0000000720c00000| Untracked 
| 183|0x0000000720e00000, 0x0000000720e00000, 0x0000000721000000|  0%| F|  |TAMS 0x0000000720e00000, 0x0000000720e00000| Untracked 
| 184|0x0000000721000000, 0x0000000721000000, 0x0000000721200000|  0%| F|  |TAMS 0x0000000721000000, 0x0000000721000000| Untracked 
| 185|0x0000000721200000, 0x0000000721200000, 0x0000000721400000|  0%| F|  |TAMS 0x0000000721200000, 0x0000000721200000| Untracked 
| 186|0x0000000721400000, 0x0000000721400000, 0x0000000721600000|  0%| F|  |TAMS 0x0000000721400000, 0x0000000721400000| Untracked 
| 187|0x0000000721600000, 0x0000000721600000, 0x0000000721800000|  0%| F|  |TAMS 0x0000000721600000, 0x0000000721600000| Untracked 
| 188|0x0000000721800000, 0x0000000721800000, 0x0000000721a00000|  0%| F|  |TAMS 0x0000000721800000, 0x0000000721800000| Untracked 
| 189|0x0000000721a00000, 0x0000000721a00000, 0x0000000721c00000|  0%| F|  |TAMS 0x0000000721a00000, 0x0000000721a00000| Untracked 
| 190|0x0000000721c00000, 0x0000000721c00000, 0x0000000721e00000|  0%| F|  |TAMS 0x0000000721c00000, 0x0000000721c00000| Untracked 
| 191|0x0000000721e00000, 0x0000000721e00000, 0x0000000722000000|  0%| F|  |TAMS 0x0000000721e00000, 0x0000000721e00000| Untracked 
| 192|0x0000000722000000, 0x0000000722000000, 0x0000000722200000|  0%| F|  |TAMS 0x0000000722000000, 0x0000000722000000| Untracked 
| 193|0x0000000722200000, 0x0000000722200000, 0x0000000722400000|  0%| F|  |TAMS 0x0000000722200000, 0x0000000722200000| Untracked 
| 194|0x0000000722400000, 0x0000000722400000, 0x0000000722600000|  0%| F|  |TAMS 0x0000000722400000, 0x0000000722400000| Untracked 
| 195|0x0000000722600000, 0x0000000722600000, 0x0000000722800000|  0%| F|  |TAMS 0x0000000722600000, 0x0000000722600000| Untracked 
| 196|0x0000000722800000, 0x0000000722800000, 0x0000000722a00000|  0%| F|  |TAMS 0x0000000722800000, 0x0000000722800000| Untracked 
| 197|0x0000000722a00000, 0x0000000722a00000, 0x0000000722c00000|  0%| F|  |TAMS 0x0000000722a00000, 0x0000000722a00000| Untracked 
| 198|0x0000000722c00000, 0x0000000722c00000, 0x0000000722e00000|  0%| F|  |TAMS 0x0000000722c00000, 0x0000000722c00000| Untracked 
| 199|0x0000000722e00000, 0x0000000722e00000, 0x0000000723000000|  0%| F|  |TAMS 0x0000000722e00000, 0x0000000722e00000| Untracked 
| 200|0x0000000723000000, 0x0000000723000000, 0x0000000723200000|  0%| F|  |TAMS 0x0000000723000000, 0x0000000723000000| Untracked 
| 201|0x0000000723200000, 0x0000000723200000, 0x0000000723400000|  0%| F|  |TAMS 0x0000000723200000, 0x0000000723200000| Untracked 
| 202|0x0000000723400000, 0x0000000723400000, 0x0000000723600000|  0%| F|  |TAMS 0x0000000723400000, 0x0000000723400000| Untracked 
| 203|0x0000000723600000, 0x0000000723600000, 0x0000000723800000|  0%| F|  |TAMS 0x0000000723600000, 0x0000000723600000| Untracked 
| 204|0x0000000723800000, 0x0000000723800000, 0x0000000723a00000|  0%| F|  |TAMS 0x0000000723800000, 0x0000000723800000| Untracked 
| 205|0x0000000723a00000, 0x0000000723a00000, 0x0000000723c00000|  0%| F|  |TAMS 0x0000000723a00000, 0x0000000723a00000| Untracked 
| 206|0x0000000723c00000, 0x0000000723c00000, 0x0000000723e00000|  0%| F|  |TAMS 0x0000000723c00000, 0x0000000723c00000| Untracked 
| 207|0x0000000723e00000, 0x0000000723e00000, 0x0000000724000000|  0%| F|  |TAMS 0x0000000723e00000, 0x0000000723e00000| Untracked 
| 208|0x0000000724000000, 0x0000000724000000, 0x0000000724200000|  0%| F|  |TAMS 0x0000000724000000, 0x0000000724000000| Untracked 
| 209|0x0000000724200000, 0x0000000724200000, 0x0000000724400000|  0%| F|  |TAMS 0x0000000724200000, 0x0000000724200000| Untracked 
| 210|0x0000000724400000, 0x0000000724400000, 0x0000000724600000|  0%| F|  |TAMS 0x0000000724400000, 0x0000000724400000| Untracked 
| 211|0x0000000724600000, 0x0000000724600000, 0x0000000724800000|  0%| F|  |TAMS 0x0000000724600000, 0x0000000724600000| Untracked 
| 212|0x0000000724800000, 0x0000000724800000, 0x0000000724a00000|  0%| F|  |TAMS 0x0000000724800000, 0x0000000724800000| Untracked 
| 213|0x0000000724a00000, 0x0000000724a00000, 0x0000000724c00000|  0%| F|  |TAMS 0x0000000724a00000, 0x0000000724a00000| Untracked 
| 214|0x0000000724c00000, 0x0000000724c00000, 0x0000000724e00000|  0%| F|  |TAMS 0x0000000724c00000, 0x0000000724c00000| Untracked 
| 215|0x0000000724e00000, 0x0000000724e00000, 0x0000000725000000|  0%| F|  |TAMS 0x0000000724e00000, 0x0000000724e00000| Untracked 
| 216|0x0000000725000000, 0x0000000725000000, 0x0000000725200000|  0%| F|  |TAMS 0x0000000725000000, 0x0000000725000000| Untracked 
| 217|0x0000000725200000, 0x0000000725200000, 0x0000000725400000|  0%| F|  |TAMS 0x0000000725200000, 0x0000000725200000| Untracked 
| 218|0x0000000725400000, 0x0000000725400000, 0x0000000725600000|  0%| F|  |TAMS 0x0000000725400000, 0x0000000725400000| Untracked 
| 219|0x0000000725600000, 0x0000000725600000, 0x0000000725800000|  0%| F|  |TAMS 0x0000000725600000, 0x0000000725600000| Untracked 
| 220|0x0000000725800000, 0x0000000725800000, 0x0000000725a00000|  0%| F|  |TAMS 0x0000000725800000, 0x0000000725800000| Untracked 
| 221|0x0000000725a00000, 0x0000000725a00000, 0x0000000725c00000|  0%| F|  |TAMS 0x0000000725a00000, 0x0000000725a00000| Untracked 
| 222|0x0000000725c00000, 0x0000000725c00000, 0x0000000725e00000|  0%| F|  |TAMS 0x0000000725c00000, 0x0000000725c00000| Untracked 
| 223|0x0000000725e00000, 0x0000000725e00000, 0x0000000726000000|  0%| F|  |TAMS 0x0000000725e00000, 0x0000000725e00000| Untracked 
| 224|0x0000000726000000, 0x0000000726000000, 0x0000000726200000|  0%| F|  |TAMS 0x0000000726000000, 0x0000000726000000| Untracked 
| 225|0x0000000726200000, 0x0000000726200000, 0x0000000726400000|  0%| F|  |TAMS 0x0000000726200000, 0x0000000726200000| Untracked 
| 226|0x0000000726400000, 0x0000000726400000, 0x0000000726600000|  0%| F|  |TAMS 0x0000000726400000, 0x0000000726400000| Untracked 
| 227|0x0000000726600000, 0x0000000726600000, 0x0000000726800000|  0%| F|  |TAMS 0x0000000726600000, 0x0000000726600000| Untracked 
| 228|0x0000000726800000, 0x0000000726800000, 0x0000000726a00000|  0%| F|  |TAMS 0x0000000726800000, 0x0000000726800000| Untracked 
| 229|0x0000000726a00000, 0x0000000726a00000, 0x0000000726c00000|  0%| F|  |TAMS 0x0000000726a00000, 0x0000000726a00000| Untracked 
| 230|0x0000000726c00000, 0x0000000726c00000, 0x0000000726e00000|  0%| F|  |TAMS 0x0000000726c00000, 0x0000000726c00000| Untracked 
| 231|0x0000000726e00000, 0x0000000726e00000, 0x0000000727000000|  0%| F|  |TAMS 0x0000000726e00000, 0x0000000726e00000| Untracked 
| 232|0x0000000727000000, 0x0000000727000000, 0x0000000727200000|  0%| F|  |TAMS 0x0000000727000000, 0x0000000727000000| Untracked 
| 233|0x0000000727200000, 0x0000000727200000, 0x0000000727400000|  0%| F|  |TAMS 0x0000000727200000, 0x0000000727200000| Untracked 
| 234|0x0000000727400000, 0x0000000727400000, 0x0000000727600000|  0%| F|  |TAMS 0x0000000727400000, 0x0000000727400000| Untracked 
| 235|0x0000000727600000, 0x0000000727600000, 0x0000000727800000|  0%| F|  |TAMS 0x0000000727600000, 0x0000000727600000| Untracked 
| 236|0x0000000727800000, 0x0000000727800000, 0x0000000727a00000|  0%| F|  |TAMS 0x0000000727800000, 0x0000000727800000| Untracked 
| 237|0x0000000727a00000, 0x0000000727a00000, 0x0000000727c00000|  0%| F|  |TAMS 0x0000000727a00000, 0x0000000727a00000| Untracked 
| 238|0x0000000727c00000, 0x0000000727c00000, 0x0000000727e00000|  0%| F|  |TAMS 0x0000000727c00000, 0x0000000727c00000| Untracked 
| 239|0x0000000727e00000, 0x0000000727e00000, 0x0000000728000000|  0%| F|  |TAMS 0x0000000727e00000, 0x0000000727e00000| Untracked 
| 240|0x0000000728000000, 0x0000000728000000, 0x0000000728200000|  0%| F|  |TAMS 0x0000000728000000, 0x0000000728000000| Untracked 
| 241|0x0000000728200000, 0x0000000728200000, 0x0000000728400000|  0%| F|  |TAMS 0x0000000728200000, 0x0000000728200000| Untracked 
| 242|0x0000000728400000, 0x0000000728400000, 0x0000000728600000|  0%| F|  |TAMS 0x0000000728400000, 0x0000000728400000| Untracked 
| 243|0x0000000728600000, 0x0000000728600000, 0x0000000728800000|  0%| F|  |TAMS 0x0000000728600000, 0x0000000728600000| Untracked 
| 244|0x0000000728800000, 0x0000000728800000, 0x0000000728a00000|  0%| F|  |TAMS 0x0000000728800000, 0x0000000728800000| Untracked 
| 245|0x0000000728a00000, 0x0000000728a00000, 0x0000000728c00000|  0%| F|  |TAMS 0x0000000728a00000, 0x0000000728a00000| Untracked 
| 246|0x0000000728c00000, 0x0000000728c00000, 0x0000000728e00000|  0%| F|  |TAMS 0x0000000728c00000, 0x0000000728c00000| Untracked 
| 247|0x0000000728e00000, 0x0000000728e00000, 0x0000000729000000|  0%| F|  |TAMS 0x0000000728e00000, 0x0000000728e00000| Untracked 
| 248|0x0000000729000000, 0x0000000729000000, 0x0000000729200000|  0%| F|  |TAMS 0x0000000729000000, 0x0000000729000000| Untracked 
| 249|0x0000000729200000, 0x0000000729200000, 0x0000000729400000|  0%| F|  |TAMS 0x0000000729200000, 0x0000000729200000| Untracked 
| 250|0x0000000729400000, 0x0000000729400000, 0x0000000729600000|  0%| F|  |TAMS 0x0000000729400000, 0x0000000729400000| Untracked 
| 251|0x0000000729600000, 0x0000000729600000, 0x0000000729800000|  0%| F|  |TAMS 0x0000000729600000, 0x0000000729600000| Untracked 
| 252|0x0000000729800000, 0x0000000729800000, 0x0000000729a00000|  0%| F|  |TAMS 0x0000000729800000, 0x0000000729800000| Untracked 
| 253|0x0000000729a00000, 0x0000000729a00000, 0x0000000729c00000|  0%| F|  |TAMS 0x0000000729a00000, 0x0000000729a00000| Untracked 
| 254|0x0000000729c00000, 0x0000000729c00000, 0x0000000729e00000|  0%| F|  |TAMS 0x0000000729c00000, 0x0000000729c00000| Untracked 
| 255|0x0000000729e00000, 0x0000000729e00000, 0x000000072a000000|  0%| F|  |TAMS 0x0000000729e00000, 0x0000000729e00000| Untracked 
| 256|0x000000072a000000, 0x000000072a000000, 0x000000072a200000|  0%| F|  |TAMS 0x000000072a000000, 0x000000072a000000| Untracked 
| 257|0x000000072a200000, 0x000000072a200000, 0x000000072a400000|  0%| F|  |TAMS 0x000000072a200000, 0x000000072a200000| Untracked 
| 258|0x000000072a400000, 0x000000072a400000, 0x000000072a600000|  0%| F|  |TAMS 0x000000072a400000, 0x000000072a400000| Untracked 
| 259|0x000000072a600000, 0x000000072a600000, 0x000000072a800000|  0%| F|  |TAMS 0x000000072a600000, 0x000000072a600000| Untracked 
| 260|0x000000072a800000, 0x000000072a800000, 0x000000072aa00000|  0%| F|  |TAMS 0x000000072a800000, 0x000000072a800000| Untracked 
| 261|0x000000072aa00000, 0x000000072aa00000, 0x000000072ac00000|  0%| F|  |TAMS 0x000000072aa00000, 0x000000072aa00000| Untracked 
| 262|0x000000072ac00000, 0x000000072ac00000, 0x000000072ae00000|  0%| F|  |TAMS 0x000000072ac00000, 0x000000072ac00000| Untracked 
| 263|0x000000072ae00000, 0x000000072ae00000, 0x000000072b000000|  0%| F|  |TAMS 0x000000072ae00000, 0x000000072ae00000| Untracked 

Card table byte_map: [0x000001d2eaf90000,0x000001d2eb740000] _byte_map_base: 0x000001d2e7740000

Marking Bits (Prev, Next): (CMBitMap*) 0x000001d2ddc1bbc0, (CMBitMap*) 0x000001d2ddc1bb80
 Prev Bits: [0x000001d2efc70000, 0x000001d2f39f0000)
 Next Bits: [0x000001d2ebef0000, 0x000001d2efc70000)

Polling page: 0x000001d2ddc30000

Metaspace:

Usage:
  Non-class:     70.58 MB used.
      Class:     11.36 MB used.
       Both:     81.94 MB used.

Virtual space:
  Non-class space:       72.00 MB reserved,      71.00 MB ( 99%) committed,  9 nodes.
      Class space:        1.00 GB reserved,      11.69 MB (  1%) committed,  1 nodes.
             Both:        1.07 GB reserved,      82.69 MB (  8%) committed. 

Chunk freelists:
   Non-Class:  421.00 KB
       Class:  344.00 KB
        Both:  765.00 KB

MaxMetaspaceSize: unlimited
CompressedClassSpaceSize: 1.00 GB
Initial GC threshold: 21.00 MB
Current GC threshold: 126.25 MB
CDS: on
MetaspaceReclaimPolicy: balanced
 - commit_granule_bytes: 65536.
 - commit_granule_words: 8192.
 - virtual_space_node_default_size: 1048576.
 - enlarge_chunks_in_place: 1.
 - new_chunks_are_fully_committed: 0.
 - uncommit_free_chunks: 1.
 - use_allocation_guard: 0.
 - handle_deallocations: 1.


Internal statistics:

num_allocs_failed_limit: 15.
num_arena_births: 1772.
num_arena_deaths: 830.
num_vsnodes_births: 10.
num_vsnodes_deaths: 0.
num_space_committed: 1323.
num_space_uncommitted: 0.
num_chunks_returned_to_freelist: 1128.
num_chunks_taken_from_freelist: 5788.
num_chunk_merges: 492.
num_chunk_splits: 3519.
num_chunks_enlarged: 2076.
num_purges: 8.
num_inconsistent_stats: 0.

CodeCache: size=49152Kb used=23318Kb max_used=23756Kb free=25833Kb
 bounds [0x000001d2e74b0000, 0x000001d2e8bf0000, 0x000001d2ea4b0000]
 total_blobs=13509 nmethods=12800 adapters=633
 compilation: enabled
              stopped_count=0, restarted_count=0
 full_count=0

Compilation events (20 events):
Event: 1705.352 Thread 0x000001d2f66ea860 13055       1       org.hibernate.event.spi.LoadEvent::setInstanceToLoad (6 bytes)
Event: 1705.352 Thread 0x000001d2f66ea860 nmethod 13055 0x000001d2e8521890 code [0x000001d2e8521a20, 0x000001d2e8521b38]
Event: 1705.357 Thread 0x000001d2f66ea860 13056       1       org.jboss.resteasy.core.Headers::<init> (5 bytes)
Event: 1705.357 Thread 0x000001d2f66ea860 nmethod 13056 0x000001d2e8521410 code [0x000001d2e85215a0, 0x000001d2e8521798]
Event: 1705.357 Thread 0x000001d2f66ea860 13057       1       org.jboss.resteasy.util.CaseInsensitiveMap::<init> (8 bytes)
Event: 1705.358 Thread 0x000001d2f66ea860 nmethod 13057 0x000001d2e8520f90 code [0x000001d2e8521120, 0x000001d2e8521318]
Event: 1705.358 Thread 0x000001d2f66ea860 13058       1       io.quarkus.resteasy.runtime.standalone.VertxHttpRequest::getAttribute (11 bytes)
Event: 1705.358 Thread 0x000001d2f66ea860 nmethod 13058 0x000001d2e8520a10 code [0x000001d2e8520bc0, 0x000001d2e8520e48]
Event: 1705.358 Thread 0x000001d2f66ea860 13059       1       org.jboss.resteasy.core.ResourceMethodInvoker::getProduces (10 bytes)
Event: 1705.359 Thread 0x000001d2f66ea860 nmethod 13059 0x000001d2e8520690 code [0x000001d2e8520820, 0x000001d2e8520938]
Event: 1705.359 Thread 0x000001d2f66ea860 13061       1       org.eclipse.yasson.internal.serializer.AbstractNumberSerializer::serialize (11 bytes)
Event: 1705.359 Thread 0x000001d2f66ea860 nmethod 13061 0x000001d2e8520310 code [0x000001d2e85204a0, 0x000001d2e85205e8]
Event: 1705.359 Thread 0x000001d2f66ea860 13062       1       org.eclipse.yasson.internal.serializer.AbstractNumberSerializer::serialize (67 bytes)
Event: 1705.360 Thread 0x000001d2f66ea860 nmethod 13062 0x000001d2e851f710 code [0x000001d2e851f980, 0x000001d2e851fec8]
Event: 1705.360 Thread 0x000001d2f66ea860 13060       1       org.jboss.resteasy.core.providerfactory.ResteasyProviderFactoryImpl::getServerMessageBodyWriters (8 bytes)
Event: 1705.361 Thread 0x000001d2f66ea860 nmethod 13060 0x000001d2e851f410 code [0x000001d2e851f5a0, 0x000001d2e851f678]
Event: 1705.365 Thread 0x000001d2f66ea860 13063       1       io.agroal.pool.ConnectionHandler::verifyEnlistment (71 bytes)
Event: 1705.365 Thread 0x000001d2f66ea860 nmethod 13063 0x000001d2e851ed10 code [0x000001d2e851ef00, 0x000001d2e851f238]
Event: 1705.365 Thread 0x000001d2f66ea860 13064   !   1       org.eclipse.yasson.internal.serializer.ObjectSerializer::serializeInternal (168 bytes)
Event: 1705.367 Thread 0x000001d2f66ea860 nmethod 13064 0x000001d2e851d510 code [0x000001d2e851d7a0, 0x000001d2e851e278]

GC Heap History (20 events):
Event: 1474.326 GC heap after
{Heap after GC invocations=21 (full 0):
 garbage-first heap   total 212992K, used 105386K [0x000000070a000000, 0x0000000800000000)
  region size 2048K, 1 young (2048K), 1 survivors (2048K)
 Metaspace       used 75299K, committed 76480K, reserved 1122304K
  class space    used 10406K, committed 10816K, reserved 1048576K
}
Event: 1474.797 GC heap before
{Heap before GC invocations=21 (full 0):
 garbage-first heap   total 212992K, used 164778K [0x000000070a000000, 0x0000000800000000)
  region size 2048K, 30 young (61440K), 1 survivors (2048K)
 Metaspace       used 75299K, committed 76480K, reserved 1122304K
  class space    used 10406K, committed 10816K, reserved 1048576K
}
Event: 1474.813 GC heap after
{Heap after GC invocations=22 (full 0):
 garbage-first heap   total 540672K, used 115177K [0x000000070a000000, 0x0000000800000000)
  region size 2048K, 4 young (8192K), 4 survivors (8192K)
 Metaspace       used 75299K, committed 76480K, reserved 1122304K
  class space    used 10406K, committed 10816K, reserved 1048576K
}
Event: 1477.605 GC heap before
{Heap before GC invocations=23 (full 0):
 garbage-first heap   total 417792K, used 344553K [0x000000070a000000, 0x0000000800000000)
  region size 2048K, 116 young (237568K), 4 survivors (8192K)
 Metaspace       used 75340K, committed 76480K, reserved 1122304K
  class space    used 10405K, committed 10816K, reserved 1048576K
}
Event: 1477.634 GC heap after
{Heap after GC invocations=24 (full 0):
 garbage-first heap   total 417792K, used 154548K [0x000000070a000000, 0x0000000800000000)
  region size 2048K, 15 young (30720K), 15 survivors (30720K)
 Metaspace       used 75340K, committed 76480K, reserved 1122304K
  class space    used 10405K, committed 10816K, reserved 1048576K
}
Event: 1477.642 GC heap before
{Heap before GC invocations=24 (full 0):
 garbage-first heap   total 417792K, used 156596K [0x000000070a000000, 0x0000000800000000)
  region size 2048K, 16 young (32768K), 15 survivors (30720K)
 Metaspace       used 75340K, committed 76480K, reserved 1122304K
  class space    used 10405K, committed 10816K, reserved 1048576K
}
Event: 1477.661 GC heap after
{Heap after GC invocations=25 (full 0):
 garbage-first heap   total 417792K, used 156839K [0x000000070a000000, 0x0000000800000000)
  region size 2048K, 2 young (4096K), 2 survivors (4096K)
 Metaspace       used 75340K, committed 76480K, reserved 1122304K
  class space    used 10405K, committed 10816K, reserved 1048576K
}
Event: 1478.090 GC heap before
{Heap before GC invocations=25 (full 0):
 garbage-first heap   total 417792K, used 181415K [0x000000070a000000, 0x0000000800000000)
  region size 2048K, 16 young (32768K), 2 survivors (4096K)
 Metaspace       used 75501K, committed 76480K, reserved 1122304K
  class space    used 10436K, committed 10816K, reserved 1048576K
}
Event: 1478.098 GC heap after
{Heap after GC invocations=26 (full 0):
 garbage-first heap   total 417792K, used 167479K [0x000000070a000000, 0x0000000800000000)
  region size 2048K, 7 young (14336K), 7 survivors (14336K)
 Metaspace       used 75501K, committed 76480K, reserved 1122304K
  class space    used 10436K, committed 10816K, reserved 1048576K
}
Event: 1492.909 GC heap before
{Heap before GC invocations=27 (full 0):
 garbage-first heap   total 417792K, used 296503K [0x000000070a000000, 0x0000000800000000)
  region size 2048K, 72 young (147456K), 7 survivors (14336K)
 Metaspace       used 76651K, committed 77184K, reserved 1122304K
  class space    used 10635K, committed 10880K, reserved 1048576K
}
Event: 1492.926 GC heap after
{Heap after GC invocations=28 (full 0):
 garbage-first heap   total 417792K, used 184414K [0x000000070a000000, 0x0000000800000000)
  region size 2048K, 9 young (18432K), 9 survivors (18432K)
 Metaspace       used 76651K, committed 77184K, reserved 1122304K
  class space    used 10635K, committed 10880K, reserved 1048576K
}
Event: 1492.971 GC heap before
{Heap before GC invocations=28 (full 0):
 garbage-first heap   total 417792K, used 186462K [0x000000070a000000, 0x0000000800000000)
  region size 2048K, 10 young (20480K), 9 survivors (18432K)
 Metaspace       used 76654K, committed 77184K, reserved 1122304K
  class space    used 10635K, committed 10880K, reserved 1048576K
}
Event: 1492.982 GC heap after
{Heap after GC invocations=29 (full 0):
 garbage-first heap   total 417792K, used 184514K [0x000000070a000000, 0x0000000800000000)
  region size 2048K, 2 young (4096K), 2 survivors (4096K)
 Metaspace       used 76654K, committed 77184K, reserved 1122304K
  class space    used 10635K, committed 10880K, reserved 1048576K
}
Event: 1493.593 GC heap before
{Heap before GC invocations=29 (full 0):
 garbage-first heap   total 417792K, used 307394K [0x000000070a000000, 0x0000000800000000)
  region size 2048K, 63 young (129024K), 2 survivors (4096K)
 Metaspace       used 76986K, committed 77568K, reserved 1122304K
  class space    used 10701K, committed 10944K, reserved 1048576K
}
Event: 1493.600 GC heap after
{Heap after GC invocations=30 (full 0):
 garbage-first heap   total 417792K, used 189236K [0x000000070a000000, 0x0000000800000000)
  region size 2048K, 4 young (8192K), 4 survivors (8192K)
 Metaspace       used 76986K, committed 77568K, reserved 1122304K
  class space    used 10701K, committed 10944K, reserved 1048576K
}
Event: 1493.978 GC heap before
{Heap before GC invocations=31 (full 0):
 garbage-first heap   total 417792K, used 275252K [0x000000070a000000, 0x0000000800000000)
  region size 2048K, 67 young (137216K), 4 survivors (8192K)
 Metaspace       used 77001K, committed 77568K, reserved 1122304K
  class space    used 10703K, committed 10944K, reserved 1048576K
}
Event: 1493.988 GC heap after
{Heap after GC invocations=32 (full 0):
 garbage-first heap   total 417792K, used 152900K [0x000000070a000000, 0x0000000800000000)
  region size 2048K, 6 young (12288K), 6 survivors (12288K)
 Metaspace       used 77001K, committed 77568K, reserved 1122304K
  class space    used 10703K, committed 10944K, reserved 1048576K
}
Event: 1494.164 GC heap before
{Heap before GC invocations=32 (full 0):
 garbage-first heap   total 417792K, used 161092K [0x000000070a000000, 0x0000000800000000)
  region size 2048K, 10 young (20480K), 6 survivors (12288K)
 Metaspace       used 77705K, committed 78336K, reserved 1122304K
  class space    used 10783K, committed 11072K, reserved 1048576K
}
Event: 1494.176 GC heap after
{Heap after GC invocations=33 (full 0):
 garbage-first heap   total 417792K, used 136685K [0x000000070a000000, 0x0000000800000000)
  region size 2048K, 2 young (4096K), 2 survivors (4096K)
 Metaspace       used 77705K, committed 78336K, reserved 1122304K
  class space    used 10783K, committed 11072K, reserved 1048576K
}
Event: 1705.747 GC heap before
{Heap before GC invocations=33 (full 0):
 garbage-first heap   total 417792K, used 298477K [0x000000070a000000, 0x0000000800000000)
  region size 2048K, 81 young (165888K), 2 survivors (4096K)
 Metaspace       used 83902K, committed 84672K, reserved 1122304K
  class space    used 11628K, committed 11968K, reserved 1048576K
}

Deoptimization events (20 events):
Event: 1705.744 Thread 0x000001d2fbe4a370 DEOPT PACKING pc=0x000001d2e77fa9cc sp=0x00000092972feab0
Event: 1705.744 Thread 0x000001d2fbe4a370 DEOPT UNPACKING pc=0x000001d2e7502b43 sp=0x00000092972fdfd0 mode 1
Event: 1705.744 Thread 0x000001d2fbe4a370 DEOPT PACKING pc=0x000001d2e7bc031c sp=0x00000092972feba0
Event: 1705.744 Thread 0x000001d2fbe4a370 DEOPT UNPACKING pc=0x000001d2e7502b43 sp=0x00000092972fe098 mode 1
Event: 1705.746 Thread 0x000001d2fbe4a370 DEOPT PACKING pc=0x000001d2e77fc844 sp=0x00000092972fe910
Event: 1705.746 Thread 0x000001d2fbe4a370 DEOPT UNPACKING pc=0x000001d2e7502b43 sp=0x00000092972fddd0 mode 1
Event: 1705.746 Thread 0x000001d2fbe4a370 DEOPT PACKING pc=0x000001d2e77fdc4c sp=0x00000092972fe9c0
Event: 1705.746 Thread 0x000001d2fbe4a370 DEOPT UNPACKING pc=0x000001d2e7502b43 sp=0x00000092972fdea8 mode 1
Event: 1705.746 Thread 0x000001d2fbe4a370 DEOPT PACKING pc=0x000001d2e77fa9cc sp=0x00000092972feab0
Event: 1705.746 Thread 0x000001d2fbe4a370 DEOPT UNPACKING pc=0x000001d2e7502b43 sp=0x00000092972fdfd0 mode 1
Event: 1705.746 Thread 0x000001d2fbe4a370 DEOPT PACKING pc=0x000001d2e7bc031c sp=0x00000092972feba0
Event: 1705.746 Thread 0x000001d2fbe4a370 DEOPT UNPACKING pc=0x000001d2e7502b43 sp=0x00000092972fe098 mode 1
Event: 1705.747 Thread 0x000001d2fbe4a370 DEOPT PACKING pc=0x000001d2e77fc844 sp=0x00000092972fe720
Event: 1705.747 Thread 0x000001d2fbe4a370 DEOPT UNPACKING pc=0x000001d2e7502b43 sp=0x00000092972fdbe0 mode 1
Event: 1705.747 Thread 0x000001d2fbe4a370 DEOPT PACKING pc=0x000001d2e77fdc4c sp=0x00000092972fe7d0
Event: 1705.747 Thread 0x000001d2fbe4a370 DEOPT UNPACKING pc=0x000001d2e7502b43 sp=0x00000092972fdcb8 mode 1
Event: 1705.747 Thread 0x000001d2fbe4a370 DEOPT PACKING pc=0x000001d2e77fa9cc sp=0x00000092972fe8c0
Event: 1705.747 Thread 0x000001d2fbe4a370 DEOPT UNPACKING pc=0x000001d2e7502b43 sp=0x00000092972fdde0 mode 1
Event: 1705.747 Thread 0x000001d2fbe4a370 DEOPT PACKING pc=0x000001d2e7bc031c sp=0x00000092972fe9b0
Event: 1705.747 Thread 0x000001d2fbe4a370 DEOPT UNPACKING pc=0x000001d2e7502b43 sp=0x00000092972fdea8 mode 1

Classes unloaded (20 events):
Event: 1474.927 Thread 0x000001d2f66cc250 Unloading class 0x0000000801644000 'io/quarkus/bootstrap/resolver/maven/options/BootstrapMavenOptionsParser'
Event: 1474.927 Thread 0x000001d2f66cc250 Unloading class 0x0000000801635400 'java/lang/invoke/LambdaForm$DMH+0x0000000801635400'
Event: 1474.927 Thread 0x000001d2f66cc250 Unloading class 0x0000000801635000 'java/lang/invoke/LambdaForm$DMH+0x0000000801635000'
Event: 1474.927 Thread 0x000001d2f66cc250 Unloading class 0x0000000801634c00 'java/lang/invoke/LambdaForm$DMH+0x0000000801634c00'
Event: 1474.927 Thread 0x000001d2f66cc250 Unloading class 0x0000000801634800 'java/lang/invoke/LambdaForm$DMH+0x0000000801634800'
Event: 1474.927 Thread 0x000001d2f66cc250 Unloading class 0x0000000801634400 'java/lang/invoke/LambdaForm$DMH+0x0000000801634400'
Event: 1474.927 Thread 0x000001d2f66cc250 Unloading class 0x00000008015f4000 'java/lang/invoke/LambdaForm$DMH+0x00000008015f4000'
Event: 1474.927 Thread 0x000001d2f66cc250 Unloading class 0x00000008015f3c00 'java/lang/invoke/LambdaForm$DMH+0x00000008015f3c00'
Event: 1474.927 Thread 0x000001d2f66cc250 Unloading class 0x00000008015f3800 'java/lang/invoke/LambdaForm$DMH+0x00000008015f3800'
Event: 1474.927 Thread 0x000001d2f66cc250 Unloading class 0x00000008015f3400 'java/lang/invoke/LambdaForm$DMH+0x00000008015f3400'
Event: 1474.927 Thread 0x000001d2f66cc250 Unloading class 0x00000008015f3000 'java/lang/invoke/LambdaForm$DMH+0x00000008015f3000'
Event: 1474.927 Thread 0x000001d2f66cc250 Unloading class 0x00000008015f2c00 'java/lang/invoke/LambdaForm$DMH+0x00000008015f2c00'
Event: 1474.927 Thread 0x000001d2f66cc250 Unloading class 0x00000008015f2800 'java/lang/invoke/LambdaForm$DMH+0x00000008015f2800'
Event: 1474.927 Thread 0x000001d2f66cc250 Unloading class 0x00000008015f2400 'java/lang/invoke/LambdaForm$DMH+0x00000008015f2400'
Event: 1474.927 Thread 0x000001d2f66cc250 Unloading class 0x00000008015f2000 'java/lang/invoke/LambdaForm$DMH+0x00000008015f2000'
Event: 1474.927 Thread 0x000001d2f66cc250 Unloading class 0x00000008015f1c00 'java/lang/invoke/LambdaForm$DMH+0x00000008015f1c00'
Event: 1474.927 Thread 0x000001d2f66cc250 Unloading class 0x00000008015f1800 'java/lang/invoke/LambdaForm$DMH+0x00000008015f1800'
Event: 1474.927 Thread 0x000001d2f66cc250 Unloading class 0x00000008015f1400 'java/lang/invoke/LambdaForm$DMH+0x00000008015f1400'
Event: 1493.715 Thread 0x000001d2f66cc250 Unloading class 0x00000008012c4400 'jdk/internal/reflect/GeneratedMethodAccessor99'
Event: 1493.715 Thread 0x000001d2f66cc250 Unloading class 0x00000008012c4000 'jdk/internal/reflect/GeneratedMethodAccessor98'

Classes redefined (0 events):
No events

Internal exceptions (20 events):
Event: 1704.866 Thread 0x000001d2f8b17180 Exception <a 'sun/nio/fs/WindowsException'{0x000000071976fd08}> (0x000000071976fd08) 
thrown [t:\workspace\open\src\hotspot\share\prims\jni.cpp, line 516]
Event: 1704.866 Thread 0x000001d2f8b17180 Exception <a 'sun/nio/fs/WindowsException'{0x0000000719770a28}> (0x0000000719770a28) 
thrown [t:\workspace\open\src\hotspot\share\prims\jni.cpp, line 516]
Event: 1704.866 Thread 0x000001d2f8b17180 Exception <a 'sun/nio/fs/WindowsException'{0x0000000719771050}> (0x0000000719771050) 
thrown [t:\workspace\open\src\hotspot\share\prims\jni.cpp, line 516]
Event: 1704.867 Thread 0x000001d2f8b17180 Exception <a 'sun/nio/fs/WindowsException'{0x0000000719771948}> (0x0000000719771948) 
thrown [t:\workspace\open\src\hotspot\share\prims\jni.cpp, line 516]
Event: 1704.867 Thread 0x000001d2f8b17180 Exception <a 'sun/nio/fs/WindowsException'{0x0000000719772008}> (0x0000000719772008) 
thrown [t:\workspace\open\src\hotspot\share\prims\jni.cpp, line 516]
Event: 1704.867 Thread 0x000001d2f8b17180 Exception <a 'sun/nio/fs/WindowsException'{0x0000000719772900}> (0x0000000719772900) 
thrown [t:\workspace\open\src\hotspot\share\prims\jni.cpp, line 516]
Event: 1704.867 Thread 0x000001d2f8b17180 Exception <a 'sun/nio/fs/WindowsException'{0x0000000719773278}> (0x0000000719773278) 
thrown [t:\workspace\open\src\hotspot\share\prims\jni.cpp, line 516]
Event: 1704.868 Thread 0x000001d2f8b17180 Exception <a 'sun/nio/fs/WindowsException'{0x0000000719773c30}> (0x0000000719773c30) 
thrown [t:\workspace\open\src\hotspot\share\prims\jni.cpp, line 516]
Event: 1704.868 Thread 0x000001d2f8b17180 Exception <a 'sun/nio/fs/WindowsException'{0x00000007197745a8}> (0x00000007197745a8) 
thrown [t:\workspace\open\src\hotspot\share\prims\jni.cpp, line 516]
Event: 1704.868 Thread 0x000001d2f8b17180 Exception <a 'sun/nio/fs/WindowsException'{0x0000000719774ea0}> (0x0000000719774ea0) 
thrown [t:\workspace\open\src\hotspot\share\prims\jni.cpp, line 516]
Event: 1704.868 Thread 0x000001d2f8b17180 Exception <a 'sun/nio/fs/WindowsException'{0x00000007197754d0}> (0x00000007197754d0) 
thrown [t:\workspace\open\src\hotspot\share\prims\jni.cpp, line 516]
Event: 1704.869 Thread 0x000001d2f8b17180 Exception <a 'sun/nio/fs/WindowsException'{0x0000000719775d98}> (0x0000000719775d98) 
thrown [t:\workspace\open\src\hotspot\share\prims\jni.cpp, line 516]
Event: 1704.869 Thread 0x000001d2f8b17180 Exception <a 'sun/nio/fs/WindowsException'{0x00000007197766d0}> (0x00000007197766d0) 
thrown [t:\workspace\open\src\hotspot\share\prims\jni.cpp, line 516]
Event: 1704.870 Thread 0x000001d2f8b17180 Exception <a 'sun/nio/fs/WindowsException'{0x0000000719777378}> (0x0000000719777378) 
thrown [t:\workspace\open\src\hotspot\share\prims\jni.cpp, line 516]
Event: 1705.742 Thread 0x000001d2fbe4a370 Exception <a 'sun/nio/fs/WindowsException'{0x00000007196e44b0}> (0x00000007196e44b0) 
thrown [t:\workspace\open\src\hotspot\share\prims\jni.cpp, line 516]
Event: 1705.743 Thread 0x000001d2fbe4a370 Exception <a 'sun/nio/fs/WindowsException'{0x00000007196e4720}> (0x00000007196e4720) 
thrown [t:\workspace\open\src\hotspot\share\prims\jni.cpp, line 516]
Event: 1705.743 Thread 0x000001d2fbe4a370 Exception <a 'sun/nio/fs/WindowsException'{0x00000007196e4f68}> (0x00000007196e4f68) 
thrown [t:\workspace\open\src\hotspot\share\prims\jni.cpp, line 516]
Event: 1705.744 Thread 0x000001d2fbe4a370 Exception <a 'sun/nio/fs/WindowsException'{0x00000007196e6fb8}> (0x00000007196e6fb8) 
thrown [t:\workspace\open\src\hotspot\share\prims\jni.cpp, line 516]
Event: 1705.746 Thread 0x000001d2fbe4a370 Exception <a 'sun/nio/fs/WindowsException'{0x00000007196f6a40}> (0x00000007196f6a40) 
thrown [t:\workspace\open\src\hotspot\share\prims\jni.cpp, line 516]
Event: 1705.747 Thread 0x000001d2fbe4a370 Exception <a 'sun/nio/fs/WindowsException'{0x00000007196f8be8}> (0x00000007196f8be8) 
thrown [t:\workspace\open\src\hotspot\share\prims\jni.cpp, line 516]

VM Operations (20 events):
Event: 1574.199 Executing VM operation: Cleanup done
Event: 1576.208 Executing VM operation: Cleanup
Event: 1576.209 Executing VM operation: Cleanup done
Event: 1578.224 Executing VM operation: Cleanup
Event: 1578.224 Executing VM operation: Cleanup done
Event: 1579.226 Executing VM operation: Cleanup
Event: 1579.227 Executing VM operation: Cleanup done
Event: 1581.227 Executing VM operation: Cleanup
Event: 1581.228 Executing VM operation: Cleanup done
Event: 1582.228 Executing VM operation: Cleanup
Event: 1582.229 Executing VM operation: Cleanup done
Event: 1588.231 Executing VM operation: Cleanup
Event: 1588.231 Executing VM operation: Cleanup done
Event: 1590.232 Executing VM operation: Cleanup
Event: 1590.232 Executing VM operation: Cleanup done
Event: 1600.239 Executing VM operation: Cleanup
Event: 1600.239 Executing VM operation: Cleanup done
Event: 1705.482 Executing VM operation: Cleanup
Event: 1705.482 Executing VM operation: Cleanup done
Event: 1705.747 Executing VM operation: G1CollectForAllocation

Events (20 events):
Event: 1526.919 Thread 0x000001d2fbe4b1e0 Thread exited: 0x000001d2fbe4b1e0
Event: 1526.982 Thread 0x000001d2fbe211b0 Thread exited: 0x000001d2fbe211b0
Event: 1527.014 Thread 0x000001d2fbe229c0 Thread exited: 0x000001d2fbe229c0
Event: 1578.141 Thread 0x000001d2fa562450 Thread added: 0x000001d2fa562450
Event: 1588.337 Thread 0x000001d281132820 Thread added: 0x000001d281132820
Event: 1588.628 Thread 0x000001d2fbe25040 Thread added: 0x000001d2fbe25040
Event: 1588.629 Thread 0x000001d2fbe4c850 Thread added: 0x000001d2fbe4c850
Event: 1589.501 Thread 0x000001d2fa562450 Thread exited: 0x000001d2fa562450
Event: 1618.643 Thread 0x000001d2fbdc16d0 Thread exited: 0x000001d2fbdc16d0
Event: 1618.643 Thread 0x000001d281132820 Thread exited: 0x000001d281132820
Event: 1618.831 Thread 0x000001d2fbe4c850 Thread exited: 0x000001d2fbe4c850
Event: 1704.874 Thread 0x000001d2fbe211b0 Thread added: 0x000001d2fbe211b0
Event: 1705.335 loading class sun/util/calendar/JulianCalendar
Event: 1705.336 loading class sun/util/calendar/JulianCalendar done
Event: 1705.336 loading class sun/util/calendar/Era
Event: 1705.337 loading class sun/util/calendar/Era done
Event: 1705.337 loading class sun/util/calendar/ImmutableGregorianDate
Event: 1705.338 loading class sun/util/calendar/ImmutableGregorianDate done
Event: 1705.338 loading class sun/util/calendar/JulianCalendar$Date
Event: 1705.339 loading class sun/util/calendar/JulianCalendar$Date done


Dynamic libraries:
0x00007ff6b3b90000 - 0x00007ff6b3b9e000 	C:\Users\david\.jdks\openjdk-17.0.1\bin\java.EXE
0x00007ffc7c1b0000 - 0x00007ffc7c3a8000 	C:\Windows\SYSTEM32\ntdll.dll
0x00007ffc7b3f0000 - 0x00007ffc7b4af000 	C:\Windows\System32\KERNEL32.DLL
0x00007ffc798b0000 - 0x00007ffc79b82000 	C:\Windows\System32\KERNELBASE.dll
0x00007ffc79d20000 - 0x00007ffc79e20000 	C:\Windows\System32\ucrtbase.dll
0x00007ffc4fee0000 - 0x00007ffc4fef8000 	C:\Users\david\.jdks\openjdk-17.0.1\bin\jli.dll
0x00007ffc4ec40000 - 0x00007ffc4ec5a000 	C:\Users\david\.jdks\openjdk-17.0.1\bin\VCRUNTIME140.dll
0x00007ffc7aa10000 - 0x00007ffc7abad000 	C:\Windows\System32\USER32.dll
0x00007ffc7a160000 - 0x00007ffc7a182000 	C:\Windows\System32\win32u.dll
0x00007ffc7b3c0000 - 0x00007ffc7b3eb000 	C:\Windows\System32\GDI32.dll
0x00007ffc79ec0000 - 0x00007ffc79fcf000 	C:\Windows\System32\gdi32full.dll
0x00007ffc69260000 - 0x00007ffc694fa000 	C:\Windows\WinSxS\amd64_microsoft.windows.common-controls_6595b64144ccf1df_6.0.19041.1110_none_60b5254171f9507e\COMCTL32.dll
0x00007ffc79e20000 - 0x00007ffc79ebd000 	C:\Windows\System32\msvcp_win.dll
0x00007ffc7a360000 - 0x00007ffc7a3fe000 	C:\Windows\System32\msvcrt.dll
0x00007ffc7a200000 - 0x00007ffc7a232000 	C:\Windows\System32\IMM32.DLL
0x00007ffc68390000 - 0x00007ffc6839c000 	C:\Users\david\.jdks\openjdk-17.0.1\bin\vcruntime140_1.dll
0x00007ffc37410000 - 0x00007ffc3749d000 	C:\Users\david\.jdks\openjdk-17.0.1\bin\msvcp140.dll
0x00007ffbd8a30000 - 0x00007ffbd95ee000 	C:\Users\david\.jdks\openjdk-17.0.1\bin\server\jvm.dll
0x00007ffc7b310000 - 0x00007ffc7b3be000 	C:\Windows\System32\ADVAPI32.dll
0x00007ffc7c050000 - 0x00007ffc7c0ec000 	C:\Windows\System32\sechost.dll
0x00007ffc7a670000 - 0x00007ffc7a795000 	C:\Windows\System32\RPCRT4.dll
0x00007ffc7a460000 - 0x00007ffc7a468000 	C:\Windows\System32\PSAPI.DLL
0x00007ffc746b0000 - 0x00007ffc746b9000 	C:\Windows\SYSTEM32\WSOCK32.dll
0x00007ffc6feb0000 - 0x00007ffc6feba000 	C:\Windows\SYSTEM32\VERSION.dll
0x00007ffc76990000 - 0x00007ffc769b7000 	C:\Windows\SYSTEM32\WINMM.dll
0x00007ffc7a600000 - 0x00007ffc7a66b000 	C:\Windows\System32\WS2_32.dll
0x00007ffc78100000 - 0x00007ffc78112000 	C:\Windows\SYSTEM32\kernel.appcore.dll
0x00007ffc67bd0000 - 0x00007ffc67bda000 	C:\Users\david\.jdks\openjdk-17.0.1\bin\jimage.dll
0x00007ffc77920000 - 0x00007ffc77b04000 	C:\Windows\SYSTEM32\DBGHELP.DLL
0x00007ffc670e0000 - 0x00007ffc6710c000 	C:\Windows\SYSTEM32\dbgcore.DLL
0x00007ffc79fd0000 - 0x00007ffc7a052000 	C:\Windows\System32\bcryptPrimitives.dll
0x00007ffc6eb00000 - 0x00007ffc6eb0e000 	C:\Users\david\.jdks\openjdk-17.0.1\bin\instrument.dll
0x00007ffc46fa0000 - 0x00007ffc46fc5000 	C:\Users\david\.jdks\openjdk-17.0.1\bin\java.dll
0x00007ffc397c0000 - 0x00007ffc397fb000 	C:\Users\david\.jdks\openjdk-17.0.1\bin\jdwp.dll
0x00007ffc35940000 - 0x00007ffc35a16000 	C:\Users\david\.jdks\openjdk-17.0.1\bin\svml.dll
0x00007ffc7abc0000 - 0x00007ffc7b303000 	C:\Windows\System32\SHELL32.dll
0x00007ffc77180000 - 0x00007ffc77912000 	C:\Windows\SYSTEM32\windows.storage.dll
0x00007ffc7b670000 - 0x00007ffc7b9c4000 	C:\Windows\System32\combase.dll
0x00007ffc792a0000 - 0x00007ffc792d0000 	C:\Windows\SYSTEM32\Wldp.dll
0x00007ffc7a960000 - 0x00007ffc7aa0d000 	C:\Windows\System32\SHCORE.dll
0x00007ffc7bff0000 - 0x00007ffc7c045000 	C:\Windows\System32\shlwapi.dll
0x00007ffc797f0000 - 0x00007ffc7980f000 	C:\Windows\SYSTEM32\profapi.dll
0x00007ffc3a0c0000 - 0x00007ffc3a0d8000 	C:\Users\david\.jdks\openjdk-17.0.1\bin\zip.dll
0x00007ffc45160000 - 0x00007ffc45179000 	C:\Users\david\.jdks\openjdk-17.0.1\bin\net.dll
0x00007ffc71b30000 - 0x00007ffc71c3c000 	C:\Windows\SYSTEM32\WINHTTP.dll
0x00007ffc79000000 - 0x00007ffc7906a000 	C:\Windows\system32\mswsock.dll
0x00007ffc3a5b0000 - 0x00007ffc3a5c5000 	C:\Users\david\.jdks\openjdk-17.0.1\bin\nio.dll
0x00007ffc6eaf0000 - 0x00007ffc6eafc000 	C:\Users\david\.jdks\openjdk-17.0.1\bin\dt_socket.dll
0x00007ffc78c80000 - 0x00007ffc78cbb000 	C:\Windows\SYSTEM32\IPHLPAPI.DLL
0x00007ffc78cc0000 - 0x00007ffc78d8a000 	C:\Windows\SYSTEM32\DNSAPI.dll
0x00007ffc7abb0000 - 0x00007ffc7abb8000 	C:\Windows\System32\NSI.dll
0x00007ffc71570000 - 0x00007ffc7157a000 	C:\Windows\System32\rasadhlp.dll
0x00007ffc715c0000 - 0x00007ffc71640000 	C:\Windows\System32\fwpuclnt.dll
0x00007ffc79cf0000 - 0x00007ffc79d17000 	C:\Windows\System32\bcrypt.dll
0x00007ffc618e0000 - 0x00007ffc618f0000 	C:\Users\david\.jdks\openjdk-17.0.1\bin\verify.dll
0x00007ffc741a0000 - 0x00007ffc741a9000 	C:\Users\david\.jdks\openjdk-17.0.1\bin\management.dll
0x00007ffc73ca0000 - 0x00007ffc73cab000 	C:\Users\david\.jdks\openjdk-17.0.1\bin\management_ext.dll
0x00007ffc73c90000 - 0x00007ffc73c9a000 	C:\Users\david\AppData\Local\Temp\jansi-1.18-93fa3188adb8407f81dad04d08abc8192e4e380d.dll
0x00007ffc79200000 - 0x00007ffc79218000 	C:\Windows\SYSTEM32\CRYPTSP.dll
0x00007ffc78890000 - 0x00007ffc788c4000 	C:\Windows\system32\rsaenh.dll
0x00007ffc79770000 - 0x00007ffc7979e000 	C:\Windows\SYSTEM32\USERENV.dll
0x00007ffc791f0000 - 0x00007ffc791fc000 	C:\Windows\SYSTEM32\CRYPTBASE.dll
0x00007ffc72790000 - 0x00007ffc727a7000 	C:\Windows\SYSTEM32\dhcpcsvc6.DLL
0x00007ffc72dd0000 - 0x00007ffc72ded000 	C:\Windows\SYSTEM32\dhcpcsvc.DLL
0x00007ffc73c00000 - 0x00007ffc73c0e000 	C:\Users\david\.jdks\openjdk-17.0.1\bin\sunmscapi.dll
0x00007ffc79b90000 - 0x00007ffc79ce6000 	C:\Windows\System32\CRYPT32.dll
0x00007ffc79310000 - 0x00007ffc79337000 	C:\Windows\SYSTEM32\ncrypt.dll
0x00007ffc792d0000 - 0x00007ffc7930b000 	C:\Windows\SYSTEM32\NTASN1.dll
0x00007ffc6f780000 - 0x00007ffc6f787000 	C:\Windows\system32\wshunix.dll
0x00007ffc629f0000 - 0x00007ffc62a07000 	C:\Windows\system32\napinsp.dll
0x00007ffc629d0000 - 0x00007ffc629eb000 	C:\Windows\system32\pnrpnsp.dll
0x00007ffc629b0000 - 0x00007ffc629c5000 	C:\Windows\system32\wshbth.dll
0x00007ffc73280000 - 0x00007ffc7329d000 	C:\Windows\system32\NLAapi.dll
0x00007ffc61d10000 - 0x00007ffc61d22000 	C:\Windows\System32\winrnr.dll

dbghelp: loaded successfully - version: 4.0.5 - missing functions: none
symbol engine: initialized successfully - sym options: 0x614 - pdb path: .;C:\Users\david\.jdks\openjdk-17.0.1\bin;C:\Windows\SYSTEM32;C:\Windows\WinSxS\amd64_microsoft.windows.common-controls_6595b64144ccf1df_6.0.19041.1110_none_60b5254171f9507e;C:\Users\david\.jdks\openjdk-17.0.1\bin\server;C:\Users\david\AppData\Local\Temp

VM Arguments:
jvm_args: -Dio.quarkus.force-color-support=true -Dquarkus-internal.serialized-app-model.path=D:\4bhitm\ITP\git-latest-5bhitm\backend\target\quarkus\bootstrap\dev-app-model.dat -javaagent:C:\Users\david\.m2\repository\io\quarkus\quarkus-class-change-agent\2.7.1.Final\quarkus-class-change-agent-2.7.1.Final.jar -XX:TieredStopAtLevel=1 -agentlib:jdwp=transport=dt_socket,address=localhost:5005,server=y,suspend=n -Djava.util.logging.manager=org.jboss.logmanager.LogManager 
java_command: D:\4bhitm\ITP\git-latest-5bhitm\backend\target\pickngo-dev.jar
java_class_path (initial): D:\4bhitm\ITP\git-latest-5bhitm\backend\target\pickngo-dev.jar
Launcher Type: SUN_STANDARD

[Global flags]
     intx CICompilerCount                          = 4                                         {product} {ergonomic}
     uint ConcGCThreads                            = 3                                         {product} {ergonomic}
     uint G1ConcRefinementThreads                  = 10                                        {product} {ergonomic}
   size_t G1HeapRegionSize                         = 2097152                                   {product} {ergonomic}
    uintx GCDrainStackTargetSize                   = 64                                        {product} {ergonomic}
   size_t InitialHeapSize                          = 257949696                                 {product} {ergonomic}
   size_t MarkStackSize                            = 4194304                                   {product} {ergonomic}
   size_t MaxHeapSize                              = 4127195136                                {product} {ergonomic}
   size_t MaxNewSize                               = 2474639360                                {product} {ergonomic}
   size_t MinHeapDeltaBytes                        = 2097152                                   {product} {ergonomic}
   size_t MinHeapSize                              = 8388608                                   {product} {ergonomic}
    uintx NonProfiledCodeHeapSize                  = 0                                      {pd product} {ergonomic}
     bool ProfileInterpreter                       = false                                  {pd product} {command line}
    uintx ProfiledCodeHeapSize                     = 0                                      {pd product} {ergonomic}
   size_t SoftMaxHeapSize                          = 4127195136                             {manageable} {ergonomic}
     intx TieredStopAtLevel                        = 1                                         {product} {command line}
     bool UseCompressedClassPointers               = true                           {product lp64_product} {ergonomic}
     bool UseCompressedOops                        = true                           {product lp64_product} {ergonomic}
     bool UseG1GC                                  = true                                      {product} {ergonomic}
     bool UseLargePagesIndividualAllocation        = false                                  {pd product} {ergonomic}

Logging:
Log output configuration:
 #0: stdout all=warning uptime,level,tags
 #1: stderr all=off uptime,level,tags

Environment Variables:
JAVA_HOME=C:\Users\david\.jdks\openjdk-17.0.1
PATH=C:\Program Files (x86)\VMware\VMware Player\bin\;C:\Program Files (x86)\Common Files\Intel\Shared Libraries\redist\intel64_win\compiler;C:\Windows\system32;C:\Windows;C:\Windows\System32\Wbem;C:\Windows\System32\WindowsPowerShell\v1.0\;C:\Windows\System32\OpenSSH\;C:\Program Files\PuTTY\;C:\Program Files\nodejs\;C:\Program Files\Git\cmd;C:\Program Files (x86)\BaseX\bin;C:\Strawberry\c\bin;C:\Strawberry\perl\site\bin;C:\Strawberry\perl\bin;C:\Program Files\Docker\Docker\resources\bin;C:\Users\david\AppData\Local\Microsoft\WindowsApps;C:\Users\david\AppData\Local\Programs\Microsoft VS Code\bin;C:\Users\david\AppData\Roaming\npm;C:\Users\david\.jdks\openjdk-17.0.1\bin;C:\Users\david\AppData\Local\Programs\MiKTeX\miktex\bin\x64\;C:\Users\david\AppData\Local\JetBrains\Toolbox\scripts
USERNAME=david
OS=Windows_NT
PROCESSOR_IDENTIFIER=AMD64 Family 23 Model 96 Stepping 1, AuthenticAMD



---------------  S Y S T E M  ---------------

OS:
 Windows 10 , 64 bit Build 19041 (10.0.19041.2251)
OS uptime: 27 days 12:25 hours
Hyper-V role detected

CPU: total 12 (initial active 12) (12 cores per cpu, 2 threads per core) family 23 model 96 stepping 1 microcode 0x0, cx8, cmov, fxsr, ht, mmx, 3dnowpref, sse, sse2, sse3, ssse3, sse4a, sse4.1, sse4.2, popcnt, lzcnt, tsc, tscinvbit, avx, avx2, aes, clmul, bmi1, bmi2, adx, sha, fma, vzeroupper, clflush, clflushopt, hv

Memory: 4k page, system-wide physical 15741M (443M free)
TotalPageFile size 28177M (AvailPageFile size 45M)
current process WorkingSet (physical memory assigned to process): 594M, peak: 596M
current process commit charge ("private bytes"): 810M, peak: 1436M

vm_info: OpenJDK 64-Bit Server VM (17.0.1+12-39) for windows-amd64 JRE (17.0.1+12-39), built on Sep 27 2021 18:39:29 by "mach5one" with MS VC++ 16.8 (VS2019)

END.
